#
# There is insufficient memory for the Java Runtime Environment to continue.
# Native memory allocation (malloc) failed to allocate 1481808 bytes. Error detail: Chunk::new
# Possible reasons:
#   The system is out of physical RAM or swap space
#   This process is running with CompressedOops enabled, and the Java Heap may be blocking the growth of the native heap
# Possible solutions:
#   Reduce memory load on the system
#   Increase physical memory or swap space
#   Check if swap backing store is full
#   Decrease Java heap size (-Xmx/-Xms)
#   Decrease number of Java threads
#   Decrease Java thread stack sizes (-Xss)
#   Set larger code cache with -XX:ReservedCodeCacheSize=
#   JVM is running with Unscaled Compressed Oops mode in which the Java heap is
#     placed in the first 4GB address space. The Java Heap base address is the
#     maximum limit for the native heap growth. Please use -XX:HeapBaseMinAddress
#     to set the Java Heap base and to place the Java Heap above 4GB virtual address.
# This output file may be truncated or incomplete.
#
#  Out of Memory Error (arena.cpp:162), pid=15260, tid=24664
#
# JRE version: OpenJDK Runtime Environment Zulu24.30+11-CA (24.0.1+9) (build 24.0.1+9)
# Java VM: OpenJDK 64-Bit Server VM Zulu24.30+11-CA (24.0.1+9, mixed mode, sharing, tiered, compressed oops, compressed class ptrs, g1 gc, windows-amd64)
# No core dump will be written. Minidumps are not enabled by default on client versions of Windows
#

---------------  S U M M A R Y ------------

Command Line: -Dfile.encoding=UTF-8 --module-path=D:\Documents\NetBeansProjects\Hotel Management System\build\classes hotel.management.system.Pickup

Host: Intel(R) Core(TM) i5-10210U CPU @ 1.60GHz, 8 cores, 7G,  Windows 11 , 64 bit Build 26100 (10.0.26100.4484)
Time: Wed Jul 23 16:54:56 2025 India Standard Time elapsed time: 9356.419831 seconds (0d 2h 35m 56s)

---------------  T H R E A D  ---------------

Current thread (0x000000001ff31500):  JavaThread "C2 CompilerThread0" daemon [_thread_in_native, id=24664, stack(0x0000000020970000,0x0000000020a70000) (1024K)]


Current CompileTask:
C2:9356420 2119       4       java.lang.String::replace (42 bytes)

Stack: [0x0000000020970000,0x0000000020a70000]
Native frames: (J=compiled Java code, j=interpreted, Vv=VM code, C=native code)
V  [jvm.dll+0x7410c9]  (no source info available)
V  [jvm.dll+0x97def3]  (no source info available)
V  [jvm.dll+0x98021d]  (no source info available)
V  [jvm.dll+0x980893]  (no source info available)
V  [jvm.dll+0x2b5b16]  (no source info available)
V  [jvm.dll+0xd019f]  (no source info available)
V  [jvm.dll+0xd03ff]  (no source info available)
V  [jvm.dll+0x15b8bf]  (no source info available)
V  [jvm.dll+0x74698f]  (no source info available)
V  [jvm.dll+0x27a528]  (no source info available)
V  [jvm.dll+0x279641]  (no source info available)
V  [jvm.dll+0x1f313a]  (no source info available)
V  [jvm.dll+0x288e35]  (no source info available)
V  [jvm.dll+0x2870ca]  (no source info available)
V  [jvm.dll+0x43df56]  (no source info available)
V  [jvm.dll+0x920928]  (no source info available)
V  [jvm.dll+0x73f855]  (no source info available)
C  [ucrtbase.dll+0x37b0]  (no source info available)
C  [KERNEL32.DLL+0x2e8d7]  (no source info available)
C  [ntdll.dll+0x3c34c]  (no source info available)

Lock stack of current Java thread (top to bottom):


---------------  P R O C E S S  ---------------

Threads class SMR info:
_java_thread_list=0x0000000066990690, length=17, elements={
0x000000001ff224f0, 0x000000001ff22e30, 0x000000001ff26440, 0x000000001ff272a0,
0x000000001ff27c10, 0x000000001ff2d730, 0x000000001ff31500, 0x000000001ff34200,
0x000000001ff2f470, 0x000000001ff2c890, 0x000000001ff2c140, 0x000000001ff2e5d0,
0x000000001ff2ed20, 0x000000001ff2de80, 0x000000006831a4f0, 0x0000000068317910,
0x000000006831b390
}

Java Threads: ( => current thread )
  0x000000001ff224f0 JavaThread "Reference Handler"          daemon [_thread_blocked, id=15996, stack(0x0000000020370000,0x0000000020470000) (1024K)]
  0x000000001ff22e30 JavaThread "Finalizer"                  daemon [_thread_blocked, id=22740, stack(0x0000000020470000,0x0000000020570000) (1024K)]
  0x000000001ff26440 JavaThread "Signal Dispatcher"          daemon [_thread_blocked, id=8340, stack(0x0000000020570000,0x0000000020670000) (1024K)]
  0x000000001ff272a0 JavaThread "Attach Listener"            daemon [_thread_blocked, id=17532, stack(0x0000000020670000,0x0000000020770000) (1024K)]
  0x000000001ff27c10 JavaThread "Service Thread"             daemon [_thread_blocked, id=17156, stack(0x0000000020770000,0x0000000020870000) (1024K)]
  0x000000001ff2d730 JavaThread "Monitor Deflation Thread"   daemon [_thread_blocked, id=18872, stack(0x0000000020870000,0x0000000020970000) (1024K)]
=>0x000000001ff31500 JavaThread "C2 CompilerThread0"         daemon [_thread_in_native, id=24664, stack(0x0000000020970000,0x0000000020a70000) (1024K)]
  0x000000001ff34200 JavaThread "C1 CompilerThread0"         daemon [_thread_blocked, id=1956, stack(0x0000000020a70000,0x0000000020b70000) (1024K)]
  0x000000001ff2f470 JavaThread "Common-Cleaner"             daemon [_thread_blocked, id=22504, stack(0x0000000066000000,0x0000000066100000) (1024K)]
  0x000000001ff2c890 JavaThread "Notification Thread"        daemon [_thread_blocked, id=5560, stack(0x0000000066260000,0x0000000066360000) (1024K)]
  0x000000001ff2c140 JavaThread "Java2D Disposer"            daemon [_thread_blocked, id=22940, stack(0x0000000066d10000,0x0000000066e10000) (1024K)]
  0x000000001ff2e5d0 JavaThread "AWT-Shutdown"                      [_thread_blocked, id=23528, stack(0x0000000066e10000,0x0000000066f10000) (1024K)]
  0x000000001ff2ed20 JavaThread "AWT-Windows"                daemon [_thread_in_native, id=1668, stack(0x0000000066f10000,0x0000000067010000) (1024K)]
  0x000000001ff2de80 JavaThread "mysql-cj-abandoned-connection-cleanup" daemon [_thread_blocked, id=13776, stack(0x0000000067920000,0x0000000067a20000) (1024K)]
  0x000000006831a4f0 JavaThread "AWT-EventQueue-0"                  [_thread_blocked, id=24248, stack(0x0000000068e30000,0x0000000068f30000) (1024K)]
  0x0000000068317910 JavaThread "DestroyJavaVM"                     [_thread_blocked, id=22160, stack(0x0000000000c10000,0x0000000000d10000) (1024K)]
  0x000000006831b390 JavaThread "TimerQueue"                 daemon [_thread_blocked, id=18480, stack(0x0000000067a20000,0x0000000067b20000) (1024K)]
Total: 17

Other Threads:
  0x000000001ff10de0 VMThread "VM Thread"                           [id=21928, stack(0x0000000020270000,0x0000000020370000) (1024K)]
  0x0000000002c61a40 WatcherThread "VM Periodic Task Thread"        [id=2764, stack(0x0000000020170000,0x0000000020270000) (1024K)]
  0x0000000002cbf3c0 WorkerThread "GC Thread#0"                     [id=2240, stack(0x000000001d1e0000,0x000000001d2e0000) (1024K)]
  0x0000000002cd3f80 ConcurrentGCThread "G1 Main Marker"            [id=6540, stack(0x000000001d2e0000,0x000000001d3e0000) (1024K)]
  0x0000000002cd5780 WorkerThread "G1 Conc#0"                       [id=9880, stack(0x000000001d3e0000,0x000000001d4e0000) (1024K)]
  0x0000000002d2e4e0 ConcurrentGCThread "G1 Refine#0"               [id=15748, stack(0x000000001ff70000,0x0000000020070000) (1024K)]
  0x000000001fdb62e0 ConcurrentGCThread "G1 Service"                [id=7828, stack(0x0000000020070000,0x0000000020170000) (1024K)]
Total: 7

Threads with active compile tasks:
C2 CompilerThread0  9356460 2119       4       java.lang.String::replace (42 bytes)
Total: 1

VM state: not at safepoint (normal execution)

VM Mutex/Monitor currently owned by a thread: None

Heap address: 0x0000000082a00000, size: 2006 MB, Compressed Oops mode: 32-bit

CDS archive(s) mapped at: [0x0000000021000000-0x0000000021d40000-0x0000000021d40000), size 13893632, SharedBaseAddress: 0x0000000021000000, ArchiveRelocationMode: 1.
Compressed class space mapped at: 0x0000000022000000-0x0000000062000000, reserved size: 1073741824
UseCompressedClassPointers 1, UseCompactObjectHeaders 0
Narrow klass pointer bits 32, Max shift 3
Narrow klass base: 0x0000000021000000, Narrow klass shift: 0
Encoding Range: [0x0000000021000000 - 0x0000000121000000), (4294967296 bytes)
Klass Range:    [0x0000000021000000 - 0x0000000062000000), (1090519040 bytes)
Klass ID Range:  [8 - 1090519033) (1090519025)

GC Precious Log:
 CardTable entry size: 512
 Card Set container configuration: InlinePtr #cards 5 size 8 Array Of Cards #cards 10 size 36 Howl #buckets 4 coarsen threshold 1843 Howl Bitmap #cards 512 size 80 coarsen threshold 460 Card regions per heap region 1 cards per card region 2048
 CPUs: 8 total, 8 available
 Memory: 8022M
 Large Page Support: Disabled
 NUMA Support: Disabled
 Compressed Oops: Enabled (32-bit)
 Heap Region Size: 1M
 Heap Min Capacity: 8M
 Heap Initial Capacity: 126M
 Heap Max Capacity: 2006M
 Pre-touch: Disabled
 Parallel Workers: 8
 Concurrent Workers: 2
 Concurrent Refinement Workers: 8
 Periodic GC: Disabled

Heap:
 garbage-first heap   total reserved 2054144K, committed 131072K, used 33904K [0x0000000082a00000, 0x0000000100000000)
  region size 1024K, 29 young (29696K), 0 survivors (0K)
 Metaspace       used 16866K, committed 17152K, reserved 1114112K
  class space    used 1532K, committed 1664K, reserved 1048576K

Heap Regions: E=young(eden), S=young(survivor), O=old, HS=humongous(starts), HC=humongous(continues), CS=collection set, F=free, TAMS=top-at-mark-start, PB=parsable bottom
|   0|0x0000000082a00000, 0x0000000082b00000, 0x0000000082b00000|100%|HS|  |TAMS 0x0000000082a00000| PB 0x0000000082a00000| Complete |  0
|   1|0x0000000082b00000, 0x0000000082c00000, 0x0000000082c00000|100%|HC|  |TAMS 0x0000000082b00000| PB 0x0000000082b00000| Complete |  0
|   2|0x0000000082c00000, 0x0000000082d00000, 0x0000000082d00000|100%|HC|  |TAMS 0x0000000082c00000| PB 0x0000000082c00000| Complete |  0
|   3|0x0000000082d00000, 0x0000000082e00000, 0x0000000082e00000|100%|HC|  |TAMS 0x0000000082d00000| PB 0x0000000082d00000| Complete |  0
|   4|0x0000000082e00000, 0x0000000082e00000, 0x0000000082f00000|  0%| F|  |TAMS 0x0000000082e00000| PB 0x0000000082e00000| Untracked |  0
|   5|0x0000000082f00000, 0x0000000082f00000, 0x0000000083000000|  0%| F|  |TAMS 0x0000000082f00000| PB 0x0000000082f00000| Untracked |  0
|   6|0x0000000083000000, 0x0000000083000000, 0x0000000083100000|  0%| F|  |TAMS 0x0000000083000000| PB 0x0000000083000000| Untracked |  0
|   7|0x0000000083100000, 0x0000000083100000, 0x0000000083200000|  0%| F|  |TAMS 0x0000000083100000| PB 0x0000000083100000| Untracked |  0
|   8|0x0000000083200000, 0x0000000083200000, 0x0000000083300000|  0%| F|  |TAMS 0x0000000083200000| PB 0x0000000083200000| Untracked |  0
|   9|0x0000000083300000, 0x0000000083300000, 0x0000000083400000|  0%| F|  |TAMS 0x0000000083300000| PB 0x0000000083300000| Untracked |  0
|  10|0x0000000083400000, 0x0000000083400000, 0x0000000083500000|  0%| F|  |TAMS 0x0000000083400000| PB 0x0000000083400000| Untracked |  0
|  11|0x0000000083500000, 0x0000000083500000, 0x0000000083600000|  0%| F|  |TAMS 0x0000000083500000| PB 0x0000000083500000| Untracked |  0
|  12|0x0000000083600000, 0x0000000083600000, 0x0000000083700000|  0%| F|  |TAMS 0x0000000083600000| PB 0x0000000083600000| Untracked |  0
|  13|0x0000000083700000, 0x0000000083700000, 0x0000000083800000|  0%| F|  |TAMS 0x0000000083700000| PB 0x0000000083700000| Untracked |  0
|  14|0x0000000083800000, 0x0000000083800000, 0x0000000083900000|  0%| F|  |TAMS 0x0000000083800000| PB 0x0000000083800000| Untracked |  0
|  15|0x0000000083900000, 0x0000000083900000, 0x0000000083a00000|  0%| F|  |TAMS 0x0000000083900000| PB 0x0000000083900000| Untracked |  0
|  16|0x0000000083a00000, 0x0000000083a00000, 0x0000000083b00000|  0%| F|  |TAMS 0x0000000083a00000| PB 0x0000000083a00000| Untracked |  0
|  17|0x0000000083b00000, 0x0000000083b00000, 0x0000000083c00000|  0%| F|  |TAMS 0x0000000083b00000| PB 0x0000000083b00000| Untracked |  0
|  18|0x0000000083c00000, 0x0000000083c00000, 0x0000000083d00000|  0%| F|  |TAMS 0x0000000083c00000| PB 0x0000000083c00000| Untracked |  0
|  19|0x0000000083d00000, 0x0000000083d00000, 0x0000000083e00000|  0%| F|  |TAMS 0x0000000083d00000| PB 0x0000000083d00000| Untracked |  0
|  20|0x0000000083e00000, 0x0000000083e00000, 0x0000000083f00000|  0%| F|  |TAMS 0x0000000083e00000| PB 0x0000000083e00000| Untracked |  0
|  21|0x0000000083f00000, 0x0000000083f00000, 0x0000000084000000|  0%| F|  |TAMS 0x0000000083f00000| PB 0x0000000083f00000| Untracked |  0
|  22|0x0000000084000000, 0x0000000084000000, 0x0000000084100000|  0%| F|  |TAMS 0x0000000084000000| PB 0x0000000084000000| Untracked |  0
|  23|0x0000000084100000, 0x0000000084100000, 0x0000000084200000|  0%| F|  |TAMS 0x0000000084100000| PB 0x0000000084100000| Untracked |  0
|  24|0x0000000084200000, 0x0000000084200000, 0x0000000084300000|  0%| F|  |TAMS 0x0000000084200000| PB 0x0000000084200000| Untracked |  0
|  25|0x0000000084300000, 0x0000000084300000, 0x0000000084400000|  0%| F|  |TAMS 0x0000000084300000| PB 0x0000000084300000| Untracked |  0
|  26|0x0000000084400000, 0x0000000084400000, 0x0000000084500000|  0%| F|  |TAMS 0x0000000084400000| PB 0x0000000084400000| Untracked |  0
|  27|0x0000000084500000, 0x0000000084500000, 0x0000000084600000|  0%| F|  |TAMS 0x0000000084500000| PB 0x0000000084500000| Untracked |  0
|  28|0x0000000084600000, 0x0000000084600000, 0x0000000084700000|  0%| F|  |TAMS 0x0000000084600000| PB 0x0000000084600000| Untracked |  0
|  29|0x0000000084700000, 0x0000000084700000, 0x0000000084800000|  0%| F|  |TAMS 0x0000000084700000| PB 0x0000000084700000| Untracked |  0
|  30|0x0000000084800000, 0x0000000084800000, 0x0000000084900000|  0%| F|  |TAMS 0x0000000084800000| PB 0x0000000084800000| Untracked |  0
|  31|0x0000000084900000, 0x0000000084900000, 0x0000000084a00000|  0%| F|  |TAMS 0x0000000084900000| PB 0x0000000084900000| Untracked |  0
|  32|0x0000000084a00000, 0x0000000084a00000, 0x0000000084b00000|  0%| F|  |TAMS 0x0000000084a00000| PB 0x0000000084a00000| Untracked |  0
|  33|0x0000000084b00000, 0x0000000084b00000, 0x0000000084c00000|  0%| F|  |TAMS 0x0000000084b00000| PB 0x0000000084b00000| Untracked |  0
|  34|0x0000000084c00000, 0x0000000084c00000, 0x0000000084d00000|  0%| F|  |TAMS 0x0000000084c00000| PB 0x0000000084c00000| Untracked |  0
|  35|0x0000000084d00000, 0x0000000084d00000, 0x0000000084e00000|  0%| F|  |TAMS 0x0000000084d00000| PB 0x0000000084d00000| Untracked |  0
|  36|0x0000000084e00000, 0x0000000084e00000, 0x0000000084f00000|  0%| F|  |TAMS 0x0000000084e00000| PB 0x0000000084e00000| Untracked |  0
|  37|0x0000000084f00000, 0x0000000084f00000, 0x0000000085000000|  0%| F|  |TAMS 0x0000000084f00000| PB 0x0000000084f00000| Untracked |  0
|  38|0x0000000085000000, 0x0000000085000000, 0x0000000085100000|  0%| F|  |TAMS 0x0000000085000000| PB 0x0000000085000000| Untracked |  0
|  39|0x0000000085100000, 0x0000000085100000, 0x0000000085200000|  0%| F|  |TAMS 0x0000000085100000| PB 0x0000000085100000| Untracked |  0
|  40|0x0000000085200000, 0x0000000085200000, 0x0000000085300000|  0%| F|  |TAMS 0x0000000085200000| PB 0x0000000085200000| Untracked |  0
|  41|0x0000000085300000, 0x0000000085300000, 0x0000000085400000|  0%| F|  |TAMS 0x0000000085300000| PB 0x0000000085300000| Untracked |  0
|  42|0x0000000085400000, 0x0000000085400000, 0x0000000085500000|  0%| F|  |TAMS 0x0000000085400000| PB 0x0000000085400000| Untracked |  0
|  43|0x0000000085500000, 0x0000000085500000, 0x0000000085600000|  0%| F|  |TAMS 0x0000000085500000| PB 0x0000000085500000| Untracked |  0
|  44|0x0000000085600000, 0x0000000085600000, 0x0000000085700000|  0%| F|  |TAMS 0x0000000085600000| PB 0x0000000085600000| Untracked |  0
|  45|0x0000000085700000, 0x0000000085700000, 0x0000000085800000|  0%| F|  |TAMS 0x0000000085700000| PB 0x0000000085700000| Untracked |  0
|  46|0x0000000085800000, 0x0000000085800000, 0x0000000085900000|  0%| F|  |TAMS 0x0000000085800000| PB 0x0000000085800000| Untracked |  0
|  47|0x0000000085900000, 0x0000000085900000, 0x0000000085a00000|  0%| F|  |TAMS 0x0000000085900000| PB 0x0000000085900000| Untracked |  0
|  48|0x0000000085a00000, 0x0000000085a00000, 0x0000000085b00000|  0%| F|  |TAMS 0x0000000085a00000| PB 0x0000000085a00000| Untracked |  0
|  49|0x0000000085b00000, 0x0000000085b00000, 0x0000000085c00000|  0%| F|  |TAMS 0x0000000085b00000| PB 0x0000000085b00000| Untracked |  0
|  50|0x0000000085c00000, 0x0000000085c00000, 0x0000000085d00000|  0%| F|  |TAMS 0x0000000085c00000| PB 0x0000000085c00000| Untracked |  0
|  51|0x0000000085d00000, 0x0000000085d00000, 0x0000000085e00000|  0%| F|  |TAMS 0x0000000085d00000| PB 0x0000000085d00000| Untracked |  0
|  52|0x0000000085e00000, 0x0000000085e00000, 0x0000000085f00000|  0%| F|  |TAMS 0x0000000085e00000| PB 0x0000000085e00000| Untracked |  0
|  53|0x0000000085f00000, 0x0000000085f00000, 0x0000000086000000|  0%| F|  |TAMS 0x0000000085f00000| PB 0x0000000085f00000| Untracked |  0
|  54|0x0000000086000000, 0x0000000086000000, 0x0000000086100000|  0%| F|  |TAMS 0x0000000086000000| PB 0x0000000086000000| Untracked |  0
|  55|0x0000000086100000, 0x0000000086100000, 0x0000000086200000|  0%| F|  |TAMS 0x0000000086100000| PB 0x0000000086100000| Untracked |  0
|  56|0x0000000086200000, 0x0000000086200000, 0x0000000086300000|  0%| F|  |TAMS 0x0000000086200000| PB 0x0000000086200000| Untracked |  0
|  57|0x0000000086300000, 0x0000000086300000, 0x0000000086400000|  0%| F|  |TAMS 0x0000000086300000| PB 0x0000000086300000| Untracked |  0
|  58|0x0000000086400000, 0x0000000086400000, 0x0000000086500000|  0%| F|  |TAMS 0x0000000086400000| PB 0x0000000086400000| Untracked |  0
|  59|0x0000000086500000, 0x0000000086500000, 0x0000000086600000|  0%| F|  |TAMS 0x0000000086500000| PB 0x0000000086500000| Untracked |  0
|  60|0x0000000086600000, 0x0000000086600000, 0x0000000086700000|  0%| F|  |TAMS 0x0000000086600000| PB 0x0000000086600000| Untracked |  0
|  61|0x0000000086700000, 0x0000000086700000, 0x0000000086800000|  0%| F|  |TAMS 0x0000000086700000| PB 0x0000000086700000| Untracked |  0
|  62|0x0000000086800000, 0x0000000086800000, 0x0000000086900000|  0%| F|  |TAMS 0x0000000086800000| PB 0x0000000086800000| Untracked |  0
|  63|0x0000000086900000, 0x0000000086900000, 0x0000000086a00000|  0%| F|  |TAMS 0x0000000086900000| PB 0x0000000086900000| Untracked |  0
|  64|0x0000000086a00000, 0x0000000086a00000, 0x0000000086b00000|  0%| F|  |TAMS 0x0000000086a00000| PB 0x0000000086a00000| Untracked |  0
|  65|0x0000000086b00000, 0x0000000086b00000, 0x0000000086c00000|  0%| F|  |TAMS 0x0000000086b00000| PB 0x0000000086b00000| Untracked |  0
|  66|0x0000000086c00000, 0x0000000086c00000, 0x0000000086d00000|  0%| F|  |TAMS 0x0000000086c00000| PB 0x0000000086c00000| Untracked |  0
|  67|0x0000000086d00000, 0x0000000086d00000, 0x0000000086e00000|  0%| F|  |TAMS 0x0000000086d00000| PB 0x0000000086d00000| Untracked |  0
|  68|0x0000000086e00000, 0x0000000086e00000, 0x0000000086f00000|  0%| F|  |TAMS 0x0000000086e00000| PB 0x0000000086e00000| Untracked |  0
|  69|0x0000000086f00000, 0x0000000086f00000, 0x0000000087000000|  0%| F|  |TAMS 0x0000000086f00000| PB 0x0000000086f00000| Untracked |  0
|  70|0x0000000087000000, 0x0000000087000000, 0x0000000087100000|  0%| F|  |TAMS 0x0000000087000000| PB 0x0000000087000000| Untracked |  0
|  71|0x0000000087100000, 0x0000000087100000, 0x0000000087200000|  0%| F|  |TAMS 0x0000000087100000| PB 0x0000000087100000| Untracked |  0
|  72|0x0000000087200000, 0x0000000087200000, 0x0000000087300000|  0%| F|  |TAMS 0x0000000087200000| PB 0x0000000087200000| Untracked |  0
|  73|0x0000000087300000, 0x0000000087300000, 0x0000000087400000|  0%| F|  |TAMS 0x0000000087300000| PB 0x0000000087300000| Untracked |  0
|  74|0x0000000087400000, 0x0000000087400000, 0x0000000087500000|  0%| F|  |TAMS 0x0000000087400000| PB 0x0000000087400000| Untracked |  0
|  75|0x0000000087500000, 0x0000000087500000, 0x0000000087600000|  0%| F|  |TAMS 0x0000000087500000| PB 0x0000000087500000| Untracked |  0
|  76|0x0000000087600000, 0x0000000087600000, 0x0000000087700000|  0%| F|  |TAMS 0x0000000087600000| PB 0x0000000087600000| Untracked |  0
|  77|0x0000000087700000, 0x0000000087700000, 0x0000000087800000|  0%| F|  |TAMS 0x0000000087700000| PB 0x0000000087700000| Untracked |  0
|  78|0x0000000087800000, 0x0000000087800000, 0x0000000087900000|  0%| F|  |TAMS 0x0000000087800000| PB 0x0000000087800000| Untracked |  0
|  79|0x0000000087900000, 0x0000000087900000, 0x0000000087a00000|  0%| F|  |TAMS 0x0000000087900000| PB 0x0000000087900000| Untracked |  0
|  80|0x0000000087a00000, 0x0000000087a00000, 0x0000000087b00000|  0%| F|  |TAMS 0x0000000087a00000| PB 0x0000000087a00000| Untracked |  0
|  81|0x0000000087b00000, 0x0000000087b00000, 0x0000000087c00000|  0%| F|  |TAMS 0x0000000087b00000| PB 0x0000000087b00000| Untracked |  0
|  82|0x0000000087c00000, 0x0000000087c00000, 0x0000000087d00000|  0%| F|  |TAMS 0x0000000087c00000| PB 0x0000000087c00000| Untracked |  0
|  83|0x0000000087d00000, 0x0000000087d00000, 0x0000000087e00000|  0%| F|  |TAMS 0x0000000087d00000| PB 0x0000000087d00000| Untracked |  0
|  84|0x0000000087e00000, 0x0000000087e00000, 0x0000000087f00000|  0%| F|  |TAMS 0x0000000087e00000| PB 0x0000000087e00000| Untracked |  0
|  85|0x0000000087f00000, 0x0000000087f00000, 0x0000000088000000|  0%| F|  |TAMS 0x0000000087f00000| PB 0x0000000087f00000| Untracked |  0
|  86|0x0000000088000000, 0x0000000088000000, 0x0000000088100000|  0%| F|  |TAMS 0x0000000088000000| PB 0x0000000088000000| Untracked |  0
|  87|0x0000000088100000, 0x0000000088100000, 0x0000000088200000|  0%| F|  |TAMS 0x0000000088100000| PB 0x0000000088100000| Untracked |  0
|  88|0x0000000088200000, 0x0000000088200000, 0x0000000088300000|  0%| F|  |TAMS 0x0000000088200000| PB 0x0000000088200000| Untracked |  0
|  89|0x0000000088300000, 0x0000000088300000, 0x0000000088400000|  0%| F|  |TAMS 0x0000000088300000| PB 0x0000000088300000| Untracked |  0
|  90|0x0000000088400000, 0x0000000088400000, 0x0000000088500000|  0%| F|  |TAMS 0x0000000088400000| PB 0x0000000088400000| Untracked |  0
|  91|0x0000000088500000, 0x0000000088500000, 0x0000000088600000|  0%| F|  |TAMS 0x0000000088500000| PB 0x0000000088500000| Untracked |  0
|  92|0x0000000088600000, 0x0000000088600000, 0x0000000088700000|  0%| F|  |TAMS 0x0000000088600000| PB 0x0000000088600000| Untracked |  0
|  93|0x0000000088700000, 0x0000000088700000, 0x0000000088800000|  0%| F|  |TAMS 0x0000000088700000| PB 0x0000000088700000| Untracked |  0
|  94|0x0000000088800000, 0x0000000088800000, 0x0000000088900000|  0%| F|  |TAMS 0x0000000088800000| PB 0x0000000088800000| Untracked |  0
|  95|0x0000000088900000, 0x0000000088900000, 0x0000000088a00000|  0%| F|  |TAMS 0x0000000088900000| PB 0x0000000088900000| Untracked |  0
|  96|0x0000000088a00000, 0x0000000088a00000, 0x0000000088b00000|  0%| F|  |TAMS 0x0000000088a00000| PB 0x0000000088a00000| Untracked |  0
|  97|0x0000000088b00000, 0x0000000088b80000, 0x0000000088c00000| 50%| E|  |TAMS 0x0000000088b00000| PB 0x0000000088b00000| Complete |  0
|  98|0x0000000088c00000, 0x0000000088d00000, 0x0000000088d00000|100%| E|CS|TAMS 0x0000000088c00000| PB 0x0000000088c00000| Complete |  0
|  99|0x0000000088d00000, 0x0000000088e00000, 0x0000000088e00000|100%| E|CS|TAMS 0x0000000088d00000| PB 0x0000000088d00000| Complete |  0
| 100|0x0000000088e00000, 0x0000000088f00000, 0x0000000088f00000|100%| E|CS|TAMS 0x0000000088e00000| PB 0x0000000088e00000| Complete |  0
| 101|0x0000000088f00000, 0x0000000089000000, 0x0000000089000000|100%| E|CS|TAMS 0x0000000088f00000| PB 0x0000000088f00000| Complete |  0
| 102|0x0000000089000000, 0x0000000089100000, 0x0000000089100000|100%| E|CS|TAMS 0x0000000089000000| PB 0x0000000089000000| Complete |  0
| 103|0x0000000089100000, 0x0000000089200000, 0x0000000089200000|100%| E|CS|TAMS 0x0000000089100000| PB 0x0000000089100000| Complete |  0
| 104|0x0000000089200000, 0x0000000089300000, 0x0000000089300000|100%| E|CS|TAMS 0x0000000089200000| PB 0x0000000089200000| Complete |  0
| 105|0x0000000089300000, 0x0000000089400000, 0x0000000089400000|100%| E|CS|TAMS 0x0000000089300000| PB 0x0000000089300000| Complete |  0
| 106|0x0000000089400000, 0x0000000089500000, 0x0000000089500000|100%| E|CS|TAMS 0x0000000089400000| PB 0x0000000089400000| Complete |  0
| 107|0x0000000089500000, 0x0000000089600000, 0x0000000089600000|100%| E|CS|TAMS 0x0000000089500000| PB 0x0000000089500000| Complete |  0
| 108|0x0000000089600000, 0x0000000089700000, 0x0000000089700000|100%| E|CS|TAMS 0x0000000089600000| PB 0x0000000089600000| Complete |  0
| 109|0x0000000089700000, 0x0000000089800000, 0x0000000089800000|100%| E|CS|TAMS 0x0000000089700000| PB 0x0000000089700000| Complete |  0
| 110|0x0000000089800000, 0x0000000089900000, 0x0000000089900000|100%| E|CS|TAMS 0x0000000089800000| PB 0x0000000089800000| Complete |  0
| 111|0x0000000089900000, 0x0000000089a00000, 0x0000000089a00000|100%| E|CS|TAMS 0x0000000089900000| PB 0x0000000089900000| Complete |  0
| 112|0x0000000089a00000, 0x0000000089b00000, 0x0000000089b00000|100%| E|CS|TAMS 0x0000000089a00000| PB 0x0000000089a00000| Complete |  0
| 113|0x0000000089b00000, 0x0000000089c00000, 0x0000000089c00000|100%| E|CS|TAMS 0x0000000089b00000| PB 0x0000000089b00000| Complete |  0
| 114|0x0000000089c00000, 0x0000000089d00000, 0x0000000089d00000|100%| E|CS|TAMS 0x0000000089c00000| PB 0x0000000089c00000| Complete |  0
| 115|0x0000000089d00000, 0x0000000089e00000, 0x0000000089e00000|100%| E|CS|TAMS 0x0000000089d00000| PB 0x0000000089d00000| Complete |  0
| 116|0x0000000089e00000, 0x0000000089f00000, 0x0000000089f00000|100%| E|CS|TAMS 0x0000000089e00000| PB 0x0000000089e00000| Complete |  0
| 117|0x0000000089f00000, 0x000000008a000000, 0x000000008a000000|100%| E|CS|TAMS 0x0000000089f00000| PB 0x0000000089f00000| Complete |  0
| 118|0x000000008a000000, 0x000000008a100000, 0x000000008a100000|100%| E|CS|TAMS 0x000000008a000000| PB 0x000000008a000000| Complete |  0
| 119|0x000000008a100000, 0x000000008a200000, 0x000000008a200000|100%| E|CS|TAMS 0x000000008a100000| PB 0x000000008a100000| Complete |  0
| 120|0x000000008a200000, 0x000000008a300000, 0x000000008a300000|100%| E|CS|TAMS 0x000000008a200000| PB 0x000000008a200000| Complete |  0
| 121|0x000000008a300000, 0x000000008a400000, 0x000000008a400000|100%| E|CS|TAMS 0x000000008a300000| PB 0x000000008a300000| Complete |  0
| 122|0x000000008a400000, 0x000000008a500000, 0x000000008a500000|100%| E|CS|TAMS 0x000000008a400000| PB 0x000000008a400000| Complete |  0
| 123|0x000000008a500000, 0x000000008a600000, 0x000000008a600000|100%| E|CS|TAMS 0x000000008a500000| PB 0x000000008a500000| Complete |  0
| 124|0x000000008a600000, 0x000000008a700000, 0x000000008a700000|100%| E|CS|TAMS 0x000000008a600000| PB 0x000000008a600000| Complete |  0
| 125|0x000000008a700000, 0x000000008a800000, 0x000000008a800000|100%| E|CS|TAMS 0x000000008a700000| PB 0x000000008a700000| Complete |  0
|2004|0x00000000ffe00000, 0x00000000fff00000, 0x00000000fff00000|100%| O|  |TAMS 0x00000000ffe00000| PB 0x00000000ffe00000| Untracked |  0
|2005|0x00000000fff00000, 0x00000000fff1c2f8, 0x0000000100000000| 11%| O|  |TAMS 0x00000000fff00000| PB 0x00000000fff00000| Untracked |  0

Card table byte_map: [0x000000001ae90000,0x000000001b280000] _byte_map_base: 0x000000001aa7b000

Marking Bits: (CMBitMap*) 0x0000000002cbfad0
 Bits: [0x000000001b280000, 0x000000001d1d8000)

Polling page: 0x0000000000d10000

Metaspace:

Usage:
  Non-class:     14.98 MB used.
      Class:      1.50 MB used.
       Both:     16.47 MB used.

Virtual space:
  Non-class space:       64.00 MB reserved,      15.12 MB ( 24%) committed,  1 nodes.
      Class space:        1.00 GB reserved,       1.62 MB ( <1%) committed,  1 nodes.
             Both:        1.06 GB reserved,      16.75 MB (  2%) committed. 

Chunk freelists:
   Non-Class:  484.00 KB
       Class:  14.24 MB
        Both:  14.71 MB

MaxMetaspaceSize: unlimited
CompressedClassSpaceSize: 1.00 GB
Initial GC threshold: 21.00 MB
Current GC threshold: 21.00 MB
CDS: on
 - commit_granule_bytes: 65536.
 - commit_granule_words: 8192.
 - virtual_space_node_default_size: 8388608.
 - enlarge_chunks_in_place: 1.
UseCompressedClassPointers 1, UseCompactObjectHeaders 0
Narrow klass pointer bits 32, Max shift 3
Narrow klass base: 0x0000000021000000, Narrow klass shift: 0
Encoding Range: [0x0000000021000000 - 0x0000000121000000), (4294967296 bytes)
Klass Range:    [0x0000000021000000 - 0x0000000062000000), (1090519040 bytes)
Klass ID Range:  [8 - 1090519033) (1090519025)


Internal statistics:

num_allocs_failed_limit: 0.
num_arena_births: 152.
num_arena_deaths: 0.
num_vsnodes_births: 2.
num_vsnodes_deaths: 0.
num_space_committed: 268.
num_space_uncommitted: 0.
num_chunks_returned_to_freelist: 0.
num_chunks_taken_from_freelist: 317.
num_chunk_merges: 0.
num_chunk_splits: 198.
num_chunks_enlarged: 136.
num_inconsistent_stats: 0.

CodeHeap 'non-profiled nmethods': size=120064Kb used=653Kb max_used=653Kb free=119410Kb
 bounds [0x0000000013230000, 0x00000000134a0000, 0x000000001a770000]
CodeHeap 'profiled nmethods': size=120000Kb used=3297Kb max_used=3297Kb free=116703Kb
 bounds [0x000000000b770000, 0x000000000bab0000, 0x0000000012ca0000]
CodeHeap 'non-nmethods': size=5696Kb used=1567Kb max_used=1577Kb free=4128Kb
 bounds [0x0000000012ca0000, 0x0000000012f10000, 0x0000000013230000]
CodeCache: size=245760Kb, used=5517Kb, max_used=5527Kb, free=240241Kb
 total_blobs=2849, nmethods=2118, adapters=635, full_count=0
Compilation: enabled, stopped_count=0, restarted_count=0

Compilation events (20 events):
Event: 1515.262 Thread 0x000000001ff34200 nmethod 2109 0x000000000baa3f08 code [0x000000000baa4040, 0x000000000baa4278]
Event: 1530.265 Thread 0x000000001ff34200 2110       3       java.io.File::<init> (111 bytes)
Event: 1530.265 Thread 0x000000001ff31500 2111       4       java.lang.String::indexOf (41 bytes)
Event: 1530.267 Thread 0x000000001ff34200 nmethod 2110 0x000000000baa4308 code [0x000000000baa4540, 0x000000000baa53b0]
Event: 1530.267 Thread 0x000000001ff31500 nmethod 2111 0x00000000132d2808 code [0x00000000132d2900, 0x00000000132d2ac0]
Event: 1535.279 Thread 0x000000001ff34200 2112   !   3       jdk.internal.loader.URLClassPath$FileLoader::getResource (143 bytes)
Event: 1535.280 Thread 0x000000001ff34200 nmethod 2112 0x000000000baa5488 code [0x000000000baa5720, 0x000000000baa6d08]
Event: 1560.296 Thread 0x000000001ff34200 2113       3       jdk.internal.loader.URLClassPath$FileLoader::findResource (17 bytes)
Event: 1560.297 Thread 0x000000001ff34200 nmethod 2113 0x000000000baa6e08 code [0x000000000baa6f40, 0x000000000baa71b8]
Event: 1600.302 Thread 0x000000001ff34200 2114   !   3       com.mysql.cj.jdbc.AbandonedConnectionCleanupThread::checkThreadContextClassLoader (20 bytes)
Event: 1600.304 Thread 0x000000001ff34200 nmethod 2114 0x000000000baa7208 code [0x000000000baa7380, 0x000000000baa79a8]
Event: 3295.592 Thread 0x000000001ff34200 2116       3       java.beans.PropertyChangeSupport::fire (39 bytes)
Event: 3295.596 Thread 0x000000001ff34200 nmethod 2116 0x000000000baa7a08 code [0x000000000baa7b40, 0x000000000baa7df0]
Event: 3295.597 Thread 0x000000001ff34200 2115  s    3       java.beans.ChangeListenerMap::get (25 bytes)
Event: 3295.601 Thread 0x000000001ff34200 nmethod 2115 0x000000000baa7e08 code [0x000000000baa7f40, 0x000000000baa8398]
Event: 4524.205 Thread 0x000000001ff31500 2117       4       java.lang.ref.SoftReference::get (29 bytes)
Event: 4524.213 Thread 0x000000001ff31500 nmethod 2117 0x00000000132d2b08 code [0x00000000132d2c00, 0x00000000132d2d38]
Event: 9260.384 Thread 0x000000001ff31500 2118  s!   4       jdk.internal.loader.URLClassPath::getLoader (202 bytes)
Event: 9260.413 Thread 0x000000001ff31500 nmethod 2118 0x00000000132d2e08 code [0x00000000132d2f60, 0x00000000132d3640]
Event: 9355.400 Thread 0x000000001ff31500 2119       4       java.lang.String::replace (42 bytes)

GC Heap History (0 events):
No events

Dll operation events (11 events):
Event: 0.008 Loaded shared library C:\Program Files\Apache NetBeans\jdk\bin\java.dll
Event: 0.041 Loaded shared library C:\Program Files\Apache NetBeans\jdk\bin\jsvml.dll
Event: 0.073 Loaded shared library C:\Program Files\Apache NetBeans\jdk\bin\net.dll
Event: 0.075 Loaded shared library C:\Program Files\Apache NetBeans\jdk\bin\nio.dll
Event: 0.099 Loaded shared library C:\Program Files\Apache NetBeans\jdk\bin\zip.dll
Event: 0.112 Loaded shared library C:\Program Files\Apache NetBeans\jdk\bin\jimage.dll
Event: 0.122 Loaded shared library C:\Program Files\Apache NetBeans\jdk\bin\awt.dll
Event: 0.412 Loaded shared library C:\Program Files\Apache NetBeans\jdk\bin\extnet.dll
Event: 0.584 Loaded shared library C:\Program Files\Apache NetBeans\jdk\bin\sunmscapi.dll
Event: 0.960 Loaded shared library C:\Program Files\Apache NetBeans\jdk\bin\freetype.dll
Event: 0.961 Loaded shared library C:\Program Files\Apache NetBeans\jdk\bin\fontmanager.dll

Deoptimization events (20 events):
Event: 0.942 Thread 0x000000001ff2ed20 DEOPT PACKING pc=0x000000000b9b2f47 sp=0x000000006700db80
Event: 0.942 Thread 0x000000001ff2ed20 DEOPT UNPACKING pc=0x0000000012cf5722 sp=0x000000006700d010 mode 3
Event: 0.979 Thread 0x000000000050f710 Uncommon trap: trap_request=0xffffff4d fr.pc=0x000000001325f590 relative=0x0000000000000210
Event: 0.979 Thread 0x000000000050f710 Uncommon trap: reason=unstable_if action=reinterpret pc=0x000000001325f590 method=java.lang.StringUTF16.compress([CI[BII)I @ 20 c2
Event: 0.979 Thread 0x000000000050f710 DEOPT PACKING pc=0x000000001325f590 sp=0x0000000000d0e260
Event: 0.979 Thread 0x000000000050f710 DEOPT UNPACKING pc=0x0000000012db6302 sp=0x0000000000d0e1d0 mode 2
Event: 0.982 Thread 0x000000000050f710 DEOPT PACKING pc=0x000000000b850d99 sp=0x0000000000d0e330
Event: 0.982 Thread 0x000000000050f710 DEOPT UNPACKING pc=0x0000000012cf5722 sp=0x0000000000d0d7d0 mode 0
Event: 1.082 Thread 0x000000006831a4f0 Uncommon trap: trap_request=0xffffff4d fr.pc=0x00000000132bad88 relative=0x0000000000000848
Event: 1.082 Thread 0x000000006831a4f0 Uncommon trap: reason=unstable_if action=reinterpret pc=0x00000000132bad88 method=jdk.internal.classfile.impl.EntryMap.put(II)V @ 120 c2
Event: 1.082 Thread 0x000000006831a4f0 DEOPT PACKING pc=0x00000000132bad88 sp=0x0000000068f2c670
Event: 1.082 Thread 0x000000006831a4f0 DEOPT UNPACKING pc=0x0000000012db6302 sp=0x0000000068f2c5a8 mode 2
Event: 1.084 Thread 0x000000006831a4f0 Uncommon trap: trap_request=0xffffff4d fr.pc=0x00000000132a0f00 relative=0x00000000000001e0
Event: 1.084 Thread 0x000000006831a4f0 Uncommon trap: reason=unstable_if action=reinterpret pc=0x00000000132a0f00 method=jdk.internal.classfile.impl.EntryMap.put(II)V @ 120 c2
Event: 1.084 Thread 0x000000006831a4f0 DEOPT PACKING pc=0x00000000132a0f00 sp=0x0000000068f2c710
Event: 1.084 Thread 0x000000006831a4f0 DEOPT UNPACKING pc=0x0000000012db6302 sp=0x0000000068f2c690 mode 2
Event: 1.088 Thread 0x000000006831a4f0 Uncommon trap: trap_request=0xffffff5c fr.pc=0x0000000013288460 relative=0x0000000000000060
Event: 1.088 Thread 0x000000006831a4f0 Uncommon trap: reason=speculate_null_check action=make_not_entrant pc=0x0000000013288460 method=jdk.internal.misc.Unsafe.getIntUnaligned(Ljava/lang/Object;JZ)I @ 5 c2
Event: 1.088 Thread 0x000000006831a4f0 DEOPT PACKING pc=0x0000000013288460 sp=0x0000000068f2d760
Event: 1.088 Thread 0x000000006831a4f0 DEOPT UNPACKING pc=0x0000000012db6302 sp=0x0000000068f2d6b8 mode 2

Classes loaded (20 events):
Event: 1.151 Loading class javax/swing/TimerQueue
Event: 1.151 Loading class javax/swing/TimerQueue done
Event: 1.151 Loading class java/util/concurrent/DelayQueue
Event: 1.151 Loading class java/util/concurrent/DelayQueue done
Event: 1.152 Loading class java/util/PriorityQueue
Event: 1.152 Loading class java/util/PriorityQueue done
Event: 1.152 Loading class java/awt/TextComponent
Event: 1.152 Loading class java/awt/TextComponent done
Event: 1.152 Loading class javax/swing/text/JTextComponent
Event: 1.152 Loading class javax/swing/text/JTextComponent done
Event: 1.153 Loading class javax/swing/TimerQueue$DelayedTimer
Event: 1.153 Loading class java/util/concurrent/Delayed
Event: 1.153 Loading class java/util/concurrent/Delayed done
Event: 1.153 Loading class javax/swing/TimerQueue$DelayedTimer done
Event: 1.153 Loading class java/awt/Event
Event: 1.153 Loading class java/awt/Event done
Event: 2.777 Loading class java/awt/event/MouseWheelEvent
Event: 2.777 Loading class java/awt/event/MouseWheelEvent done
Event: 11.256 Loading class sun/awt/SunToolkit$1
Event: 11.256 Loading class sun/awt/SunToolkit$1 done

Classes unloaded (0 events):
No events

Classes redefined (0 events):
No events

Internal exceptions (20 events):
Event: 0.330 Thread 0x000000000050f710 Exception <a 'java/lang/NoSuchMethodError'{0x0000000089b0b6d0}: 'void java.lang.invoke.DirectMethodHandle$Holder.invokeStatic(java.lang.Object, java.lang.Object, java.lang.Object)'> (0x0000000089b0b6d0) 
thrown [s\src\hotspot\share\interpreter\linkResolver.cpp, line 805]
Event: 0.333 Thread 0x000000000050f710 Exception <a 'java/lang/NoSuchMethodError'{0x0000000089b230a0}: 'java.lang.Object java.lang.invoke.DirectMethodHandle$Holder.invokeVirtual(java.lang.Object, java.lang.Object, java.lang.Object)'> (0x0000000089b230a0) 
thrown [s\src\hotspot\share\interpreter\linkResolver.cpp, line 805]
Event: 0.465 Thread 0x000000000050f710 Exception <a 'java/lang/NoSuchMethodError'{0x0000000089608a10}: 'void java.lang.invoke.DirectMethodHandle$Holder.invokeStaticInit(java.lang.Object, java.lang.Object)'> (0x0000000089608a10) 
thrown [s\src\hotspot\share\interpreter\linkResolver.cpp, line 805]
Event: 0.522 Thread 0x000000000050f710 Exception <a 'sun/nio/fs/WindowsException'{0x000000008955ab60}> (0x000000008955ab60) 
thrown [s\src\hotspot\share\prims\jni.cpp, line 518]
Event: 0.554 Thread 0x000000000050f710 Exception <a 'java/lang/NoSuchMethodError'{0x00000000894041c0}: 'java.lang.Object java.lang.invoke.DirectMethodHandle$Holder.invokeStaticInit(java.lang.Object, int, int, int, int)'> (0x00000000894041c0) 
thrown [s\src\hotspot\share\interpreter\linkResolver.cpp, line 805]
Event: 0.570 Thread 0x000000000050f710 Exception <a 'java/lang/NoSuchMethodError'{0x0000000089493668}: 'java.lang.Object java.lang.invoke.DirectMethodHandle$Holder.invokeStaticInit(java.lang.Object, java.lang.Object, int, int, int, int)'> (0x0000000089493668) 
thrown [s\src\hotspot\share\interpreter\linkResolver.cpp, line 805]
Event: 0.710 Thread 0x000000000050f710 Exception <a 'java/lang/NoSuchMethodError'{0x00000000893c6ac0}: 'void java.lang.invoke.DirectMethodHandle$Holder.invokeVirtual(java.lang.Object, java.lang.Object)'> (0x00000000893c6ac0) 
thrown [s\src\hotspot\share\interpreter\linkResolver.cpp, line 805]
Event: 0.770 Thread 0x000000000050f710 Exception <a 'java/lang/NoSuchMethodError'{0x0000000089287898}: 'java.lang.Object java.lang.invoke.Invokers$Holder.invoke_MT(java.lang.Object, java.lang.Object, java.lang.Object, java.lang.Object, java.lang.Object, java.lang.Object)'> (0x0000000089287898) 
thrown [s\src\hotspot\share\interpreter\linkResolver.cpp, line 805]
Event: 0.772 Thread 0x000000000050f710 Exception <a 'java/lang/NoSuchMethodError'{0x0000000089290568}: 'java.lang.Object java.lang.invoke.DirectMethodHandle$Holder.invokeStatic(java.lang.Object, java.lang.Object, int)'> (0x0000000089290568) 
thrown [s\src\hotspot\share\interpreter\linkResolver.cpp, line 805]
Event: 0.779 Thread 0x000000000050f710 Exception <a 'java/lang/NoSuchMethodError'{0x00000000892b2048}: 'void java.lang.invoke.DelegatingMethodHandle$Holder.delegate(java.lang.Object, java.lang.Object, int, java.lang.Object)'> (0x00000000892b2048) 
thrown [s\src\hotspot\share\interpreter\linkResolver.cpp, line 805]
Event: 0.780 Thread 0x000000000050f710 Exception <a 'java/lang/NoSuchMethodError'{0x00000000892ba8e8}: 'int java.lang.invoke.DirectMethodHandle$Holder.invokeSpecial(java.lang.Object, java.lang.Object, java.lang.Object)'> (0x00000000892ba8e8) 
thrown [s\src\hotspot\share\interpreter\linkResolver.cpp, line 805]
Event: 0.955 Thread 0x000000000050f710 Exception <a 'java/lang/NoSuchMethodError'{0x0000000088fb5ba8}: 'void java.lang.invoke.DirectMethodHandle$Holder.invokeStaticInit(java.lang.Object)'> (0x0000000088fb5ba8) 
thrown [s\src\hotspot\share\interpreter\linkResolver.cpp, line 805]
Event: 0.967 Thread 0x000000000050f710 Exception <a 'java/lang/NoSuchMethodError'{0x0000000088fe2b00}: 'long java.lang.invoke.DirectMethodHandle$Holder.invokeStaticInit(java.lang.Object, long, long, long, long)'> (0x0000000088fe2b00) 
thrown [s\src\hotspot\share\interpreter\linkResolver.cpp, line 805]
Event: 0.968 Thread 0x000000000050f710 Exception <a 'java/lang/NoSuchMethodError'{0x0000000088feb508}: 'java.lang.Object java.lang.invoke.DirectMethodHandle$Holder.invokeInterface(java.lang.Object, java.lang.Object, long, long)'> (0x0000000088feb508) 
thrown [s\src\hotspot\share\interpreter\linkResolver.cpp, line 805]
Event: 0.969 Thread 0x000000000050f710 Exception <a 'java/lang/NoSuchMethodError'{0x0000000088e840a0}: 'void java.lang.invoke.DirectMethodHandle$Holder.invokeStaticInit(java.lang.Object, java.lang.Object, long, java.lang.Object)'> (0x0000000088e840a0) 
thrown [s\src\hotspot\share\interpreter\linkResolver.cpp, line 805]
Event: 0.969 Thread 0x000000000050f710 Exception <a 'java/lang/NoSuchMethodError'{0x0000000088e8c810}: 'long java.lang.invoke.DirectMethodHandle$Holder.invokeStatic(java.lang.Object, long, long)'> (0x0000000088e8c810) 
thrown [s\src\hotspot\share\interpreter\linkResolver.cpp, line 805]
Event: 0.972 Thread 0x000000000050f710 Exception <a 'java/lang/NoSuchMethodError'{0x0000000088eb5420}: 'java.lang.Object java.lang.invoke.DirectMethodHandle$Holder.newInvokeSpecial(java.lang.Object, int, java.lang.Object)'> (0x0000000088eb5420) 
thrown [s\src\hotspot\share\interpreter\linkResolver.cpp, line 805]
Event: 1.076 Thread 0x000000006831a4f0 Exception <a 'java/lang/NoSuchMethodError'{0x0000000088e24848}: 'void java.lang.invoke.DelegatingMethodHandle$Holder.reinvoke_L(java.lang.Object, java.lang.Object, java.lang.Object, java.lang.Object, long, long, float)'> (0x0000000088e24848) 
thrown [s\src\hotspot\share\interpreter\linkResolver.cpp, line 805]
Event: 1.083 Thread 0x000000006831a4f0 Exception <a 'java/lang/NoSuchMethodError'{0x0000000088e44e98}: 'java.lang.Object java.lang.invoke.DirectMethodHandle$Holder.invokeStatic(java.lang.Object, java.lang.Object, java.lang.Object, java.lang.Object, java.lang.Object, long)'> (0x0000000088e44e98) 
thrown [s\src\hotspot\share\interpreter\linkResolver.cpp, line 805]
Event: 1.087 Thread 0x000000006831a4f0 Exception <a 'java/lang/NoSuchMethodError'{0x0000000088c08750}: 'float java.lang.invoke.DelegatingMethodHandle$Holder.reinvoke_L(java.lang.Object, java.lang.Object, java.lang.Object, java.lang.Object, long, long)'> (0x0000000088c08750) 
thrown [s\src\hotspot\share\interpreter\linkResolver.cpp, line 805]

VM Operations (20 events):
Event: 0.894 Executing VM operation: HandshakeAllThreads (Deoptimize)
Event: 0.895 Executing VM operation: HandshakeAllThreads (Deoptimize) done
Event: 0.971 Executing VM operation: HandshakeAllThreads (Deoptimize)
Event: 0.971 Executing VM operation: HandshakeAllThreads (Deoptimize) done
Event: 0.996 Executing VM operation: HandshakeAllThreads (Deoptimize)
Event: 0.996 Executing VM operation: HandshakeAllThreads (Deoptimize) done
Event: 1.043 Executing VM operation: HandshakeAllThreads (Deoptimize)
Event: 1.044 Executing VM operation: HandshakeAllThreads (Deoptimize) done
Event: 60.208 Executing VM operation: HandshakeAllThreads (HandshakeForDeflation)
Event: 60.208 Executing VM operation: HandshakeAllThreads (HandshakeForDeflation) done
Event: 60.208 Executing VM operation: RendezvousGCThreads
Event: 60.208 Executing VM operation: RendezvousGCThreads done
Event: 1392.056 Executing VM operation: HandshakeAllThreads (HandshakeForDeflation)
Event: 1392.056 Executing VM operation: HandshakeAllThreads (HandshakeForDeflation) done
Event: 1392.056 Executing VM operation: RendezvousGCThreads
Event: 1392.056 Executing VM operation: RendezvousGCThreads done
Event: 3354.458 Executing VM operation: HandshakeAllThreads (HandshakeForDeflation)
Event: 3354.459 Executing VM operation: HandshakeAllThreads (HandshakeForDeflation) done
Event: 3354.460 Executing VM operation: RendezvousGCThreads
Event: 3354.460 Executing VM operation: RendezvousGCThreads done

Memory protections (0 events):
No events

Nmethod flushes (0 events):
No events

Events (20 events):
Event: 0.039 Thread 0x000000000050f710 Thread added: 0x000000001ff26440
Event: 0.039 Thread 0x000000000050f710 Thread added: 0x000000001ff272a0
Event: 0.039 Thread 0x000000000050f710 Thread added: 0x000000001ff27c10
Event: 0.039 Thread 0x000000000050f710 Thread added: 0x000000001ff2d730
Event: 0.039 Thread 0x000000000050f710 Thread added: 0x000000001ff31500
Event: 0.039 Thread 0x000000000050f710 Thread added: 0x000000001ff34200
Event: 0.071 Thread 0x000000000050f710 Thread added: 0x000000001ff2f470
Event: 0.090 Thread 0x000000000050f710 Thread added: 0x000000001ff2c890
Event: 0.095 Thread 0x000000001ff34200 Thread added: 0x0000000020d6b340
Event: 0.168 Thread 0x000000000050f710 Thread added: 0x000000001ff2c140
Event: 0.169 Thread 0x000000000050f710 Thread added: 0x000000001ff2e5d0
Event: 0.169 Thread 0x000000000050f710 Thread added: 0x000000001ff2ed20
Event: 0.270 Thread 0x000000000050f710 Thread added: 0x000000001ff2de80
Event: 0.319 Thread 0x000000001ff34200 Thread added: 0x0000000066952e60
Event: 0.933 Thread 0x000000000050f710 Thread added: 0x000000006831a4f0
Event: 1.042 Thread 0x000000000050f710 Thread exited: 0x000000000050f710
Event: 1.042 Thread 0x0000000068317910 Thread added: 0x0000000068317910
Event: 1.072 Thread 0x0000000066952e60 Thread exited: 0x0000000066952e60
Event: 1.152 Thread 0x000000006831a4f0 Thread added: 0x000000006831b390
Event: 2.526 Thread 0x0000000020d6b340 Thread exited: 0x0000000020d6b340


Dynamic libraries:
0x00007ff6a2f30000 - 0x00007ff6a2f3e000 	C:\Program Files\Apache NetBeans\jdk\bin\java.exe
0x00007ff9a2b20000 - 0x00007ff9a2d88000 	C:\WINDOWS\SYSTEM32\ntdll.dll
0x00007ff9a1140000 - 0x00007ff9a1209000 	C:\WINDOWS\System32\KERNEL32.DLL
0x00007ff99fc70000 - 0x00007ff9a005d000 	C:\WINDOWS\System32\KERNELBASE.dll
0x00007ff9a0320000 - 0x00007ff9a046b000 	C:\WINDOWS\System32\ucrtbase.dll
0x00007ff951770000 - 0x00007ff951786000 	C:\Program Files\Apache NetBeans\jdk\bin\jli.dll
0x00007ff951800000 - 0x00007ff95181e000 	C:\Program Files\Apache NetBeans\jdk\bin\VCRUNTIME140.dll
0x00007ff9a2800000 - 0x00007ff9a29cc000 	C:\WINDOWS\System32\USER32.dll
0x00007ff98be90000 - 0x00007ff98c12a000 	C:\WINDOWS\WinSxS\amd64_microsoft.windows.common-controls_6595b64144ccf1df_6.0.26100.4484_none_3e0e6d4ce32ef3b3\COMCTL32.dll
0x00007ff9a0060000 - 0x00007ff9a0087000 	C:\WINDOWS\System32\win32u.dll
0x00007ff9a0be0000 - 0x00007ff9a0c89000 	C:\WINDOWS\System32\msvcrt.dll
0x00007ff9a2a30000 - 0x00007ff9a2a5b000 	C:\WINDOWS\System32\GDI32.dll
0x00007ff9a01e0000 - 0x00007ff9a0317000 	C:\WINDOWS\System32\gdi32full.dll
0x00007ff9a0130000 - 0x00007ff9a01d3000 	C:\WINDOWS\System32\msvcp_win.dll
0x00007ff9a0ca0000 - 0x00007ff9a0ccf000 	C:\WINDOWS\System32\IMM32.DLL
0x00007ff967ca0000 - 0x00007ff967cac000 	C:\Program Files\Apache NetBeans\jdk\bin\vcruntime140_1.dll
0x00007ff92e8f0000 - 0x00007ff92e97d000 	C:\Program Files\Apache NetBeans\jdk\bin\msvcp140.dll
0x00007ff92ebe0000 - 0x00007ff92fa5c000 	C:\Program Files\Apache NetBeans\jdk\bin\server\jvm.dll
0x00007ff9a08c0000 - 0x00007ff9a0974000 	C:\WINDOWS\System32\ADVAPI32.dll
0x00007ff9a0a80000 - 0x00007ff9a0b26000 	C:\WINDOWS\System32\sechost.dll
0x00007ff9a2560000 - 0x00007ff9a2678000 	C:\WINDOWS\System32\RPCRT4.dll
0x00007ff9a2680000 - 0x00007ff9a26f4000 	C:\WINDOWS\System32\WS2_32.dll
0x00007ff99fac0000 - 0x00007ff99fb1e000 	C:\WINDOWS\SYSTEM32\POWRPROF.dll
0x00007ff98dad0000 - 0x00007ff98db05000 	C:\WINDOWS\SYSTEM32\WINMM.dll
0x00007ff990ca0000 - 0x00007ff990cab000 	C:\WINDOWS\SYSTEM32\VERSION.dll
0x00007ff99faa0000 - 0x00007ff99fab4000 	C:\WINDOWS\SYSTEM32\UMPDC.dll
0x00007ff99e9f0000 - 0x00007ff99ea0b000 	C:\WINDOWS\SYSTEM32\kernel.appcore.dll
0x00007ff95caf0000 - 0x00007ff95cafa000 	C:\Program Files\Apache NetBeans\jdk\bin\jimage.dll
0x00007ff99a310000 - 0x00007ff99a551000 	C:\WINDOWS\SYSTEM32\DBGHELP.DLL
0x00007ff9a1f20000 - 0x00007ff9a22a6000 	C:\WINDOWS\System32\combase.dll
0x00007ff9a22c0000 - 0x00007ff9a23a0000 	C:\WINDOWS\System32\OLEAUT32.dll
0x00007ff989140000 - 0x00007ff989183000 	C:\WINDOWS\SYSTEM32\dbgcore.DLL
0x00007ff9a0090000 - 0x00007ff9a0129000 	C:\WINDOWS\System32\bcryptPrimitives.dll
0x00007ff9517a0000 - 0x00007ff9517be000 	C:\Program Files\Apache NetBeans\jdk\bin\java.dll
0x00007ff9a23b0000 - 0x00007ff9a254e000 	C:\WINDOWS\System32\ole32.dll
0x00007ff9a1210000 - 0x00007ff9a195a000 	C:\WINDOWS\System32\SHELL32.dll
0x00007ff9a0740000 - 0x00007ff9a08b4000 	C:\WINDOWS\System32\wintypes.dll
0x00007ff99d870000 - 0x00007ff99e0cb000 	C:\WINDOWS\SYSTEM32\windows.storage.dll
0x00007ff9a0980000 - 0x00007ff9a0a75000 	C:\WINDOWS\System32\SHCORE.dll
0x00007ff9a2a60000 - 0x00007ff9a2aca000 	C:\WINDOWS\System32\shlwapi.dll
0x00007ff99fb80000 - 0x00007ff99fbaf000 	C:\WINDOWS\SYSTEM32\profapi.dll
0x00007ff92eb00000 - 0x00007ff92ebd7000 	C:\Program Files\Apache NetBeans\jdk\bin\jsvml.dll
0x00007ff951740000 - 0x00007ff951750000 	C:\Program Files\Apache NetBeans\jdk\bin\net.dll
0x00007ff99efa0000 - 0x00007ff99f00a000 	C:\WINDOWS\system32\mswsock.dll
0x00007ff951720000 - 0x00007ff951736000 	C:\Program Files\Apache NetBeans\jdk\bin\nio.dll
0x00007ff951750000 - 0x00007ff951767000 	C:\Program Files\Apache NetBeans\jdk\bin\zip.dll
0x00007ff92e980000 - 0x00007ff92eafe000 	C:\Program Files\Apache NetBeans\jdk\bin\awt.dll
0x00007ff999810000 - 0x00007ff9998ae000 	C:\WINDOWS\SYSTEM32\apphelp.dll
0x00007ff999d30000 - 0x00007ff999d66000 	C:\WINDOWS\system32\DWMAPI.DLL
0x00007ff999920000 - 0x00007ff9999cf000 	C:\WINDOWS\system32\uxtheme.dll
0x00007ff982a70000 - 0x00007ff982b88000 	C:\WINDOWS\system32\opengl32.dll
0x00007ff98d690000 - 0x00007ff98d6bd000 	C:\WINDOWS\SYSTEM32\GLU32.dll
0x00007ff999b10000 - 0x00007ff999b5d000 	C:\WINDOWS\SYSTEM32\dxcore.dll
0x00007ff9a0ce0000 - 0x00007ff9a0e40000 	C:\WINDOWS\System32\MSCTF.dll
0x00007ff99e4e0000 - 0x00007ff99e606000 	C:\WINDOWS\SYSTEM32\DNSAPI.dll
0x00007ff99e440000 - 0x00007ff99e473000 	C:\WINDOWS\SYSTEM32\IPHLPAPI.DLL
0x00007ff9a2ad0000 - 0x00007ff9a2ada000 	C:\WINDOWS\System32\NSI.dll
0x00007ff9913e0000 - 0x00007ff9913eb000 	C:\Windows\System32\rasadhlp.dll
0x00007ff996700000 - 0x00007ff996786000 	C:\WINDOWS\System32\fwpuclnt.dll
0x00007ff951700000 - 0x00007ff951709000 	C:\Program Files\Apache NetBeans\jdk\bin\extnet.dll
0x00007ff99f250000 - 0x00007ff99f26b000 	C:\WINDOWS\SYSTEM32\CRYPTSP.dll
0x00007ff99e950000 - 0x00007ff99e98b000 	C:\WINDOWS\system32\rsaenh.dll
0x00007ff99f040000 - 0x00007ff99f06b000 	C:\WINDOWS\SYSTEM32\USERENV.dll
0x00007ff99fb50000 - 0x00007ff99fb76000 	C:\WINDOWS\SYSTEM32\bcrypt.dll
0x00007ff99f270000 - 0x00007ff99f27c000 	C:\WINDOWS\SYSTEM32\CRYPTBASE.dll
0x00007ff97ce90000 - 0x00007ff97ce9e000 	C:\Program Files\Apache NetBeans\jdk\bin\sunmscapi.dll
0x00007ff9a0470000 - 0x00007ff9a05e7000 	C:\WINDOWS\System32\CRYPT32.dll
0x00007ff99f3f0000 - 0x00007ff99f420000 	C:\WINDOWS\SYSTEM32\ncrypt.dll
0x00007ff99f3a0000 - 0x00007ff99f3df000 	C:\WINDOWS\SYSTEM32\NTASN1.dll
0x00007ff9306d0000 - 0x00007ff930757000 	C:\Program Files\Apache NetBeans\jdk\bin\freetype.dll
0x00007ff9305f0000 - 0x00007ff9306c9000 	C:\Program Files\Apache NetBeans\jdk\bin\fontmanager.dll
0x00007ff97bdc0000 - 0x00007ff97bf10000 	C:\WINDOWS\SYSTEM32\textinputframework.dll

JVMTI agents: none

dbghelp: loaded successfully - version: 4.0.5 - missing functions: none
symbol engine: initialized successfully - sym options: 0x614 - pdb path: .;C:\Program Files\Apache NetBeans\jdk\bin;C:\WINDOWS\SYSTEM32;C:\WINDOWS\WinSxS\amd64_microsoft.windows.common-controls_6595b64144ccf1df_6.0.26100.4484_none_3e0e6d4ce32ef3b3;C:\Program Files\Apache NetBeans\jdk\bin\server

VM Arguments:
jvm_args: -Dfile.encoding=UTF-8 --module-path=D:\Documents\NetBeansProjects\Hotel Management System\build\classes 
java_command: hotel.management.system.Pickup
java_class_path (initial): C:\Users\MANU TYAGI\Documents\mysql-connector-java-8.0.28.jar;C:\Users\MANU TYAGI\Documents\rs2xml.jar;D:\Documents\NetBeansProjects\Hotel Management System\build\classes
Launcher Type: SUN_STANDARD

[Global flags]
     intx CICompilerCount                          = 4                                         {product} {ergonomic}
     uint ConcGCThreads                            = 2                                         {product} {ergonomic}
     uint G1ConcRefinementThreads                  = 8                                         {product} {ergonomic}
   size_t G1HeapRegionSize                         = 1048576                                   {product} {ergonomic}
   size_t InitialHeapSize                          = 132120576                                 {product} {ergonomic}
   size_t MarkStackSize                            = 4194304                                   {product} {ergonomic}
   size_t MarkStackSizeMax                         = 536870912                                 {product} {ergonomic}
   size_t MaxHeapSize                              = 2103443456                                {product} {ergonomic}
   size_t MaxNewSize                               = 1261436928                                {product} {ergonomic}
   size_t MinHeapDeltaBytes                        = 1048576                                   {product} {ergonomic}
   size_t MinHeapSize                              = 8388608                                   {product} {ergonomic}
    uintx NonNMethodCodeHeapSize                   = 5832704                                {pd product} {ergonomic}
    uintx NonProfiledCodeHeapSize                  = 122945536                              {pd product} {ergonomic}
    uintx ProfiledCodeHeapSize                     = 122880000                              {pd product} {ergonomic}
    uintx ReservedCodeCacheSize                    = 251658240                              {pd product} {ergonomic}
     bool SegmentedCodeCache                       = true                                      {product} {ergonomic}
   size_t SoftMaxHeapSize                          = 2103443456                             {manageable} {ergonomic}
     bool UseCompressedOops                        = true                           {product lp64_product} {ergonomic}
     bool UseG1GC                                  = true                                      {product} {ergonomic}
     bool UseLargePagesIndividualAllocation        = false                                  {pd product} {ergonomic}

Logging:
Log output configuration:
 #0: stdout all=warning uptime,level,tags foldmultilines=false
 #1: stderr all=off uptime,level,tags foldmultilines=false

Environment Variables:
PATH=C:\Program Files\Common Files\Oracle\Java\javapath;C:\WINDOWS\system32;C:\WINDOWS;C:\WINDOWS\System32\Wbem;C:\WINDOWS\System32\WindowsPowerShell\v1.0\;C:\WINDOWS\System32\OpenSSH\;C:\MinGW\bin;C:\Program Files\Microsoft SQL Server\Client SDK\ODBC\170\Tools\Binn\;C:\Program Files (x86)\Microsoft SQL Server\150\Tools\Binn\;C:\Program Files\Microsoft SQL Server\150\Tools\Binn\;C:\Program Files\Microsoft SQL Server\150\DTS\Binn\;C:\Program Files\dotnet\;C:\Program Files (x86)\Windows Kits\10\Windows Performance Toolkit\;C:\Program Files\Java\jdk-17\bin;C:\Program Files\MySQL\MySQL Shell 8.0\bin\;C:\Users\MANU TYAGI\AppData\Local\Microsoft\WindowsApps;D:\Microsoft VS Code\bin;
USERNAME=MANU TYAGI
OS=Windows_NT
PROCESSOR_IDENTIFIER=Intel64 Family 6 Model 142 Stepping 12, GenuineIntel
TMP=C:\Users\MANUTY~1\AppData\Local\Temp
TEMP=C:\Users\MANUTY~1\AppData\Local\Temp




Periodic native trim disabled

---------------  S Y S T E M  ---------------

OS:
 Windows 11 , 64 bit Build 26100 (10.0.26100.4484)
OS uptime: 0 days 19:59 hours
Hyper-V role detected

CPU: total 8 (initial active 8) (4 cores per cpu, 2 threads per core) family 6 model 142 stepping 12 microcode 0xde, cx8, cmov, fxsr, ht, mmx, 3dnowpref, sse, sse2, sse3, ssse3, sse4.1, sse4.2, popcnt, lzcnt, tsc, tscinvbit, avx, avx2, aes, erms, clmul, bmi1, bmi2, adx, fma, vzeroupper, clflush, clflushopt, hv, rdtscp, f16c
Processor Information for the first 8 processors :
  Max Mhz: 2112, Current Mhz: 1609, Mhz Limit: 1605

Memory: 4k page, system-wide physical 8022M (1147M free)
TotalPageFile size 26772M (AvailPageFile size 12M)
current process WorkingSet (physical memory assigned to process): 16M, peak: 114M
current process commit charge ("private bytes"): 241M, peak: 250M

vm_info: OpenJDK 64-Bit Server VM (24.0.1+9) for windows-amd64 JRE (24.0.1+9) (Zulu24.30+11-CA), built on 2025-03-21T13:52:34Z with MS VC++ 17.1 (VS2022)

END.
