#
# There is insufficient memory for the Java Runtime Environment to continue.
# Native memory allocation (malloc) failed to allocate 1427728 bytes. Error detail: Chunk::new
# Possible reasons:
#   The system is out of physical RAM or swap space
#   This process is running with CompressedOops enabled, and the Java Heap may be blocking the growth of the native heap
# Possible solutions:
#   Reduce memory load on the system
#   Increase physical memory or swap space
#   Check if swap backing store is full
#   Decrease Java heap size (-Xmx/-Xms)
#   Decrease number of Java threads
#   Decrease Java thread stack sizes (-Xss)
#   Set larger code cache with -XX:ReservedCodeCacheSize=
#   JVM is running with Unscaled Compressed Oops mode in which the Java heap is
#     placed in the first 4GB address space. The Java Heap base address is the
#     maximum limit for the native heap growth. Please use -XX:HeapBaseMinAddress
#     to set the Java Heap base and to place the Java Heap above 4GB virtual address.
# This output file may be truncated or incomplete.
#
#  Out of Memory Error (arena.cpp:162), pid=12388, tid=16316
#
# JRE version: OpenJDK Runtime Environment Zulu24.30+11-CA (24.0.1+9) (build 24.0.1+9)
# Java VM: OpenJDK 64-Bit Server VM Zulu24.30+11-CA (24.0.1+9, mixed mode, sharing, tiered, compressed oops, compressed class ptrs, g1 gc, windows-amd64)
# No core dump will be written. Minidumps are not enabled by default on client versions of Windows
#

---------------  S U M M A R Y ------------

Command Line: -Dfile.encoding=UTF-8 --module-path=D:\Documents\NetBeansProjects\Hotel Management System\build\classes hotel.management.system.Pickup

Host: Intel(R) Core(TM) i5-10210U CPU @ 1.60GHz, 8 cores, 7G,  Windows 11 , 64 bit Build 26100 (10.0.26100.4484)
Time: Wed Jul 23 16:59:14 2025 India Standard Time elapsed time: 2.440605 seconds (0d 0h 0m 2s)

---------------  T H R E A D  ---------------

Current thread (0x000000001fff4030):  JavaThread "C2 CompilerThread0" daemon [_thread_in_native, id=16316, stack(0x0000000020a20000,0x0000000020b20000) (1024K)]


Current CompileTask:
C2:2440  611       4       java.lang.StringLatin1::replace (197 bytes)

Stack: [0x0000000020a20000,0x0000000020b20000]
Native frames: (J=compiled Java code, j=interpreted, Vv=VM code, C=native code)
V  [jvm.dll+0x7410c9]  (no source info available)
V  [jvm.dll+0x97def3]  (no source info available)
V  [jvm.dll+0x98021d]  (no source info available)
V  [jvm.dll+0x980893]  (no source info available)
V  [jvm.dll+0x2b5b16]  (no source info available)
V  [jvm.dll+0xd019f]  (no source info available)
V  [jvm.dll+0xd03ff]  (no source info available)
V  [jvm.dll+0x15b8bf]  (no source info available)
V  [jvm.dll+0x74698f]  (no source info available)
V  [jvm.dll+0x27a528]  (no source info available)
V  [jvm.dll+0x279641]  (no source info available)
V  [jvm.dll+0x1f313a]  (no source info available)
V  [jvm.dll+0x288e35]  (no source info available)
V  [jvm.dll+0x2870ca]  (no source info available)
V  [jvm.dll+0x43df56]  (no source info available)
V  [jvm.dll+0x920928]  (no source info available)
V  [jvm.dll+0x73f855]  (no source info available)
C  [ucrtbase.dll+0x37b0]  (no source info available)
C  [KERNEL32.DLL+0x2e8d7]  (no source info available)
C  [ntdll.dll+0x3c34c]  (no source info available)

Lock stack of current Java thread (top to bottom):


---------------  P R O C E S S  ---------------

Threads class SMR info:
_java_thread_list=0x00000000667f8f90, length=13, elements={
0x000000000061e6c0, 0x000000001ffd1260, 0x000000001ffd2710, 0x000000001ffd4430,
0x000000001ffd6b80, 0x000000001ffdbe40, 0x000000001ffe46c0, 0x000000001fff4030,
0x000000001fff4fa0, 0x0000000066091fa0, 0x00000000661a9c60, 0x00000000668031d0,
0x000000006680b5e0
}

Java Threads: ( => current thread )
  0x000000000061e6c0 JavaThread "main"                              [_thread_in_Java, id=21628, stack(0x00000000022e0000,0x00000000023e0000) (1024K)]
  0x000000001ffd1260 JavaThread "Reference Handler"          daemon [_thread_blocked, id=4200, stack(0x0000000020420000,0x0000000020520000) (1024K)]
  0x000000001ffd2710 JavaThread "Finalizer"                  daemon [_thread_blocked, id=19828, stack(0x0000000020520000,0x0000000020620000) (1024K)]
  0x000000001ffd4430 JavaThread "Signal Dispatcher"          daemon [_thread_blocked, id=27040, stack(0x0000000020620000,0x0000000020720000) (1024K)]
  0x000000001ffd6b80 JavaThread "Attach Listener"            daemon [_thread_blocked, id=21732, stack(0x0000000020720000,0x0000000020820000) (1024K)]
  0x000000001ffdbe40 JavaThread "Service Thread"             daemon [_thread_blocked, id=12196, stack(0x0000000020820000,0x0000000020920000) (1024K)]
  0x000000001ffe46c0 JavaThread "Monitor Deflation Thread"   daemon [_thread_blocked, id=1228, stack(0x0000000020920000,0x0000000020a20000) (1024K)]
=>0x000000001fff4030 JavaThread "C2 CompilerThread0"         daemon [_thread_in_native, id=16316, stack(0x0000000020a20000,0x0000000020b20000) (1024K)]
  0x000000001fff4fa0 JavaThread "C1 CompilerThread0"         daemon [_thread_blocked, id=272, stack(0x0000000020b20000,0x0000000020c20000) (1024K)]
  0x0000000066091fa0 JavaThread "Common-Cleaner"             daemon [_thread_blocked, id=16708, stack(0x0000000020c20000,0x0000000020d20000) (1024K)]
  0x00000000661a9c60 JavaThread "Notification Thread"        daemon [_thread_blocked, id=22252, stack(0x0000000020e80000,0x0000000020f80000) (1024K)]
  0x00000000668031d0 JavaThread "Java2D Disposer"            daemon [_thread_blocked, id=9644, stack(0x0000000066400000,0x0000000066500000) (1024K)]
  0x000000006680b5e0 JavaThread "AWT-Windows"                daemon [_thread_in_native, id=8768, stack(0x0000000066ef0000,0x0000000066ff0000) (1024K)]
Total: 13

Other Threads:
  0x000000001ffbe060 VMThread "VM Thread"                           [id=15236, stack(0x0000000020320000,0x0000000020420000) (1024K)]
  0x000000001fe79010 WatcherThread "VM Periodic Task Thread"        [id=10808, stack(0x0000000020220000,0x0000000020320000) (1024K)]
  0x0000000002d7eb80 WorkerThread "GC Thread#0"                     [id=20612, stack(0x000000001d2a0000,0x000000001d3a0000) (1024K)]
  0x0000000002d93740 ConcurrentGCThread "G1 Main Marker"            [id=8920, stack(0x000000001d3a0000,0x000000001d4a0000) (1024K)]
  0x0000000002d95df0 WorkerThread "G1 Conc#0"                       [id=25784, stack(0x000000001d4a0000,0x000000001d5a0000) (1024K)]
  0x0000000002deeb90 ConcurrentGCThread "G1 Refine#0"               [id=27140, stack(0x0000000020020000,0x0000000020120000) (1024K)]
  0x000000001fe69390 ConcurrentGCThread "G1 Service"                [id=18492, stack(0x0000000020120000,0x0000000020220000) (1024K)]
Total: 7

Threads with active compile tasks:
C2 CompilerThread0  2650  611       4       java.lang.StringLatin1::replace (197 bytes)
Total: 1

VM state: not at safepoint (normal execution)

VM Mutex/Monitor currently owned by a thread: None

Heap address: 0x0000000082a00000, size: 2006 MB, Compressed Oops mode: 32-bit

CDS archive(s) mapped at: [0x0000000021000000-0x0000000021d40000-0x0000000021d40000), size 13893632, SharedBaseAddress: 0x0000000021000000, ArchiveRelocationMode: 1.
Compressed class space mapped at: 0x0000000022000000-0x0000000062000000, reserved size: 1073741824
UseCompressedClassPointers 1, UseCompactObjectHeaders 0
Narrow klass pointer bits 32, Max shift 3
Narrow klass base: 0x0000000021000000, Narrow klass shift: 0
Encoding Range: [0x0000000021000000 - 0x0000000121000000), (4294967296 bytes)
Klass Range:    [0x0000000021000000 - 0x0000000062000000), (1090519040 bytes)
Klass ID Range:  [8 - 1090519033) (1090519025)

GC Precious Log:
 CardTable entry size: 512
 Card Set container configuration: InlinePtr #cards 5 size 8 Array Of Cards #cards 10 size 36 Howl #buckets 4 coarsen threshold 1843 Howl Bitmap #cards 512 size 80 coarsen threshold 460 Card regions per heap region 1 cards per card region 2048
 CPUs: 8 total, 8 available
 Memory: 8022M
 Large Page Support: Disabled
 NUMA Support: Disabled
 Compressed Oops: Enabled (32-bit)
 Heap Region Size: 1M
 Heap Min Capacity: 8M
 Heap Initial Capacity: 126M
 Heap Max Capacity: 2006M
 Pre-touch: Disabled
 Parallel Workers: 8
 Concurrent Workers: 2
 Concurrent Refinement Workers: 8
 Periodic GC: Disabled

Heap:
 garbage-first heap   total reserved 2054144K, committed 131072K, used 9328K [0x0000000082a00000, 0x0000000100000000)
  region size 1024K, 9 young (9216K), 0 survivors (0K)
 Metaspace       used 4459K, committed 4608K, reserved 1114112K
  class space    used 363K, committed 448K, reserved 1048576K

Heap Regions: E=young(eden), S=young(survivor), O=old, HS=humongous(starts), HC=humongous(continues), CS=collection set, F=free, TAMS=top-at-mark-start, PB=parsable bottom
|   0|0x0000000082a00000, 0x0000000082a00000, 0x0000000082b00000|  0%| F|  |TAMS 0x0000000082a00000| PB 0x0000000082a00000| Untracked |  0
|   1|0x0000000082b00000, 0x0000000082b00000, 0x0000000082c00000|  0%| F|  |TAMS 0x0000000082b00000| PB 0x0000000082b00000| Untracked |  0
|   2|0x0000000082c00000, 0x0000000082c00000, 0x0000000082d00000|  0%| F|  |TAMS 0x0000000082c00000| PB 0x0000000082c00000| Untracked |  0
|   3|0x0000000082d00000, 0x0000000082d00000, 0x0000000082e00000|  0%| F|  |TAMS 0x0000000082d00000| PB 0x0000000082d00000| Untracked |  0
|   4|0x0000000082e00000, 0x0000000082e00000, 0x0000000082f00000|  0%| F|  |TAMS 0x0000000082e00000| PB 0x0000000082e00000| Untracked |  0
|   5|0x0000000082f00000, 0x0000000082f00000, 0x0000000083000000|  0%| F|  |TAMS 0x0000000082f00000| PB 0x0000000082f00000| Untracked |  0
|   6|0x0000000083000000, 0x0000000083000000, 0x0000000083100000|  0%| F|  |TAMS 0x0000000083000000| PB 0x0000000083000000| Untracked |  0
|   7|0x0000000083100000, 0x0000000083100000, 0x0000000083200000|  0%| F|  |TAMS 0x0000000083100000| PB 0x0000000083100000| Untracked |  0
|   8|0x0000000083200000, 0x0000000083200000, 0x0000000083300000|  0%| F|  |TAMS 0x0000000083200000| PB 0x0000000083200000| Untracked |  0
|   9|0x0000000083300000, 0x0000000083300000, 0x0000000083400000|  0%| F|  |TAMS 0x0000000083300000| PB 0x0000000083300000| Untracked |  0
|  10|0x0000000083400000, 0x0000000083400000, 0x0000000083500000|  0%| F|  |TAMS 0x0000000083400000| PB 0x0000000083400000| Untracked |  0
|  11|0x0000000083500000, 0x0000000083500000, 0x0000000083600000|  0%| F|  |TAMS 0x0000000083500000| PB 0x0000000083500000| Untracked |  0
|  12|0x0000000083600000, 0x0000000083600000, 0x0000000083700000|  0%| F|  |TAMS 0x0000000083600000| PB 0x0000000083600000| Untracked |  0
|  13|0x0000000083700000, 0x0000000083700000, 0x0000000083800000|  0%| F|  |TAMS 0x0000000083700000| PB 0x0000000083700000| Untracked |  0
|  14|0x0000000083800000, 0x0000000083800000, 0x0000000083900000|  0%| F|  |TAMS 0x0000000083800000| PB 0x0000000083800000| Untracked |  0
|  15|0x0000000083900000, 0x0000000083900000, 0x0000000083a00000|  0%| F|  |TAMS 0x0000000083900000| PB 0x0000000083900000| Untracked |  0
|  16|0x0000000083a00000, 0x0000000083a00000, 0x0000000083b00000|  0%| F|  |TAMS 0x0000000083a00000| PB 0x0000000083a00000| Untracked |  0
|  17|0x0000000083b00000, 0x0000000083b00000, 0x0000000083c00000|  0%| F|  |TAMS 0x0000000083b00000| PB 0x0000000083b00000| Untracked |  0
|  18|0x0000000083c00000, 0x0000000083c00000, 0x0000000083d00000|  0%| F|  |TAMS 0x0000000083c00000| PB 0x0000000083c00000| Untracked |  0
|  19|0x0000000083d00000, 0x0000000083d00000, 0x0000000083e00000|  0%| F|  |TAMS 0x0000000083d00000| PB 0x0000000083d00000| Untracked |  0
|  20|0x0000000083e00000, 0x0000000083e00000, 0x0000000083f00000|  0%| F|  |TAMS 0x0000000083e00000| PB 0x0000000083e00000| Untracked |  0
|  21|0x0000000083f00000, 0x0000000083f00000, 0x0000000084000000|  0%| F|  |TAMS 0x0000000083f00000| PB 0x0000000083f00000| Untracked |  0
|  22|0x0000000084000000, 0x0000000084000000, 0x0000000084100000|  0%| F|  |TAMS 0x0000000084000000| PB 0x0000000084000000| Untracked |  0
|  23|0x0000000084100000, 0x0000000084100000, 0x0000000084200000|  0%| F|  |TAMS 0x0000000084100000| PB 0x0000000084100000| Untracked |  0
|  24|0x0000000084200000, 0x0000000084200000, 0x0000000084300000|  0%| F|  |TAMS 0x0000000084200000| PB 0x0000000084200000| Untracked |  0
|  25|0x0000000084300000, 0x0000000084300000, 0x0000000084400000|  0%| F|  |TAMS 0x0000000084300000| PB 0x0000000084300000| Untracked |  0
|  26|0x0000000084400000, 0x0000000084400000, 0x0000000084500000|  0%| F|  |TAMS 0x0000000084400000| PB 0x0000000084400000| Untracked |  0
|  27|0x0000000084500000, 0x0000000084500000, 0x0000000084600000|  0%| F|  |TAMS 0x0000000084500000| PB 0x0000000084500000| Untracked |  0
|  28|0x0000000084600000, 0x0000000084600000, 0x0000000084700000|  0%| F|  |TAMS 0x0000000084600000| PB 0x0000000084600000| Untracked |  0
|  29|0x0000000084700000, 0x0000000084700000, 0x0000000084800000|  0%| F|  |TAMS 0x0000000084700000| PB 0x0000000084700000| Untracked |  0
|  30|0x0000000084800000, 0x0000000084800000, 0x0000000084900000|  0%| F|  |TAMS 0x0000000084800000| PB 0x0000000084800000| Untracked |  0
|  31|0x0000000084900000, 0x0000000084900000, 0x0000000084a00000|  0%| F|  |TAMS 0x0000000084900000| PB 0x0000000084900000| Untracked |  0
|  32|0x0000000084a00000, 0x0000000084a00000, 0x0000000084b00000|  0%| F|  |TAMS 0x0000000084a00000| PB 0x0000000084a00000| Untracked |  0
|  33|0x0000000084b00000, 0x0000000084b00000, 0x0000000084c00000|  0%| F|  |TAMS 0x0000000084b00000| PB 0x0000000084b00000| Untracked |  0
|  34|0x0000000084c00000, 0x0000000084c00000, 0x0000000084d00000|  0%| F|  |TAMS 0x0000000084c00000| PB 0x0000000084c00000| Untracked |  0
|  35|0x0000000084d00000, 0x0000000084d00000, 0x0000000084e00000|  0%| F|  |TAMS 0x0000000084d00000| PB 0x0000000084d00000| Untracked |  0
|  36|0x0000000084e00000, 0x0000000084e00000, 0x0000000084f00000|  0%| F|  |TAMS 0x0000000084e00000| PB 0x0000000084e00000| Untracked |  0
|  37|0x0000000084f00000, 0x0000000084f00000, 0x0000000085000000|  0%| F|  |TAMS 0x0000000084f00000| PB 0x0000000084f00000| Untracked |  0
|  38|0x0000000085000000, 0x0000000085000000, 0x0000000085100000|  0%| F|  |TAMS 0x0000000085000000| PB 0x0000000085000000| Untracked |  0
|  39|0x0000000085100000, 0x0000000085100000, 0x0000000085200000|  0%| F|  |TAMS 0x0000000085100000| PB 0x0000000085100000| Untracked |  0
|  40|0x0000000085200000, 0x0000000085200000, 0x0000000085300000|  0%| F|  |TAMS 0x0000000085200000| PB 0x0000000085200000| Untracked |  0
|  41|0x0000000085300000, 0x0000000085300000, 0x0000000085400000|  0%| F|  |TAMS 0x0000000085300000| PB 0x0000000085300000| Untracked |  0
|  42|0x0000000085400000, 0x0000000085400000, 0x0000000085500000|  0%| F|  |TAMS 0x0000000085400000| PB 0x0000000085400000| Untracked |  0
|  43|0x0000000085500000, 0x0000000085500000, 0x0000000085600000|  0%| F|  |TAMS 0x0000000085500000| PB 0x0000000085500000| Untracked |  0
|  44|0x0000000085600000, 0x0000000085600000, 0x0000000085700000|  0%| F|  |TAMS 0x0000000085600000| PB 0x0000000085600000| Untracked |  0
|  45|0x0000000085700000, 0x0000000085700000, 0x0000000085800000|  0%| F|  |TAMS 0x0000000085700000| PB 0x0000000085700000| Untracked |  0
|  46|0x0000000085800000, 0x0000000085800000, 0x0000000085900000|  0%| F|  |TAMS 0x0000000085800000| PB 0x0000000085800000| Untracked |  0
|  47|0x0000000085900000, 0x0000000085900000, 0x0000000085a00000|  0%| F|  |TAMS 0x0000000085900000| PB 0x0000000085900000| Untracked |  0
|  48|0x0000000085a00000, 0x0000000085a00000, 0x0000000085b00000|  0%| F|  |TAMS 0x0000000085a00000| PB 0x0000000085a00000| Untracked |  0
|  49|0x0000000085b00000, 0x0000000085b00000, 0x0000000085c00000|  0%| F|  |TAMS 0x0000000085b00000| PB 0x0000000085b00000| Untracked |  0
|  50|0x0000000085c00000, 0x0000000085c00000, 0x0000000085d00000|  0%| F|  |TAMS 0x0000000085c00000| PB 0x0000000085c00000| Untracked |  0
|  51|0x0000000085d00000, 0x0000000085d00000, 0x0000000085e00000|  0%| F|  |TAMS 0x0000000085d00000| PB 0x0000000085d00000| Untracked |  0
|  52|0x0000000085e00000, 0x0000000085e00000, 0x0000000085f00000|  0%| F|  |TAMS 0x0000000085e00000| PB 0x0000000085e00000| Untracked |  0
|  53|0x0000000085f00000, 0x0000000085f00000, 0x0000000086000000|  0%| F|  |TAMS 0x0000000085f00000| PB 0x0000000085f00000| Untracked |  0
|  54|0x0000000086000000, 0x0000000086000000, 0x0000000086100000|  0%| F|  |TAMS 0x0000000086000000| PB 0x0000000086000000| Untracked |  0
|  55|0x0000000086100000, 0x0000000086100000, 0x0000000086200000|  0%| F|  |TAMS 0x0000000086100000| PB 0x0000000086100000| Untracked |  0
|  56|0x0000000086200000, 0x0000000086200000, 0x0000000086300000|  0%| F|  |TAMS 0x0000000086200000| PB 0x0000000086200000| Untracked |  0
|  57|0x0000000086300000, 0x0000000086300000, 0x0000000086400000|  0%| F|  |TAMS 0x0000000086300000| PB 0x0000000086300000| Untracked |  0
|  58|0x0000000086400000, 0x0000000086400000, 0x0000000086500000|  0%| F|  |TAMS 0x0000000086400000| PB 0x0000000086400000| Untracked |  0
|  59|0x0000000086500000, 0x0000000086500000, 0x0000000086600000|  0%| F|  |TAMS 0x0000000086500000| PB 0x0000000086500000| Untracked |  0
|  60|0x0000000086600000, 0x0000000086600000, 0x0000000086700000|  0%| F|  |TAMS 0x0000000086600000| PB 0x0000000086600000| Untracked |  0
|  61|0x0000000086700000, 0x0000000086700000, 0x0000000086800000|  0%| F|  |TAMS 0x0000000086700000| PB 0x0000000086700000| Untracked |  0
|  62|0x0000000086800000, 0x0000000086800000, 0x0000000086900000|  0%| F|  |TAMS 0x0000000086800000| PB 0x0000000086800000| Untracked |  0
|  63|0x0000000086900000, 0x0000000086900000, 0x0000000086a00000|  0%| F|  |TAMS 0x0000000086900000| PB 0x0000000086900000| Untracked |  0
|  64|0x0000000086a00000, 0x0000000086a00000, 0x0000000086b00000|  0%| F|  |TAMS 0x0000000086a00000| PB 0x0000000086a00000| Untracked |  0
|  65|0x0000000086b00000, 0x0000000086b00000, 0x0000000086c00000|  0%| F|  |TAMS 0x0000000086b00000| PB 0x0000000086b00000| Untracked |  0
|  66|0x0000000086c00000, 0x0000000086c00000, 0x0000000086d00000|  0%| F|  |TAMS 0x0000000086c00000| PB 0x0000000086c00000| Untracked |  0
|  67|0x0000000086d00000, 0x0000000086d00000, 0x0000000086e00000|  0%| F|  |TAMS 0x0000000086d00000| PB 0x0000000086d00000| Untracked |  0
|  68|0x0000000086e00000, 0x0000000086e00000, 0x0000000086f00000|  0%| F|  |TAMS 0x0000000086e00000| PB 0x0000000086e00000| Untracked |  0
|  69|0x0000000086f00000, 0x0000000086f00000, 0x0000000087000000|  0%| F|  |TAMS 0x0000000086f00000| PB 0x0000000086f00000| Untracked |  0
|  70|0x0000000087000000, 0x0000000087000000, 0x0000000087100000|  0%| F|  |TAMS 0x0000000087000000| PB 0x0000000087000000| Untracked |  0
|  71|0x0000000087100000, 0x0000000087100000, 0x0000000087200000|  0%| F|  |TAMS 0x0000000087100000| PB 0x0000000087100000| Untracked |  0
|  72|0x0000000087200000, 0x0000000087200000, 0x0000000087300000|  0%| F|  |TAMS 0x0000000087200000| PB 0x0000000087200000| Untracked |  0
|  73|0x0000000087300000, 0x0000000087300000, 0x0000000087400000|  0%| F|  |TAMS 0x0000000087300000| PB 0x0000000087300000| Untracked |  0
|  74|0x0000000087400000, 0x0000000087400000, 0x0000000087500000|  0%| F|  |TAMS 0x0000000087400000| PB 0x0000000087400000| Untracked |  0
|  75|0x0000000087500000, 0x0000000087500000, 0x0000000087600000|  0%| F|  |TAMS 0x0000000087500000| PB 0x0000000087500000| Untracked |  0
|  76|0x0000000087600000, 0x0000000087600000, 0x0000000087700000|  0%| F|  |TAMS 0x0000000087600000| PB 0x0000000087600000| Untracked |  0
|  77|0x0000000087700000, 0x0000000087700000, 0x0000000087800000|  0%| F|  |TAMS 0x0000000087700000| PB 0x0000000087700000| Untracked |  0
|  78|0x0000000087800000, 0x0000000087800000, 0x0000000087900000|  0%| F|  |TAMS 0x0000000087800000| PB 0x0000000087800000| Untracked |  0
|  79|0x0000000087900000, 0x0000000087900000, 0x0000000087a00000|  0%| F|  |TAMS 0x0000000087900000| PB 0x0000000087900000| Untracked |  0
|  80|0x0000000087a00000, 0x0000000087a00000, 0x0000000087b00000|  0%| F|  |TAMS 0x0000000087a00000| PB 0x0000000087a00000| Untracked |  0
|  81|0x0000000087b00000, 0x0000000087b00000, 0x0000000087c00000|  0%| F|  |TAMS 0x0000000087b00000| PB 0x0000000087b00000| Untracked |  0
|  82|0x0000000087c00000, 0x0000000087c00000, 0x0000000087d00000|  0%| F|  |TAMS 0x0000000087c00000| PB 0x0000000087c00000| Untracked |  0
|  83|0x0000000087d00000, 0x0000000087d00000, 0x0000000087e00000|  0%| F|  |TAMS 0x0000000087d00000| PB 0x0000000087d00000| Untracked |  0
|  84|0x0000000087e00000, 0x0000000087e00000, 0x0000000087f00000|  0%| F|  |TAMS 0x0000000087e00000| PB 0x0000000087e00000| Untracked |  0
|  85|0x0000000087f00000, 0x0000000087f00000, 0x0000000088000000|  0%| F|  |TAMS 0x0000000087f00000| PB 0x0000000087f00000| Untracked |  0
|  86|0x0000000088000000, 0x0000000088000000, 0x0000000088100000|  0%| F|  |TAMS 0x0000000088000000| PB 0x0000000088000000| Untracked |  0
|  87|0x0000000088100000, 0x0000000088100000, 0x0000000088200000|  0%| F|  |TAMS 0x0000000088100000| PB 0x0000000088100000| Untracked |  0
|  88|0x0000000088200000, 0x0000000088200000, 0x0000000088300000|  0%| F|  |TAMS 0x0000000088200000| PB 0x0000000088200000| Untracked |  0
|  89|0x0000000088300000, 0x0000000088300000, 0x0000000088400000|  0%| F|  |TAMS 0x0000000088300000| PB 0x0000000088300000| Untracked |  0
|  90|0x0000000088400000, 0x0000000088400000, 0x0000000088500000|  0%| F|  |TAMS 0x0000000088400000| PB 0x0000000088400000| Untracked |  0
|  91|0x0000000088500000, 0x0000000088500000, 0x0000000088600000|  0%| F|  |TAMS 0x0000000088500000| PB 0x0000000088500000| Untracked |  0
|  92|0x0000000088600000, 0x0000000088600000, 0x0000000088700000|  0%| F|  |TAMS 0x0000000088600000| PB 0x0000000088600000| Untracked |  0
|  93|0x0000000088700000, 0x0000000088700000, 0x0000000088800000|  0%| F|  |TAMS 0x0000000088700000| PB 0x0000000088700000| Untracked |  0
|  94|0x0000000088800000, 0x0000000088800000, 0x0000000088900000|  0%| F|  |TAMS 0x0000000088800000| PB 0x0000000088800000| Untracked |  0
|  95|0x0000000088900000, 0x0000000088900000, 0x0000000088a00000|  0%| F|  |TAMS 0x0000000088900000| PB 0x0000000088900000| Untracked |  0
|  96|0x0000000088a00000, 0x0000000088a00000, 0x0000000088b00000|  0%| F|  |TAMS 0x0000000088a00000| PB 0x0000000088a00000| Untracked |  0
|  97|0x0000000088b00000, 0x0000000088b00000, 0x0000000088c00000|  0%| F|  |TAMS 0x0000000088b00000| PB 0x0000000088b00000| Untracked |  0
|  98|0x0000000088c00000, 0x0000000088c00000, 0x0000000088d00000|  0%| F|  |TAMS 0x0000000088c00000| PB 0x0000000088c00000| Untracked |  0
|  99|0x0000000088d00000, 0x0000000088d00000, 0x0000000088e00000|  0%| F|  |TAMS 0x0000000088d00000| PB 0x0000000088d00000| Untracked |  0
| 100|0x0000000088e00000, 0x0000000088e00000, 0x0000000088f00000|  0%| F|  |TAMS 0x0000000088e00000| PB 0x0000000088e00000| Untracked |  0
| 101|0x0000000088f00000, 0x0000000088f00000, 0x0000000089000000|  0%| F|  |TAMS 0x0000000088f00000| PB 0x0000000088f00000| Untracked |  0
| 102|0x0000000089000000, 0x0000000089000000, 0x0000000089100000|  0%| F|  |TAMS 0x0000000089000000| PB 0x0000000089000000| Untracked |  0
| 103|0x0000000089100000, 0x0000000089100000, 0x0000000089200000|  0%| F|  |TAMS 0x0000000089100000| PB 0x0000000089100000| Untracked |  0
| 104|0x0000000089200000, 0x0000000089200000, 0x0000000089300000|  0%| F|  |TAMS 0x0000000089200000| PB 0x0000000089200000| Untracked |  0
| 105|0x0000000089300000, 0x0000000089300000, 0x0000000089400000|  0%| F|  |TAMS 0x0000000089300000| PB 0x0000000089300000| Untracked |  0
| 106|0x0000000089400000, 0x0000000089400000, 0x0000000089500000|  0%| F|  |TAMS 0x0000000089400000| PB 0x0000000089400000| Untracked |  0
| 107|0x0000000089500000, 0x0000000089500000, 0x0000000089600000|  0%| F|  |TAMS 0x0000000089500000| PB 0x0000000089500000| Untracked |  0
| 108|0x0000000089600000, 0x0000000089600000, 0x0000000089700000|  0%| F|  |TAMS 0x0000000089600000| PB 0x0000000089600000| Untracked |  0
| 109|0x0000000089700000, 0x0000000089700000, 0x0000000089800000|  0%| F|  |TAMS 0x0000000089700000| PB 0x0000000089700000| Untracked |  0
| 110|0x0000000089800000, 0x0000000089800000, 0x0000000089900000|  0%| F|  |TAMS 0x0000000089800000| PB 0x0000000089800000| Untracked |  0
| 111|0x0000000089900000, 0x0000000089900000, 0x0000000089a00000|  0%| F|  |TAMS 0x0000000089900000| PB 0x0000000089900000| Untracked |  0
| 112|0x0000000089a00000, 0x0000000089a00000, 0x0000000089b00000|  0%| F|  |TAMS 0x0000000089a00000| PB 0x0000000089a00000| Untracked |  0
| 113|0x0000000089b00000, 0x0000000089b00000, 0x0000000089c00000|  0%| F|  |TAMS 0x0000000089b00000| PB 0x0000000089b00000| Untracked |  0
| 114|0x0000000089c00000, 0x0000000089c00000, 0x0000000089d00000|  0%| F|  |TAMS 0x0000000089c00000| PB 0x0000000089c00000| Untracked |  0
| 115|0x0000000089d00000, 0x0000000089d00000, 0x0000000089e00000|  0%| F|  |TAMS 0x0000000089d00000| PB 0x0000000089d00000| Untracked |  0
| 116|0x0000000089e00000, 0x0000000089e00000, 0x0000000089f00000|  0%| F|  |TAMS 0x0000000089e00000| PB 0x0000000089e00000| Untracked |  0
| 117|0x0000000089f00000, 0x000000008a000000, 0x000000008a000000|100%| E|  |TAMS 0x0000000089f00000| PB 0x0000000089f00000| Complete |  0
| 118|0x000000008a000000, 0x000000008a100000, 0x000000008a100000|100%| E|CS|TAMS 0x000000008a000000| PB 0x000000008a000000| Complete |  0
| 119|0x000000008a100000, 0x000000008a200000, 0x000000008a200000|100%| E|CS|TAMS 0x000000008a100000| PB 0x000000008a100000| Complete |  0
| 120|0x000000008a200000, 0x000000008a300000, 0x000000008a300000|100%| E|CS|TAMS 0x000000008a200000| PB 0x000000008a200000| Complete |  0
| 121|0x000000008a300000, 0x000000008a400000, 0x000000008a400000|100%| E|CS|TAMS 0x000000008a300000| PB 0x000000008a300000| Complete |  0
| 122|0x000000008a400000, 0x000000008a500000, 0x000000008a500000|100%| E|CS|TAMS 0x000000008a400000| PB 0x000000008a400000| Complete |  0
| 123|0x000000008a500000, 0x000000008a600000, 0x000000008a600000|100%| E|CS|TAMS 0x000000008a500000| PB 0x000000008a500000| Complete |  0
| 124|0x000000008a600000, 0x000000008a700000, 0x000000008a700000|100%| E|CS|TAMS 0x000000008a600000| PB 0x000000008a600000| Complete |  0
| 125|0x000000008a700000, 0x000000008a800000, 0x000000008a800000|100%| E|CS|TAMS 0x000000008a700000| PB 0x000000008a700000| Complete |  0
|2004|0x00000000ffe00000, 0x00000000fff00000, 0x00000000fff00000|100%| O|  |TAMS 0x00000000ffe00000| PB 0x00000000ffe00000| Untracked |  0
|2005|0x00000000fff00000, 0x00000000fff1c2f8, 0x0000000100000000| 11%| O|  |TAMS 0x00000000fff00000| PB 0x00000000fff00000| Untracked |  0

Card table byte_map: [0x000000001af50000,0x000000001b340000] _byte_map_base: 0x000000001ab3b000

Marking Bits: (CMBitMap*) 0x0000000002d7f290
 Bits: [0x000000001b340000, 0x000000001d298000)

Polling page: 0x0000000000a00000

Metaspace:

Usage:
  Non-class:      4.02 MB used.
      Class:    366.00 KB used.
       Both:      4.38 MB used.

Virtual space:
  Non-class space:       64.00 MB reserved,       4.06 MB (  6%) committed,  1 nodes.
      Class space:        1.00 GB reserved,     448.00 KB ( <1%) committed,  1 nodes.
             Both:        1.06 GB reserved,       4.50 MB ( <1%) committed. 

Chunk freelists:
   Non-Class:  11.88 MB
       Class:  15.59 MB
        Both:  27.46 MB

MaxMetaspaceSize: unlimited
CompressedClassSpaceSize: 1.00 GB
Initial GC threshold: 21.00 MB
Current GC threshold: 21.00 MB
CDS: on
 - commit_granule_bytes: 65536.
 - commit_granule_words: 8192.
 - virtual_space_node_default_size: 8388608.
 - enlarge_chunks_in_place: 1.
UseCompressedClassPointers 1, UseCompactObjectHeaders 0
Narrow klass pointer bits 32, Max shift 3
Narrow klass base: 0x0000000021000000, Narrow klass shift: 0
Encoding Range: [0x0000000021000000 - 0x0000000121000000), (4294967296 bytes)
Klass Range:    [0x0000000021000000 - 0x0000000062000000), (1090519040 bytes)
Klass ID Range:  [8 - 1090519033) (1090519025)


Internal statistics:

num_allocs_failed_limit: 0.
num_arena_births: 56.
num_arena_deaths: 0.
num_vsnodes_births: 2.
num_vsnodes_deaths: 0.
num_space_committed: 72.
num_space_uncommitted: 0.
num_chunks_returned_to_freelist: 0.
num_chunks_taken_from_freelist: 69.
num_chunk_merges: 0.
num_chunk_splits: 46.
num_chunks_enlarged: 29.
num_inconsistent_stats: 0.

CodeHeap 'non-profiled nmethods': size=120064Kb used=166Kb max_used=166Kb free=119897Kb
 bounds [0x00000000132f0000, 0x0000000013560000, 0x000000001a830000]
CodeHeap 'profiled nmethods': size=120000Kb used=818Kb max_used=818Kb free=119181Kb
 bounds [0x000000000b830000, 0x000000000baa0000, 0x0000000012d60000]
CodeHeap 'non-nmethods': size=5696Kb used=1344Kb max_used=1344Kb free=4351Kb
 bounds [0x0000000012d60000, 0x0000000012fd0000, 0x00000000132f0000]
CodeCache: size=245760Kb, used=2328Kb, max_used=2328Kb, free=243429Kb
 total_blobs=1131, nmethods=622, adapters=414, full_count=0
Compilation: enabled, stopped_count=0, restarted_count=0

Compilation events (20 events):
Event: 1.423 Thread 0x000000001fff4fa0  603       3       jdk.internal.classfile.impl.BufWriterImpl::writeInt (58 bytes)
Event: 1.424 Thread 0x000000001fff4fa0 nmethod 603 0x000000000b8f3e88 code [0x000000000b8f3fc0, 0x000000000b8f42e8]
Event: 1.424 Thread 0x000000001fff4fa0  604       3       jdk.internal.classfile.impl.StackMapGenerator::processInvokeInstructions (262 bytes)
Event: 1.425 Thread 0x000000001fff4030  611       4       java.lang.StringLatin1::replace (197 bytes)
Event: 1.426 Thread 0x000000001fff4fa0 nmethod 604 0x000000000b8f4308 code [0x000000000b8f47e0, 0x000000000b8f7f48]
Event: 1.427 Thread 0x000000001fff4fa0  605       3       java.lang.invoke.LambdaForm$NamedFunction::methodType (28 bytes)
Event: 1.427 Thread 0x000000001fff4fa0 nmethod 605 0x000000000b8f8108 code [0x000000000b8f8240, 0x000000000b8f85c0]
Event: 1.427 Thread 0x000000001fff4fa0  609       1       java.lang.invoke.LambdaForm$BasicType::basicTypeKind (5 bytes)
Event: 1.427 Thread 0x000000001fff4fa0 nmethod 609 0x0000000013318208 code [0x0000000013318300, 0x00000000133183c8]
Event: 1.427 Thread 0x000000001fff4fa0  610       1       java.lang.invoke.LambdaForm$Name::index (5 bytes)
Event: 1.427 Thread 0x000000001fff4fa0 nmethod 610 0x0000000013318508 code [0x0000000013318600, 0x00000000133186c8]
Event: 1.427 Thread 0x000000001fff4fa0  606       1       java.lang.classfile.ClassFile::latestMajorVersion (3 bytes)
Event: 1.427 Thread 0x000000001fff4fa0 nmethod 606 0x0000000013318808 code [0x0000000013318900, 0x00000000133189a8]
Event: 1.427 Thread 0x000000001fff4fa0  607       1       java.lang.classfile.ClassFile::latestMinorVersion (2 bytes)
Event: 1.427 Thread 0x000000001fff4fa0 nmethod 607 0x0000000013318b08 code [0x0000000013318c00, 0x0000000013318ca8]
Event: 1.427 Thread 0x000000001fff4fa0  608       1       jdk.internal.classfile.impl.DirectClassBuilder::setFlags (6 bytes)
Event: 1.427 Thread 0x000000001fff4fa0 nmethod 608 0x0000000013318e08 code [0x0000000013318f00, 0x0000000013318fc8]
Event: 1.436 Thread 0x000000001fff4fa0  615       3       jdk.internal.classfile.impl.Util::writeAttribute (67 bytes)
Event: 1.436 Thread 0x000000001fff4fa0 nmethod 615 0x000000000b8f8608 code [0x000000000b8f8760, 0x000000000b8f8df0]
Event: 1.436 Thread 0x000000001fff4fa0  617       3       jdk.internal.classfile.impl.SplitConstantPool::writeTo (120 bytes)

GC Heap History (0 events):
No events

Dll operation events (7 events):
Event: 0.016 Loaded shared library C:\Program Files\Apache NetBeans\jdk\bin\java.dll
Event: 0.065 Loaded shared library C:\Program Files\Apache NetBeans\jdk\bin\jsvml.dll
Event: 0.121 Loaded shared library C:\Program Files\Apache NetBeans\jdk\bin\net.dll
Event: 0.124 Loaded shared library C:\Program Files\Apache NetBeans\jdk\bin\nio.dll
Event: 0.168 Loaded shared library C:\Program Files\Apache NetBeans\jdk\bin\zip.dll
Event: 0.193 Loaded shared library C:\Program Files\Apache NetBeans\jdk\bin\jimage.dll
Event: 0.208 Loaded shared library C:\Program Files\Apache NetBeans\jdk\bin\awt.dll

Deoptimization events (4 events):
Event: 1.351 Thread 0x000000000061e6c0 Uncommon trap: trap_request=0xffffff4d fr.pc=0x000000001330139c relative=0x000000000000085c
Event: 1.351 Thread 0x000000000061e6c0 Uncommon trap: reason=unstable_if action=reinterpret pc=0x000000001330139c method=java.util.HashMap.putVal(ILjava/lang/Object;Ljava/lang/Object;ZZ)Ljava/lang/Object; @ 236 c2
Event: 1.351 Thread 0x000000000061e6c0 DEOPT PACKING pc=0x000000001330139c sp=0x00000000023de1d0
Event: 1.351 Thread 0x000000000061e6c0 DEOPT UNPACKING pc=0x0000000012e74c02 sp=0x00000000023de168 mode 2

Classes loaded (20 events):
Event: 1.430 Loading class javax/swing/plaf/basic/BasicRootPaneUI$RootPaneInputMap done
Event: 1.430 Loading class javax/swing/plaf/InputMapUIResource
Event: 1.431 Loading class javax/swing/plaf/InputMapUIResource done
Event: 1.431 Loading class java/util/StringTokenizer
Event: 1.431 Loading class java/util/StringTokenizer done
Event: 1.431 Loading class java/awt/VKCollection
Event: 1.431 Loading class java/awt/VKCollection done
Event: 1.431 Loading class java/awt/event/KeyEvent
Event: 1.432 Loading class java/awt/event/KeyEvent done
Event: 1.434 Loading class java/awt/event/KeyEvent$1
Event: 1.434 Loading class sun/awt/AWTAccessor$KeyEventAccessor
Event: 1.435 Loading class sun/awt/AWTAccessor$KeyEventAccessor done
Event: 1.435 Loading class java/awt/event/KeyEvent$1 done
Event: 1.435 Loading class java/lang/invoke/DirectMethodHandle$StaticAccessor
Event: 1.435 Loading class java/lang/invoke/DirectMethodHandle$StaticAccessor done
Event: 1.435 Loading class jdk/internal/reflect/MethodHandleIntegerFieldAccessorImpl
Event: 1.435 Loading class jdk/internal/reflect/MethodHandleIntegerFieldAccessorImpl done
Event: 1.436 Loading class javax/swing/plaf/basic/LazyActionMap
Event: 1.436 Loading class javax/swing/plaf/ActionMapUIResource
Event: 1.437 Loading class javax/swing/ActionMap

Classes unloaded (0 events):
No events

Classes redefined (0 events):
No events

Internal exceptions (20 events):
Event: 0.126 Thread 0x000000000061e6c0 Exception <a 'sun/nio/fs/WindowsException'{0x000000008a6d9210}> (0x000000008a6d9210) 
thrown [s\src\hotspot\share\prims\jni.cpp, line 518]
Event: 0.129 Thread 0x000000000061e6c0 Exception <a 'sun/nio/fs/WindowsException'{0x000000008a6db550}> (0x000000008a6db550) 
thrown [s\src\hotspot\share\prims\jni.cpp, line 518]
Event: 0.130 Thread 0x000000000061e6c0 Exception <a 'sun/nio/fs/WindowsException'{0x000000008a6dbfe8}> (0x000000008a6dbfe8) 
thrown [s\src\hotspot\share\prims\jni.cpp, line 518]
Event: 0.201 Thread 0x000000000061e6c0 Exception <a 'java/lang/ClassNotFoundException'{0x000000008a4258c8}: sun/awt/resources/spi/awtProvider> (0x000000008a4258c8) 
thrown [s\src\hotspot\share\classfile\systemDictionary.cpp, line 327]
Event: 0.217 Thread 0x000000000061e6c0 Exception <a 'java/io/FileNotFoundException'{0x000000008a445fd0}> (0x000000008a445fd0) 
thrown [s\src\hotspot\share\prims\jni.cpp, line 518]
Event: 0.220 Thread 0x000000000061e6c0 Exception <a 'java/io/FileNotFoundException'{0x000000008a4588d0}> (0x000000008a4588d0) 
thrown [s\src\hotspot\share\prims\jni.cpp, line 518]
Event: 0.287 Thread 0x000000000061e6c0 Exception <a 'java/lang/NoSuchMethodError'{0x000000008a4a3908}: 'java.lang.Object java.lang.invoke.DirectMethodHandle$Holder.invokeStaticInit(java.lang.Object)'> (0x000000008a4a3908) 
thrown [s\src\hotspot\share\interpreter\linkResolver.cpp, line 805]
Event: 0.348 Thread 0x000000000061e6c0 Exception <a 'java/lang/NoSuchMethodError'{0x000000008a4d5138}: 'int java.lang.invoke.DirectMethodHandle$Holder.invokeStaticInit(java.lang.Object, int)'> (0x000000008a4d5138) 
thrown [s\src\hotspot\share\interpreter\linkResolver.cpp, line 805]
Event: 0.350 Thread 0x000000000061e6c0 Exception <a 'java/lang/NoSuchMethodError'{0x000000008a4dd958}: 'long java.lang.invoke.DirectMethodHandle$Holder.invokeStatic(java.lang.Object, java.lang.Object)'> (0x000000008a4dd958) 
thrown [s\src\hotspot\share\interpreter\linkResolver.cpp, line 805]
Event: 0.350 Thread 0x000000000061e6c0 Exception <a 'java/lang/NoSuchMethodError'{0x000000008a4e5978}: 'long java.lang.invoke.DirectMethodHandle$Holder.invokeStaticInit(java.lang.Object, java.lang.Object)'> (0x000000008a4e5978) 
thrown [s\src\hotspot\share\interpreter\linkResolver.cpp, line 805]
Event: 0.352 Thread 0x000000000061e6c0 Exception <a 'java/lang/NoSuchMethodError'{0x000000008a4ee1c0}: 'java.lang.Object java.lang.invoke.DirectMethodHandle$Holder.invokeStatic(java.lang.Object, long, java.lang.Object)'> (0x000000008a4ee1c0) 
thrown [s\src\hotspot\share\interpreter\linkResolver.cpp, line 805]
Event: 0.353 Thread 0x000000000061e6c0 Exception <a 'java/lang/NoSuchMethodError'{0x000000008a4f62d8}: 'java.lang.Object java.lang.invoke.DirectMethodHandle$Holder.invokeStaticInit(java.lang.Object, long, java.lang.Object)'> (0x000000008a4f62d8) 
thrown [s\src\hotspot\share\interpreter\linkResolver.cpp, line 805]
Event: 0.353 Thread 0x000000000061e6c0 Exception <a 'java/lang/NoSuchMethodError'{0x000000008a4fe710}: 'java.lang.Object java.lang.invoke.DirectMethodHandle$Holder.invokeStatic(java.lang.Object, long)'> (0x000000008a4fe710) 
thrown [s\src\hotspot\share\interpreter\linkResolver.cpp, line 805]
Event: 0.354 Thread 0x000000000061e6c0 Exception <a 'java/lang/NoSuchMethodError'{0x000000008a386988}: 'java.lang.Object java.lang.invoke.DirectMethodHandle$Holder.invokeStaticInit(java.lang.Object, long)'> (0x000000008a386988) 
thrown [s\src\hotspot\share\interpreter\linkResolver.cpp, line 805]
Event: 1.355 Thread 0x000000000061e6c0 Exception <a 'java/lang/NoSuchMethodError'{0x000000008a3b6990}: 'void java.lang.invoke.DirectMethodHandle$Holder.invokeSpecial(java.lang.Object, java.lang.Object, java.lang.Object)'> (0x000000008a3b6990) 
thrown [s\src\hotspot\share\interpreter\linkResolver.cpp, line 805]
Event: 1.371 Thread 0x000000000061e6c0 Exception <a 'java/lang/NoSuchMethodError'{0x000000008a2a63b0}: 'java.lang.Object java.lang.invoke.DirectMethodHandle$Holder.newInvokeSpecial(java.lang.Object, java.lang.Object, java.lang.Object, java.lang.Object, java.lang.Object)'> (0x000000008a2a63b0) 
thrown [s\src\hotspot\share\interpreter\linkResolver.cpp, line 805]
Event: 1.378 Thread 0x000000000061e6c0 Exception <a 'java/lang/NoSuchMethodError'{0x000000008a10eec0}: 'java.lang.Object java.lang.invoke.DirectMethodHandle$Holder.invokeStatic(java.lang.Object, int, java.lang.Object)'> (0x000000008a10eec0) 
thrown [s\src\hotspot\share\interpreter\linkResolver.cpp, line 805]
Event: 1.420 Thread 0x000000000061e6c0 Exception <a 'java/lang/ClassNotFoundException'{0x0000000089f3c710}: com/sun/swing/internal/plaf/metal/resources/spi/metalProvider> (0x0000000089f3c710) 
thrown [s\src\hotspot\share\classfile\systemDictionary.cpp, line 327]
Event: 1.421 Thread 0x000000000061e6c0 Exception <a 'java/lang/ClassNotFoundException'{0x0000000089f40170}: com/sun/swing/internal/plaf/basic/resources/spi/basicProvider> (0x0000000089f40170) 
thrown [s\src\hotspot\share\classfile\systemDictionary.cpp, line 327]
Event: 1.435 Thread 0x000000000061e6c0 Exception <a 'java/lang/NoSuchMethodError'{0x0000000089f6dcc8}: 'int java.lang.invoke.Invokers$Holder.invokeExact_MT(java.lang.Object, java.lang.Object)'> (0x0000000089f6dcc8) 
thrown [s\src\hotspot\share\interpreter\linkResolver.cpp, line 805]

VM Operations (2 events):
Event: 0.132 Executing VM operation: HandshakeAllThreads (Deoptimize)
Event: 0.132 Executing VM operation: HandshakeAllThreads (Deoptimize) done

Memory protections (0 events):
No events

Nmethod flushes (0 events):
No events

Events (17 events):
Event: 0.044 Thread 0x000000000061e6c0 Thread added: 0x000000000061e6c0
Event: 0.061 Thread 0x000000000061e6c0 Thread added: 0x000000001ffd1260
Event: 0.061 Thread 0x000000000061e6c0 Thread added: 0x000000001ffd2710
Event: 0.062 Thread 0x000000000061e6c0 Thread added: 0x000000001ffd4430
Event: 0.062 Thread 0x000000000061e6c0 Thread added: 0x000000001ffd6b80
Event: 0.062 Thread 0x000000000061e6c0 Thread added: 0x000000001ffdbe40
Event: 0.062 Thread 0x000000000061e6c0 Thread added: 0x000000001ffe46c0
Event: 0.062 Thread 0x000000000061e6c0 Thread added: 0x000000001fff4030
Event: 0.062 Thread 0x000000000061e6c0 Thread added: 0x000000001fff4fa0
Event: 0.119 Thread 0x000000000061e6c0 Thread added: 0x0000000066091fa0
Event: 0.150 Thread 0x000000000061e6c0 Thread added: 0x00000000661a9c60
Event: 0.159 Thread 0x000000001fff4030 Thread added: 0x000000001fff7570
Event: 0.324 Thread 0x000000001fff7570 Thread exited: 0x000000001fff7570
Event: 0.326 Thread 0x000000000061e6c0 Thread added: 0x00000000668031d0
Event: 0.327 Thread 0x000000000061e6c0 Thread added: 0x00000000668063d0
Event: 0.328 Thread 0x000000000061e6c0 Thread added: 0x000000006680b5e0
Event: 1.357 Thread 0x00000000668063d0 Thread exited: 0x00000000668063d0


Dynamic libraries:
0x00007ff6a2f30000 - 0x00007ff6a2f3e000 	C:\Program Files\Apache NetBeans\jdk\bin\java.exe
0x00007ff9a2b20000 - 0x00007ff9a2d88000 	C:\WINDOWS\SYSTEM32\ntdll.dll
0x00007ff9a1140000 - 0x00007ff9a1209000 	C:\WINDOWS\System32\KERNEL32.DLL
0x00007ff99fc70000 - 0x00007ff9a005d000 	C:\WINDOWS\System32\KERNELBASE.dll
0x00007ff9a0320000 - 0x00007ff9a046b000 	C:\WINDOWS\System32\ucrtbase.dll
0x00007ff951770000 - 0x00007ff951786000 	C:\Program Files\Apache NetBeans\jdk\bin\jli.dll
0x00007ff951800000 - 0x00007ff95181e000 	C:\Program Files\Apache NetBeans\jdk\bin\VCRUNTIME140.dll
0x00007ff9a2800000 - 0x00007ff9a29cc000 	C:\WINDOWS\System32\USER32.dll
0x00007ff98be90000 - 0x00007ff98c12a000 	C:\WINDOWS\WinSxS\amd64_microsoft.windows.common-controls_6595b64144ccf1df_6.0.26100.4484_none_3e0e6d4ce32ef3b3\COMCTL32.dll
0x00007ff9a0060000 - 0x00007ff9a0087000 	C:\WINDOWS\System32\win32u.dll
0x00007ff9a0be0000 - 0x00007ff9a0c89000 	C:\WINDOWS\System32\msvcrt.dll
0x00007ff9a2a30000 - 0x00007ff9a2a5b000 	C:\WINDOWS\System32\GDI32.dll
0x00007ff9a01e0000 - 0x00007ff9a0317000 	C:\WINDOWS\System32\gdi32full.dll
0x00007ff9a0130000 - 0x00007ff9a01d3000 	C:\WINDOWS\System32\msvcp_win.dll
0x00007ff9a0ca0000 - 0x00007ff9a0ccf000 	C:\WINDOWS\System32\IMM32.DLL
0x00007ff967ca0000 - 0x00007ff967cac000 	C:\Program Files\Apache NetBeans\jdk\bin\vcruntime140_1.dll
0x00007ff92e8f0000 - 0x00007ff92e97d000 	C:\Program Files\Apache NetBeans\jdk\bin\msvcp140.dll
0x00007ff92ebe0000 - 0x00007ff92fa5c000 	C:\Program Files\Apache NetBeans\jdk\bin\server\jvm.dll
0x00007ff9a08c0000 - 0x00007ff9a0974000 	C:\WINDOWS\System32\ADVAPI32.dll
0x00007ff9a0a80000 - 0x00007ff9a0b26000 	C:\WINDOWS\System32\sechost.dll
0x00007ff9a2560000 - 0x00007ff9a2678000 	C:\WINDOWS\System32\RPCRT4.dll
0x00007ff9a2680000 - 0x00007ff9a26f4000 	C:\WINDOWS\System32\WS2_32.dll
0x00007ff99fac0000 - 0x00007ff99fb1e000 	C:\WINDOWS\SYSTEM32\POWRPROF.dll
0x00007ff990ca0000 - 0x00007ff990cab000 	C:\WINDOWS\SYSTEM32\VERSION.dll
0x00007ff98dad0000 - 0x00007ff98db05000 	C:\WINDOWS\SYSTEM32\WINMM.dll
0x00007ff99faa0000 - 0x00007ff99fab4000 	C:\WINDOWS\SYSTEM32\UMPDC.dll
0x00007ff99e9f0000 - 0x00007ff99ea0b000 	C:\WINDOWS\SYSTEM32\kernel.appcore.dll
0x00007ff95caf0000 - 0x00007ff95cafa000 	C:\Program Files\Apache NetBeans\jdk\bin\jimage.dll
0x00007ff99a310000 - 0x00007ff99a551000 	C:\WINDOWS\SYSTEM32\DBGHELP.DLL
0x00007ff9a1f20000 - 0x00007ff9a22a6000 	C:\WINDOWS\System32\combase.dll
0x00007ff9a22c0000 - 0x00007ff9a23a0000 	C:\WINDOWS\System32\OLEAUT32.dll
0x00007ff989140000 - 0x00007ff989183000 	C:\WINDOWS\SYSTEM32\dbgcore.DLL
0x00007ff9a0090000 - 0x00007ff9a0129000 	C:\WINDOWS\System32\bcryptPrimitives.dll
0x00007ff9517a0000 - 0x00007ff9517be000 	C:\Program Files\Apache NetBeans\jdk\bin\java.dll
0x00007ff9a23b0000 - 0x00007ff9a254e000 	C:\WINDOWS\System32\ole32.dll
0x00007ff9a1210000 - 0x00007ff9a195a000 	C:\WINDOWS\System32\SHELL32.dll
0x00007ff9a0740000 - 0x00007ff9a08b4000 	C:\WINDOWS\System32\wintypes.dll
0x00007ff99d870000 - 0x00007ff99e0cb000 	C:\WINDOWS\SYSTEM32\windows.storage.dll
0x00007ff9a0980000 - 0x00007ff9a0a75000 	C:\WINDOWS\System32\SHCORE.dll
0x00007ff9a2a60000 - 0x00007ff9a2aca000 	C:\WINDOWS\System32\shlwapi.dll
0x00007ff99fb80000 - 0x00007ff99fbaf000 	C:\WINDOWS\SYSTEM32\profapi.dll
0x00007ff92eb00000 - 0x00007ff92ebd7000 	C:\Program Files\Apache NetBeans\jdk\bin\jsvml.dll
0x00007ff951740000 - 0x00007ff951750000 	C:\Program Files\Apache NetBeans\jdk\bin\net.dll
0x00007ff99efa0000 - 0x00007ff99f00a000 	C:\WINDOWS\system32\mswsock.dll
0x00007ff951720000 - 0x00007ff951736000 	C:\Program Files\Apache NetBeans\jdk\bin\nio.dll
0x00007ff951750000 - 0x00007ff951767000 	C:\Program Files\Apache NetBeans\jdk\bin\zip.dll
0x00007ff92e980000 - 0x00007ff92eafe000 	C:\Program Files\Apache NetBeans\jdk\bin\awt.dll
0x00007ff999810000 - 0x00007ff9998ae000 	C:\WINDOWS\SYSTEM32\apphelp.dll
0x00007ff999d30000 - 0x00007ff999d66000 	C:\WINDOWS\system32\DWMAPI.DLL
0x00007ff999920000 - 0x00007ff9999cf000 	C:\WINDOWS\system32\uxtheme.dll
0x00007ff982a70000 - 0x00007ff982b88000 	C:\WINDOWS\system32\opengl32.dll
0x00007ff98d690000 - 0x00007ff98d6bd000 	C:\WINDOWS\SYSTEM32\GLU32.dll
0x00007ff999b10000 - 0x00007ff999b5d000 	C:\WINDOWS\SYSTEM32\dxcore.dll
0x00007ff9a0ce0000 - 0x00007ff9a0e40000 	C:\WINDOWS\System32\MSCTF.dll

JVMTI agents: none

dbghelp: loaded successfully - version: 4.0.5 - missing functions: none
symbol engine: initialized successfully - sym options: 0x614 - pdb path: .;C:\Program Files\Apache NetBeans\jdk\bin;C:\WINDOWS\SYSTEM32;C:\WINDOWS\WinSxS\amd64_microsoft.windows.common-controls_6595b64144ccf1df_6.0.26100.4484_none_3e0e6d4ce32ef3b3;C:\Program Files\Apache NetBeans\jdk\bin\server

VM Arguments:
jvm_args: -Dfile.encoding=UTF-8 --module-path=D:\Documents\NetBeansProjects\Hotel Management System\build\classes 
java_command: hotel.management.system.Pickup
java_class_path (initial): C:\Users\MANU TYAGI\Documents\mysql-connector-java-8.0.28.jar;C:\Users\MANU TYAGI\Documents\rs2xml.jar;D:\Documents\NetBeansProjects\Hotel Management System\build\classes
Launcher Type: SUN_STANDARD

[Global flags]
     intx CICompilerCount                          = 4                                         {product} {ergonomic}
     uint ConcGCThreads                            = 2                                         {product} {ergonomic}
     uint G1ConcRefinementThreads                  = 8                                         {product} {ergonomic}
   size_t G1HeapRegionSize                         = 1048576                                   {product} {ergonomic}
   size_t InitialHeapSize                          = 132120576                                 {product} {ergonomic}
   size_t MarkStackSize                            = 4194304                                   {product} {ergonomic}
   size_t MarkStackSizeMax                         = 536870912                                 {product} {ergonomic}
   size_t MaxHeapSize                              = 2103443456                                {product} {ergonomic}
   size_t MaxNewSize                               = 1261436928                                {product} {ergonomic}
   size_t MinHeapDeltaBytes                        = 1048576                                   {product} {ergonomic}
   size_t MinHeapSize                              = 8388608                                   {product} {ergonomic}
    uintx NonNMethodCodeHeapSize                   = 5832704                                {pd product} {ergonomic}
    uintx NonProfiledCodeHeapSize                  = 122945536                              {pd product} {ergonomic}
    uintx ProfiledCodeHeapSize                     = 122880000                              {pd product} {ergonomic}
    uintx ReservedCodeCacheSize                    = 251658240                              {pd product} {ergonomic}
     bool SegmentedCodeCache                       = true                                      {product} {ergonomic}
   size_t SoftMaxHeapSize                          = 2103443456                             {manageable} {ergonomic}
     bool UseCompressedOops                        = true                           {product lp64_product} {ergonomic}
     bool UseG1GC                                  = true                                      {product} {ergonomic}
     bool UseLargePagesIndividualAllocation        = false                                  {pd product} {ergonomic}

Logging:
Log output configuration:
 #0: stdout all=warning uptime,level,tags foldmultilines=false
 #1: stderr all=off uptime,level,tags foldmultilines=false

Environment Variables:
PATH=C:\Program Files\Common Files\Oracle\Java\javapath;C:\WINDOWS\system32;C:\WINDOWS;C:\WINDOWS\System32\Wbem;C:\WINDOWS\System32\WindowsPowerShell\v1.0\;C:\WINDOWS\System32\OpenSSH\;C:\MinGW\bin;C:\Program Files\Microsoft SQL Server\Client SDK\ODBC\170\Tools\Binn\;C:\Program Files (x86)\Microsoft SQL Server\150\Tools\Binn\;C:\Program Files\Microsoft SQL Server\150\Tools\Binn\;C:\Program Files\Microsoft SQL Server\150\DTS\Binn\;C:\Program Files\dotnet\;C:\Program Files (x86)\Windows Kits\10\Windows Performance Toolkit\;C:\Program Files\Java\jdk-17\bin;C:\Program Files\MySQL\MySQL Shell 8.0\bin\;C:\Users\MANU TYAGI\AppData\Local\Microsoft\WindowsApps;D:\Microsoft VS Code\bin;
USERNAME=MANU TYAGI
OS=Windows_NT
PROCESSOR_IDENTIFIER=Intel64 Family 6 Model 142 Stepping 12, GenuineIntel
TMP=C:\Users\MANUTY~1\AppData\Local\Temp
TEMP=C:\Users\MANUTY~1\AppData\Local\Temp




Periodic native trim disabled

---------------  S Y S T E M  ---------------

OS:
 Windows 11 , 64 bit Build 26100 (10.0.26100.4484)
OS uptime: 0 days 20:03 hours
Hyper-V role detected

CPU: total 8 (initial active 8) (4 cores per cpu, 2 threads per core) family 6 model 142 stepping 12 microcode 0xde, cx8, cmov, fxsr, ht, mmx, 3dnowpref, sse, sse2, sse3, ssse3, sse4.1, sse4.2, popcnt, lzcnt, tsc, tscinvbit, avx, avx2, aes, erms, clmul, bmi1, bmi2, adx, fma, vzeroupper, clflush, clflushopt, hv, rdtscp, f16c
Processor Information for the first 8 processors :
  Max Mhz: 2112, Current Mhz: 1609, Mhz Limit: 1605

Memory: 4k page, system-wide physical 8022M (1329M free)
TotalPageFile size 26772M (AvailPageFile size 349M)
current process WorkingSet (physical memory assigned to process): 62M, peak: 62M
current process commit charge ("private bytes"): 222M, peak: 223M

vm_info: OpenJDK 64-Bit Server VM (24.0.1+9) for windows-amd64 JRE (24.0.1+9) (Zulu24.30+11-CA), built on 2025-03-21T13:52:34Z with MS VC++ 17.1 (VS2022)

END.
