#
# There is insufficient memory for the Java Runtime Environment to continue.
# Native memory allocation (mmap) failed to map 132120576 bytes. Error detail: G1 virtual space
# Possible reasons:
#   The system is out of physical RAM or swap space
#   This process is running with CompressedOops enabled, and the Java Heap may be blocking the growth of the native heap
# Possible solutions:
#   Reduce memory load on the system
#   Increase physical memory or swap space
#   Check if swap backing store is full
#   Decrease Java heap size (-Xmx/-Xms)
#   Decrease number of Java threads
#   Decrease Java thread stack sizes (-Xss)
#   Set larger code cache with -XX:ReservedCodeCacheSize=
#   JVM is running with Unscaled Compressed Oops mode in which the Java heap is
#     placed in the first 4GB address space. The Java Heap base address is the
#     maximum limit for the native heap growth. Please use -XX:HeapBaseMinAddress
#     to set the Java Heap base and to place the Java Heap above 4GB virtual address.
# This output file may be truncated or incomplete.
#
#  Out of Memory Error (os_windows.cpp:3564), pid=21992, tid=20424
#
# JRE version:  (24.0.1+9) (build )
# Java VM: OpenJDK 64-Bit Server VM (24.0.1+9, mixed mode, sharing, tiered, compressed oops, compressed class ptrs, g1 gc, windows-amd64)
# No core dump will be written. Minidumps are not enabled by default on client versions of Windows
#

---------------  S U M M A R Y ------------

Command Line: -Dfile.encoding=UTF-8 --module-path=D:\Documents\NetBeansProjects\Hotel Management System\build\classes hotel.management.system.SearchPickup

Host: Intel(R) Core(TM) i5-10210U CPU @ 1.60GHz, 8 cores, 7G,  Windows 11 , 64 bit Build 26100 (10.0.26100.4484)
Time: Wed Jul 23 16:32:51 2025 India Standard Time elapsed time: 1.161754 seconds (0d 0h 0m 1s)

---------------  T H R E A D  ---------------

Current thread (0x0000000002d19760):  JavaThread "Unknown thread" [_thread_in_vm, id=20424, stack(0x00000000022d0000,0x00000000023d0000) (1024K)]

Stack: [0x00000000022d0000,0x00000000023d0000]
Native frames: (J=compiled Java code, j=interpreted, Vv=VM code, C=native code)
V  [jvm.dll+0x7410c9]  (no source info available)
V  [jvm.dll+0x97def3]  (no source info available)
V  [jvm.dll+0x98021d]  (no source info available)
V  [jvm.dll+0x980893]  (no source info available)
V  [jvm.dll+0x2b5b16]  (no source info available)
V  [jvm.dll+0x73d535]  (no source info available)
V  [jvm.dll+0x730d0a]  (no source info available)
V  [jvm.dll+0x39ea4a]  (no source info available)
V  [jvm.dll+0x3a6746]  (no source info available)
V  [jvm.dll+0x392fce]  (no source info available)
V  [jvm.dll+0x393288]  (no source info available)
V  [jvm.dll+0x369fcc]  (no source info available)
V  [jvm.dll+0x36ac8d]  (no source info available)
V  [jvm.dll+0x94069f]  (no source info available)
V  [jvm.dll+0x4077ad]  (no source info available)
V  [jvm.dll+0x928b1e]  (no source info available)
V  [jvm.dll+0x4a2c4e]  (no source info available)
V  [jvm.dll+0x4a4b81]  (no source info available)
C  [jli.dll+0x52a1]  (no source info available)
C  [ucrtbase.dll+0x37b0]  (no source info available)
C  [KERNEL32.DLL+0x2e8d7]  (no source info available)
C  [ntdll.dll+0x3c34c]  (no source info available)

Lock stack of current Java thread (top to bottom):


---------------  P R O C E S S  ---------------

Threads class SMR info:
_java_thread_list=0x00007ff92f8ebf58, length=0, elements={
}

Java Threads: ( => current thread )
Total: 0

Other Threads:
  0x0000000002d6de20 WorkerThread "GC Thread#0"                     [id=15692, stack(0x000000001d290000,0x000000001d390000) (1024K)]
  0x0000000002d829e0 ConcurrentGCThread "G1 Main Marker"            [id=15120, stack(0x000000001d390000,0x000000001d490000) (1024K)]
  0x0000000002d85090 WorkerThread "G1 Conc#0"                       [id=23720, stack(0x000000001d490000,0x000000001d590000) (1024K)]

[error occurred during error reporting (printing all threads), id 0xc0000005, EXCEPTION_ACCESS_VIOLATION (0xc0000005) at pc=0x00007ff92ef5efaa]
VM state: not at safepoint (not fully initialized)

VM Mutex/Monitor currently owned by a thread:  ([mutex/lock_event])
[0x00007ff92f9750c8] Heap_lock - owner thread: 0x0000000002d19760

Heap address: 0x0000000082a00000, size: 2006 MB, Compressed Oops mode: 32-bit

CDS archive(s) mapped at: [0x0000000000000000-0x0000000000000000-0x0000000000000000), size 0, SharedBaseAddress: 0x0000000800000000, ArchiveRelocationMode: 1.
UseCompressedClassPointers 1, UseCompactObjectHeaders 0
Narrow klass pointer bits 32, Max shift 3
Narrow klass base: 0xffffffffffffffff, Narrow klass shift: -1
Encoding Range: [0xffffffffffffffff - 0x000000007fffffff), (2147483648 bytes)
Klass Range:    [0x0000000000000000 - 0x0000000000000000), (0 bytes)
Klass ID Range:  [4294967295 - 0) (1)

GC Precious Log:
 CardTable entry size: 512
 Card Set container configuration: InlinePtr #cards 5 size 8 Array Of Cards #cards 10 size 36 Howl #buckets 4 coarsen threshold 1843 Howl Bitmap #cards 512 size 80 coarsen threshold 460 Card regions per heap region 1 cards per card region 2048

Heap:
 garbage-first heap   total reserved 2054144K, committed 0K, used 0K [0x0000000082a00000, 0x0000000100000000)
  region size 1024K, 0 young (0K), 0 survivors (0K)

[error occurred during error reporting (printing heap information), id 0xc0000005, EXCEPTION_ACCESS_VIOLATION (0xc0000005) at pc=0x00007ff92f37f8e9]
GC Heap History (0 events):
No events

Dll operation events (1 events):
Event: 0.010 Loaded shared library C:\Program Files\Apache NetBeans\jdk\bin\java.dll

Deoptimization events (0 events):
No events

Classes loaded (0 events):
No events

Classes unloaded (0 events):
No events

Classes redefined (0 events):
No events

Internal exceptions (0 events):
No events

VM Operations (0 events):
No events

Memory protections (0 events):
No events

Nmethod flushes (0 events):
No events

Events (0 events):
No events


Dynamic libraries:
0x00007ff6a2f30000 - 0x00007ff6a2f3e000 	C:\Program Files\Apache NetBeans\jdk\bin\java.exe
0x00007ff9a2b20000 - 0x00007ff9a2d88000 	C:\WINDOWS\SYSTEM32\ntdll.dll
0x00007ff9a1140000 - 0x00007ff9a1209000 	C:\WINDOWS\System32\KERNEL32.DLL
0x00007ff99fc70000 - 0x00007ff9a005d000 	C:\WINDOWS\System32\KERNELBASE.dll
0x00007ff9a0320000 - 0x00007ff9a046b000 	C:\WINDOWS\System32\ucrtbase.dll
0x00007ff951770000 - 0x00007ff951786000 	C:\Program Files\Apache NetBeans\jdk\bin\jli.dll
0x00007ff951800000 - 0x00007ff95181e000 	C:\Program Files\Apache NetBeans\jdk\bin\VCRUNTIME140.dll
0x00007ff9a2800000 - 0x00007ff9a29cc000 	C:\WINDOWS\System32\USER32.dll
0x00007ff98be90000 - 0x00007ff98c12a000 	C:\WINDOWS\WinSxS\amd64_microsoft.windows.common-controls_6595b64144ccf1df_6.0.26100.4484_none_3e0e6d4ce32ef3b3\COMCTL32.dll
0x00007ff9a0060000 - 0x00007ff9a0087000 	C:\WINDOWS\System32\win32u.dll
0x00007ff9a0be0000 - 0x00007ff9a0c89000 	C:\WINDOWS\System32\msvcrt.dll
0x00007ff9a2a30000 - 0x00007ff9a2a5b000 	C:\WINDOWS\System32\GDI32.dll
0x00007ff9a01e0000 - 0x00007ff9a0317000 	C:\WINDOWS\System32\gdi32full.dll
0x00007ff9a0130000 - 0x00007ff9a01d3000 	C:\WINDOWS\System32\msvcp_win.dll
0x00007ff9a0ca0000 - 0x00007ff9a0ccf000 	C:\WINDOWS\System32\IMM32.DLL
0x00007ff967ca0000 - 0x00007ff967cac000 	C:\Program Files\Apache NetBeans\jdk\bin\vcruntime140_1.dll
0x00007ff92e8f0000 - 0x00007ff92e97d000 	C:\Program Files\Apache NetBeans\jdk\bin\msvcp140.dll
0x00007ff92ebe0000 - 0x00007ff92fa5c000 	C:\Program Files\Apache NetBeans\jdk\bin\server\jvm.dll
0x00007ff9a08c0000 - 0x00007ff9a0974000 	C:\WINDOWS\System32\ADVAPI32.dll
0x00007ff9a0a80000 - 0x00007ff9a0b26000 	C:\WINDOWS\System32\sechost.dll
0x00007ff9a2560000 - 0x00007ff9a2678000 	C:\WINDOWS\System32\RPCRT4.dll
0x00007ff9a2680000 - 0x00007ff9a26f4000 	C:\WINDOWS\System32\WS2_32.dll
0x00007ff99fac0000 - 0x00007ff99fb1e000 	C:\WINDOWS\SYSTEM32\POWRPROF.dll
0x00007ff990ca0000 - 0x00007ff990cab000 	C:\WINDOWS\SYSTEM32\VERSION.dll
0x00007ff98dad0000 - 0x00007ff98db05000 	C:\WINDOWS\SYSTEM32\WINMM.dll
0x00007ff99faa0000 - 0x00007ff99fab4000 	C:\WINDOWS\SYSTEM32\UMPDC.dll
0x00007ff99e9f0000 - 0x00007ff99ea0b000 	C:\WINDOWS\SYSTEM32\kernel.appcore.dll
0x00007ff95caf0000 - 0x00007ff95cafa000 	C:\Program Files\Apache NetBeans\jdk\bin\jimage.dll
0x00007ff99a310000 - 0x00007ff99a551000 	C:\WINDOWS\SYSTEM32\DBGHELP.DLL
0x00007ff9a1f20000 - 0x00007ff9a22a6000 	C:\WINDOWS\System32\combase.dll
0x00007ff9a22c0000 - 0x00007ff9a23a0000 	C:\WINDOWS\System32\OLEAUT32.dll
0x00007ff989140000 - 0x00007ff989183000 	C:\WINDOWS\SYSTEM32\dbgcore.DLL
0x00007ff9a0090000 - 0x00007ff9a0129000 	C:\WINDOWS\System32\bcryptPrimitives.dll
0x00007ff9517a0000 - 0x00007ff9517be000 	C:\Program Files\Apache NetBeans\jdk\bin\java.dll
0x00007ff9a23b0000 - 0x00007ff9a254e000 	C:\WINDOWS\System32\ole32.dll
0x00007ff9a1210000 - 0x00007ff9a195a000 	C:\WINDOWS\System32\SHELL32.dll
0x00007ff9a0740000 - 0x00007ff9a08b4000 	C:\WINDOWS\System32\wintypes.dll

JVMTI agents: none

dbghelp: loaded successfully - version: 4.0.5 - missing functions: none
symbol engine: initialized successfully - sym options: 0x614 - pdb path: .;C:\Program Files\Apache NetBeans\jdk\bin;C:\WINDOWS\SYSTEM32;C:\WINDOWS\WinSxS\amd64_microsoft.windows.common-controls_6595b64144ccf1df_6.0.26100.4484_none_3e0e6d4ce32ef3b3;C:\Program Files\Apache NetBeans\jdk\bin\server

VM Arguments:
jvm_args: -Dfile.encoding=UTF-8 --module-path=D:\Documents\NetBeansProjects\Hotel Management System\build\classes 
java_command: hotel.management.system.SearchPickup
java_class_path (initial): C:\Users\MANU TYAGI\Documents\mysql-connector-java-8.0.28.jar;C:\Users\MANU TYAGI\Documents\rs2xml.jar;D:\Documents\NetBeansProjects\Hotel Management System\build\classes
Launcher Type: SUN_STANDARD

[Global flags]
     intx CICompilerCount                          = 4                                         {product} {ergonomic}
     uint ConcGCThreads                            = 2                                         {product} {ergonomic}
     uint G1ConcRefinementThreads                  = 8                                         {product} {ergonomic}
   size_t G1HeapRegionSize                         = 1048576                                   {product} {ergonomic}
   size_t InitialHeapSize                          = 132120576                                 {product} {ergonomic}
   size_t MarkStackSize                            = 4194304                                   {product} {ergonomic}
   size_t MarkStackSizeMax                         = 536870912                                 {product} {ergonomic}
   size_t MaxHeapSize                              = 2103443456                                {product} {ergonomic}
   size_t MinHeapDeltaBytes                        = 1048576                                   {product} {ergonomic}
   size_t MinHeapSize                              = 8388608                                   {product} {ergonomic}
    uintx NonNMethodCodeHeapSize                   = 5832704                                {pd product} {ergonomic}
    uintx NonProfiledCodeHeapSize                  = 122945536                              {pd product} {ergonomic}
    uintx ProfiledCodeHeapSize                     = 122880000                              {pd product} {ergonomic}
    uintx ReservedCodeCacheSize                    = 251658240                              {pd product} {ergonomic}
     bool SegmentedCodeCache                       = true                                      {product} {ergonomic}
   size_t SoftMaxHeapSize                          = 2103443456                             {manageable} {ergonomic}
     bool UseCompressedOops                        = true                           {product lp64_product} {ergonomic}
     bool UseG1GC                                  = true                                      {product} {ergonomic}
     bool UseLargePagesIndividualAllocation        = false                                  {pd product} {ergonomic}

Logging:
Log output configuration:
 #0: stdout all=warning uptime,level,tags foldmultilines=false
 #1: stderr all=off uptime,level,tags foldmultilines=false

Environment Variables:
PATH=C:\Program Files\Common Files\Oracle\Java\javapath;C:\WINDOWS\system32;C:\WINDOWS;C:\WINDOWS\System32\Wbem;C:\WINDOWS\System32\WindowsPowerShell\v1.0\;C:\WINDOWS\System32\OpenSSH\;C:\MinGW\bin;C:\Program Files\Microsoft SQL Server\Client SDK\ODBC\170\Tools\Binn\;C:\Program Files (x86)\Microsoft SQL Server\150\Tools\Binn\;C:\Program Files\Microsoft SQL Server\150\Tools\Binn\;C:\Program Files\Microsoft SQL Server\150\DTS\Binn\;C:\Program Files\dotnet\;C:\Program Files (x86)\Windows Kits\10\Windows Performance Toolkit\;C:\Program Files\Java\jdk-17\bin;C:\Program Files\MySQL\MySQL Shell 8.0\bin\;C:\Users\MANU TYAGI\AppData\Local\Microsoft\WindowsApps;D:\Microsoft VS Code\bin;
USERNAME=MANU TYAGI
OS=Windows_NT
PROCESSOR_IDENTIFIER=Intel64 Family 6 Model 142 Stepping 12, GenuineIntel
TMP=C:\Users\MANUTY~1\AppData\Local\Temp
TEMP=C:\Users\MANUTY~1\AppData\Local\Temp




Periodic native trim disabled

---------------  S Y S T E M  ---------------

OS:
 Windows 11 , 64 bit Build 26100 (10.0.26100.4484)
OS uptime: 0 days 19:37 hours
Hyper-V role detected

CPU: total 8 (initial active 8) (4 cores per cpu, 2 threads per core) family 6 model 142 stepping 12 microcode 0xde, cx8, cmov, fxsr, ht, mmx, 3dnowpref, sse, sse2, sse3, ssse3, sse4.1, sse4.2, popcnt, lzcnt, tsc, tscinvbit, avx, avx2, aes, erms, clmul, bmi1, bmi2, adx, fma, vzeroupper, clflush, clflushopt, hv, rdtscp, f16c
Processor Information for the first 8 processors :
  Max Mhz: 2112, Current Mhz: 1609, Mhz Limit: 1605

Memory: 4k page, system-wide physical 8022M (1341M free)
TotalPageFile size 26772M (AvailPageFile size 42M)
current process WorkingSet (physical memory assigned to process): 13M, peak: 13M
current process commit charge ("private bytes"): 60M, peak: 186M

vm_info: OpenJDK 64-Bit Server VM (24.0.1+9) for windows-amd64 JRE (24.0.1+9) (Zulu24.30+11-CA), built on 2025-03-21T13:52:34Z with MS VC++ 17.1 (VS2022)

END.
