#
# There is insufficient memory for the Java Runtime Environment to continue.
# Native memory allocation (malloc) failed to allocate 32744 bytes. Error detail: Chunk::new
# Possible reasons:
#   The system is out of physical RAM or swap space
#   This process is running with CompressedOops enabled, and the Java Heap may be blocking the growth of the native heap
# Possible solutions:
#   Reduce memory load on the system
#   Increase physical memory or swap space
#   Check if swap backing store is full
#   Decrease Java heap size (-Xmx/-Xms)
#   Decrease number of Java threads
#   Decrease Java thread stack sizes (-Xss)
#   Set larger code cache with -XX:ReservedCodeCacheSize=
#   JVM is running with Unscaled Compressed Oops mode in which the Java heap is
#     placed in the first 4GB address space. The Java Heap base address is the
#     maximum limit for the native heap growth. Please use -XX:HeapBaseMinAddress
#     to set the Java Heap base and to place the Java Heap above 4GB virtual address.
# This output file may be truncated or incomplete.
#
#  Out of Memory Error (arena.cpp:162), pid=10408, tid=6436
#
# JRE version: OpenJDK Runtime Environment Zulu24.30+11-CA (24.0.1+9) (build 24.0.1+9)
# Java VM: OpenJDK 64-Bit Server VM Zulu24.30+11-CA (24.0.1+9, mixed mode, sharing, tiered, compressed oops, compressed class ptrs, g1 gc, windows-amd64)
# No core dump will be written. Minidumps are not enabled by default on client versions of Windows
#

---------------  S U M M A R Y ------------

Command Line: -Dfile.encoding=UTF-8 --module-path=C:\Users\MANU TYAGI\Documents\NetBeansProjects\Hotel Management System\build\classes hotel.management.system.UpdateCheck

Host: Intel(R) Core(TM) i5-10210U CPU @ 1.60GHz, 8 cores, 7G,  Windows 11 , 64 bit Build 26100 (10.0.26100.4484)
Time: Tue Jul 22 12:09:02 2025 India Standard Time elapsed time: 1042.831936 seconds (0d 0h 17m 22s)

---------------  T H R E A D  ---------------

Current thread (0x000000001f758710):  JavaThread "C1 CompilerThread0" daemon [_thread_in_native, id=6436, stack(0x0000000065800000,0x0000000065900000) (1024K)]


Current CompileTask:
C1:1042832 2125       3      
[error occurred during error reporting (printing current compile task), id 0xe0000001, Out of Memory Error (s\src\hotspot\share\memory\arena.cpp:162)]
Stack: [0x0000000065800000,0x0000000065900000]
Native frames: (J=compiled Java code, j=interpreted, Vv=VM code, C=native code)
V  [jvm.dll+0x7410c9]  (no source info available)
V  [jvm.dll+0x97def3]  (no source info available)
V  [jvm.dll+0x98021d]  (no source info available)
V  [jvm.dll+0x980893]  (no source info available)
V  [jvm.dll+0x2b5b16]  (no source info available)
V  [jvm.dll+0xd019f]  (no source info available)
V  [jvm.dll+0xd03ff]  (no source info available)
V  [jvm.dll+0x8dfd7c]  (no source info available)
V  [jvm.dll+0x8dfe69]  (no source info available)
V  [jvm.dll+0x6eba09]  (no source info available)
V  [jvm.dll+0x28d0d7]  (no source info available)
V  [jvm.dll+0x28d6d7]  (no source info available)
V  [jvm.dll+0x97dd57]  (no source info available)
V  [jvm.dll+0x98021d]  (no source info available)
V  [jvm.dll+0x980893]  (no source info available)
V  [jvm.dll+0x2b5b16]  (no source info available)
V  [jvm.dll+0xd019f]  (no source info available)
V  [jvm.dll+0xd03ff]  (no source info available)
V  [jvm.dll+0x16420e]  (no source info available)
V  [jvm.dll+0x1636d7]  (no source info available)
V  [jvm.dll+0x1bf488]  (no source info available)
V  [jvm.dll+0x1bfa36]  (no source info available)
V  [jvm.dll+0x179717]  (no source info available)
V  [jvm.dll+0x178f0e]  (no source info available)
V  [jvm.dll+0x1791cb]  (no source info available)
V  [jvm.dll+0x17858c]  (no source info available)
V  [jvm.dll+0x17a37d]  (no source info available)
V  [jvm.dll+0x288e35]  (no source info available)
V  [jvm.dll+0x2870ca]  (no source info available)
V  [jvm.dll+0x43df56]  (no source info available)
V  [jvm.dll+0x920928]  (no source info available)
V  [jvm.dll+0x73f855]  (no source info available)
C  [ucrtbase.dll+0x37b0]  (no source info available)
C  [KERNEL32.DLL+0x2e8d7]  (no source info available)
C  [ntdll.dll+0x3c34c]  (no source info available)

Lock stack of current Java thread (top to bottom):


---------------  P R O C E S S  ---------------

Threads class SMR info:
_java_thread_list=0x0000000067b51aa0, length=17, elements={
0x000000001f73e550, 0x000000001f73fa00, 0x000000001f741b10, 0x000000001f744650,
0x000000001f746860, 0x000000001f74f4d0, 0x000000001f756010, 0x000000001f758710,
0x00000000659efb80, 0x0000000065a79490, 0x00000000665a0810, 0x00000000661e61a0,
0x00000000665fa8e0, 0x0000000067e076e0, 0x0000000067d79f90, 0x000000000047e490,
0x000000006646b490
}

Java Threads: ( => current thread )
  0x000000001f73e550 JavaThread "Reference Handler"          daemon [_thread_blocked, id=23200, stack(0x0000000065100000,0x0000000065200000) (1024K)]
  0x000000001f73fa00 JavaThread "Finalizer"                  daemon [_thread_blocked, id=13128, stack(0x0000000065200000,0x0000000065300000) (1024K)]
  0x000000001f741b10 JavaThread "Signal Dispatcher"          daemon [_thread_blocked, id=3196, stack(0x0000000065300000,0x0000000065400000) (1024K)]
  0x000000001f744650 JavaThread "Attach Listener"            daemon [_thread_blocked, id=24624, stack(0x0000000065400000,0x0000000065500000) (1024K)]
  0x000000001f746860 JavaThread "Service Thread"             daemon [_thread_blocked, id=24752, stack(0x0000000065500000,0x0000000065600000) (1024K)]
  0x000000001f74f4d0 JavaThread "Monitor Deflation Thread"   daemon [_thread_blocked, id=23404, stack(0x0000000065600000,0x0000000065700000) (1024K)]
  0x000000001f756010 JavaThread "C2 CompilerThread0"         daemon [_thread_blocked, id=19148, stack(0x0000000065700000,0x0000000065800000) (1024K)]
=>0x000000001f758710 JavaThread "C1 CompilerThread0"         daemon [_thread_in_native, id=6436, stack(0x0000000065800000,0x0000000065900000) (1024K)]
  0x00000000659efb80 JavaThread "Common-Cleaner"             daemon [_thread_blocked, id=3764, stack(0x0000000065d00000,0x0000000065e00000) (1024K)]
  0x0000000065a79490 JavaThread "Notification Thread"        daemon [_thread_blocked, id=420, stack(0x0000000065f60000,0x0000000066060000) (1024K)]
  0x00000000665a0810 JavaThread "Java2D Disposer"            daemon [_thread_blocked, id=11796, stack(0x00000000669c0000,0x0000000066ac0000) (1024K)]
  0x00000000661e61a0 JavaThread "AWT-Windows"                daemon [_thread_in_native, id=17244, stack(0x0000000066bc0000,0x0000000066cc0000) (1024K)]
  0x00000000665fa8e0 JavaThread "mysql-cj-abandoned-connection-cleanup" daemon [_thread_blocked, id=23992, stack(0x0000000066060000,0x0000000066160000) (1024K)]
  0x0000000067e076e0 JavaThread "AWT-Shutdown"                      [_thread_blocked, id=5232, stack(0x00000000689e0000,0x0000000068ae0000) (1024K)]
  0x0000000067d79f90 JavaThread "AWT-EventQueue-0"                  [_thread_blocked, id=24324, stack(0x0000000068ae0000,0x0000000068be0000) (1024K)]
  0x000000000047e490 JavaThread "DestroyJavaVM"                     [_thread_blocked, id=24352, stack(0x0000000001f60000,0x0000000002060000) (1024K)]
  0x000000006646b490 JavaThread "TimerQueue"                 daemon [_thread_blocked, id=23064, stack(0x0000000067190000,0x0000000067290000) (1024K)]
Total: 17

Other Threads:
  0x000000001f72db70 VMThread "VM Thread"                           [id=23652, stack(0x0000000065000000,0x0000000065100000) (1024K)]
  0x000000001f71cbf0 WatcherThread "VM Periodic Task Thread"        [id=25484, stack(0x000000001fec0000,0x000000001ffc0000) (1024K)]
  0x0000000002a04980 WorkerThread "GC Thread#0"                     [id=18820, stack(0x000000001cf30000,0x000000001d030000) (1024K)]
  0x0000000002a59110 ConcurrentGCThread "G1 Main Marker"            [id=4328, stack(0x000000001d030000,0x000000001d130000) (1024K)]
  0x0000000002a5b270 WorkerThread "G1 Conc#0"                       [id=2952, stack(0x000000001d130000,0x000000001d230000) (1024K)]
  0x000000001f5d88f0 ConcurrentGCThread "G1 Refine#0"               [id=10292, stack(0x000000001fcc0000,0x000000001fdc0000) (1024K)]
  0x000000001f5d9310 ConcurrentGCThread "G1 Service"                [id=25120, stack(0x000000001fdc0000,0x000000001fec0000) (1024K)]
Total: 7

Threads with active compile tasks:
C1 CompilerThread0  1042938 2125       3       java.awt.Font::equals (131 bytes)
Total: 1

VM state: not at safepoint (normal execution)

VM Mutex/Monitor currently owned by a thread: None

Heap address: 0x0000000082a00000, size: 2006 MB, Compressed Oops mode: 32-bit

CDS archive(s) mapped at: [0x0000000020000000-0x0000000020d40000-0x0000000020d40000), size 13893632, SharedBaseAddress: 0x0000000020000000, ArchiveRelocationMode: 1.
Compressed class space mapped at: 0x0000000021000000-0x0000000061000000, reserved size: 1073741824
UseCompressedClassPointers 1, UseCompactObjectHeaders 0
Narrow klass pointer bits 32, Max shift 3
Narrow klass base: 0x0000000020000000, Narrow klass shift: 0
Encoding Range: [0x0000000020000000 - 0x0000000120000000), (4294967296 bytes)
Klass Range:    [0x0000000020000000 - 0x0000000061000000), (1090519040 bytes)
Klass ID Range:  [8 - 1090519033) (1090519025)

GC Precious Log:
 CardTable entry size: 512
 Card Set container configuration: InlinePtr #cards 5 size 8 Array Of Cards #cards 10 size 36 Howl #buckets 4 coarsen threshold 1843 Howl Bitmap #cards 512 size 80 coarsen threshold 460 Card regions per heap region 1 cards per card region 2048
 CPUs: 8 total, 8 available
 Memory: 8022M
 Large Page Support: Disabled
 NUMA Support: Disabled
 Compressed Oops: Enabled (32-bit)
 Heap Region Size: 1M
 Heap Min Capacity: 8M
 Heap Initial Capacity: 126M
 Heap Max Capacity: 2006M
 Pre-touch: Disabled
 Parallel Workers: 8
 Concurrent Workers: 2
 Concurrent Refinement Workers: 8
 Periodic GC: Disabled

Heap:
 garbage-first heap   total reserved 2054144K, committed 131072K, used 33904K [0x0000000082a00000, 0x0000000100000000)
  region size 1024K, 30 young (30720K), 0 survivors (0K)
 Metaspace       used 17426K, committed 17664K, reserved 1114112K
  class space    used 1598K, committed 1728K, reserved 1048576K

Heap Regions: E=young(eden), S=young(survivor), O=old, HS=humongous(starts), HC=humongous(continues), CS=collection set, F=free, TAMS=top-at-mark-start, PB=parsable bottom
|   0|0x0000000082a00000, 0x0000000082b00000, 0x0000000082b00000|100%|HS|  |TAMS 0x0000000082a00000| PB 0x0000000082a00000| Complete |  0
|   1|0x0000000082b00000, 0x0000000082c00000, 0x0000000082c00000|100%|HC|  |TAMS 0x0000000082b00000| PB 0x0000000082b00000| Complete |  0
|   2|0x0000000082c00000, 0x0000000082d00000, 0x0000000082d00000|100%|HC|  |TAMS 0x0000000082c00000| PB 0x0000000082c00000| Complete |  0
|   3|0x0000000082d00000, 0x0000000082d00000, 0x0000000082e00000|  0%| F|  |TAMS 0x0000000082d00000| PB 0x0000000082d00000| Untracked |  0
|   4|0x0000000082e00000, 0x0000000082e00000, 0x0000000082f00000|  0%| F|  |TAMS 0x0000000082e00000| PB 0x0000000082e00000| Untracked |  0
|   5|0x0000000082f00000, 0x0000000082f00000, 0x0000000083000000|  0%| F|  |TAMS 0x0000000082f00000| PB 0x0000000082f00000| Untracked |  0
|   6|0x0000000083000000, 0x0000000083000000, 0x0000000083100000|  0%| F|  |TAMS 0x0000000083000000| PB 0x0000000083000000| Untracked |  0
|   7|0x0000000083100000, 0x0000000083100000, 0x0000000083200000|  0%| F|  |TAMS 0x0000000083100000| PB 0x0000000083100000| Untracked |  0
|   8|0x0000000083200000, 0x0000000083200000, 0x0000000083300000|  0%| F|  |TAMS 0x0000000083200000| PB 0x0000000083200000| Untracked |  0
|   9|0x0000000083300000, 0x0000000083300000, 0x0000000083400000|  0%| F|  |TAMS 0x0000000083300000| PB 0x0000000083300000| Untracked |  0
|  10|0x0000000083400000, 0x0000000083400000, 0x0000000083500000|  0%| F|  |TAMS 0x0000000083400000| PB 0x0000000083400000| Untracked |  0
|  11|0x0000000083500000, 0x0000000083500000, 0x0000000083600000|  0%| F|  |TAMS 0x0000000083500000| PB 0x0000000083500000| Untracked |  0
|  12|0x0000000083600000, 0x0000000083600000, 0x0000000083700000|  0%| F|  |TAMS 0x0000000083600000| PB 0x0000000083600000| Untracked |  0
|  13|0x0000000083700000, 0x0000000083700000, 0x0000000083800000|  0%| F|  |TAMS 0x0000000083700000| PB 0x0000000083700000| Untracked |  0
|  14|0x0000000083800000, 0x0000000083800000, 0x0000000083900000|  0%| F|  |TAMS 0x0000000083800000| PB 0x0000000083800000| Untracked |  0
|  15|0x0000000083900000, 0x0000000083900000, 0x0000000083a00000|  0%| F|  |TAMS 0x0000000083900000| PB 0x0000000083900000| Untracked |  0
|  16|0x0000000083a00000, 0x0000000083a00000, 0x0000000083b00000|  0%| F|  |TAMS 0x0000000083a00000| PB 0x0000000083a00000| Untracked |  0
|  17|0x0000000083b00000, 0x0000000083b00000, 0x0000000083c00000|  0%| F|  |TAMS 0x0000000083b00000| PB 0x0000000083b00000| Untracked |  0
|  18|0x0000000083c00000, 0x0000000083c00000, 0x0000000083d00000|  0%| F|  |TAMS 0x0000000083c00000| PB 0x0000000083c00000| Untracked |  0
|  19|0x0000000083d00000, 0x0000000083d00000, 0x0000000083e00000|  0%| F|  |TAMS 0x0000000083d00000| PB 0x0000000083d00000| Untracked |  0
|  20|0x0000000083e00000, 0x0000000083e00000, 0x0000000083f00000|  0%| F|  |TAMS 0x0000000083e00000| PB 0x0000000083e00000| Untracked |  0
|  21|0x0000000083f00000, 0x0000000083f00000, 0x0000000084000000|  0%| F|  |TAMS 0x0000000083f00000| PB 0x0000000083f00000| Untracked |  0
|  22|0x0000000084000000, 0x0000000084000000, 0x0000000084100000|  0%| F|  |TAMS 0x0000000084000000| PB 0x0000000084000000| Untracked |  0
|  23|0x0000000084100000, 0x0000000084100000, 0x0000000084200000|  0%| F|  |TAMS 0x0000000084100000| PB 0x0000000084100000| Untracked |  0
|  24|0x0000000084200000, 0x0000000084200000, 0x0000000084300000|  0%| F|  |TAMS 0x0000000084200000| PB 0x0000000084200000| Untracked |  0
|  25|0x0000000084300000, 0x0000000084300000, 0x0000000084400000|  0%| F|  |TAMS 0x0000000084300000| PB 0x0000000084300000| Untracked |  0
|  26|0x0000000084400000, 0x0000000084400000, 0x0000000084500000|  0%| F|  |TAMS 0x0000000084400000| PB 0x0000000084400000| Untracked |  0
|  27|0x0000000084500000, 0x0000000084500000, 0x0000000084600000|  0%| F|  |TAMS 0x0000000084500000| PB 0x0000000084500000| Untracked |  0
|  28|0x0000000084600000, 0x0000000084600000, 0x0000000084700000|  0%| F|  |TAMS 0x0000000084600000| PB 0x0000000084600000| Untracked |  0
|  29|0x0000000084700000, 0x0000000084700000, 0x0000000084800000|  0%| F|  |TAMS 0x0000000084700000| PB 0x0000000084700000| Untracked |  0
|  30|0x0000000084800000, 0x0000000084800000, 0x0000000084900000|  0%| F|  |TAMS 0x0000000084800000| PB 0x0000000084800000| Untracked |  0
|  31|0x0000000084900000, 0x0000000084900000, 0x0000000084a00000|  0%| F|  |TAMS 0x0000000084900000| PB 0x0000000084900000| Untracked |  0
|  32|0x0000000084a00000, 0x0000000084a00000, 0x0000000084b00000|  0%| F|  |TAMS 0x0000000084a00000| PB 0x0000000084a00000| Untracked |  0
|  33|0x0000000084b00000, 0x0000000084b00000, 0x0000000084c00000|  0%| F|  |TAMS 0x0000000084b00000| PB 0x0000000084b00000| Untracked |  0
|  34|0x0000000084c00000, 0x0000000084c00000, 0x0000000084d00000|  0%| F|  |TAMS 0x0000000084c00000| PB 0x0000000084c00000| Untracked |  0
|  35|0x0000000084d00000, 0x0000000084d00000, 0x0000000084e00000|  0%| F|  |TAMS 0x0000000084d00000| PB 0x0000000084d00000| Untracked |  0
|  36|0x0000000084e00000, 0x0000000084e00000, 0x0000000084f00000|  0%| F|  |TAMS 0x0000000084e00000| PB 0x0000000084e00000| Untracked |  0
|  37|0x0000000084f00000, 0x0000000084f00000, 0x0000000085000000|  0%| F|  |TAMS 0x0000000084f00000| PB 0x0000000084f00000| Untracked |  0
|  38|0x0000000085000000, 0x0000000085000000, 0x0000000085100000|  0%| F|  |TAMS 0x0000000085000000| PB 0x0000000085000000| Untracked |  0
|  39|0x0000000085100000, 0x0000000085100000, 0x0000000085200000|  0%| F|  |TAMS 0x0000000085100000| PB 0x0000000085100000| Untracked |  0
|  40|0x0000000085200000, 0x0000000085200000, 0x0000000085300000|  0%| F|  |TAMS 0x0000000085200000| PB 0x0000000085200000| Untracked |  0
|  41|0x0000000085300000, 0x0000000085300000, 0x0000000085400000|  0%| F|  |TAMS 0x0000000085300000| PB 0x0000000085300000| Untracked |  0
|  42|0x0000000085400000, 0x0000000085400000, 0x0000000085500000|  0%| F|  |TAMS 0x0000000085400000| PB 0x0000000085400000| Untracked |  0
|  43|0x0000000085500000, 0x0000000085500000, 0x0000000085600000|  0%| F|  |TAMS 0x0000000085500000| PB 0x0000000085500000| Untracked |  0
|  44|0x0000000085600000, 0x0000000085600000, 0x0000000085700000|  0%| F|  |TAMS 0x0000000085600000| PB 0x0000000085600000| Untracked |  0
|  45|0x0000000085700000, 0x0000000085700000, 0x0000000085800000|  0%| F|  |TAMS 0x0000000085700000| PB 0x0000000085700000| Untracked |  0
|  46|0x0000000085800000, 0x0000000085800000, 0x0000000085900000|  0%| F|  |TAMS 0x0000000085800000| PB 0x0000000085800000| Untracked |  0
|  47|0x0000000085900000, 0x0000000085900000, 0x0000000085a00000|  0%| F|  |TAMS 0x0000000085900000| PB 0x0000000085900000| Untracked |  0
|  48|0x0000000085a00000, 0x0000000085a00000, 0x0000000085b00000|  0%| F|  |TAMS 0x0000000085a00000| PB 0x0000000085a00000| Untracked |  0
|  49|0x0000000085b00000, 0x0000000085b00000, 0x0000000085c00000|  0%| F|  |TAMS 0x0000000085b00000| PB 0x0000000085b00000| Untracked |  0
|  50|0x0000000085c00000, 0x0000000085c00000, 0x0000000085d00000|  0%| F|  |TAMS 0x0000000085c00000| PB 0x0000000085c00000| Untracked |  0
|  51|0x0000000085d00000, 0x0000000085d00000, 0x0000000085e00000|  0%| F|  |TAMS 0x0000000085d00000| PB 0x0000000085d00000| Untracked |  0
|  52|0x0000000085e00000, 0x0000000085e00000, 0x0000000085f00000|  0%| F|  |TAMS 0x0000000085e00000| PB 0x0000000085e00000| Untracked |  0
|  53|0x0000000085f00000, 0x0000000085f00000, 0x0000000086000000|  0%| F|  |TAMS 0x0000000085f00000| PB 0x0000000085f00000| Untracked |  0
|  54|0x0000000086000000, 0x0000000086000000, 0x0000000086100000|  0%| F|  |TAMS 0x0000000086000000| PB 0x0000000086000000| Untracked |  0
|  55|0x0000000086100000, 0x0000000086100000, 0x0000000086200000|  0%| F|  |TAMS 0x0000000086100000| PB 0x0000000086100000| Untracked |  0
|  56|0x0000000086200000, 0x0000000086200000, 0x0000000086300000|  0%| F|  |TAMS 0x0000000086200000| PB 0x0000000086200000| Untracked |  0
|  57|0x0000000086300000, 0x0000000086300000, 0x0000000086400000|  0%| F|  |TAMS 0x0000000086300000| PB 0x0000000086300000| Untracked |  0
|  58|0x0000000086400000, 0x0000000086400000, 0x0000000086500000|  0%| F|  |TAMS 0x0000000086400000| PB 0x0000000086400000| Untracked |  0
|  59|0x0000000086500000, 0x0000000086500000, 0x0000000086600000|  0%| F|  |TAMS 0x0000000086500000| PB 0x0000000086500000| Untracked |  0
|  60|0x0000000086600000, 0x0000000086600000, 0x0000000086700000|  0%| F|  |TAMS 0x0000000086600000| PB 0x0000000086600000| Untracked |  0
|  61|0x0000000086700000, 0x0000000086700000, 0x0000000086800000|  0%| F|  |TAMS 0x0000000086700000| PB 0x0000000086700000| Untracked |  0
|  62|0x0000000086800000, 0x0000000086800000, 0x0000000086900000|  0%| F|  |TAMS 0x0000000086800000| PB 0x0000000086800000| Untracked |  0
|  63|0x0000000086900000, 0x0000000086900000, 0x0000000086a00000|  0%| F|  |TAMS 0x0000000086900000| PB 0x0000000086900000| Untracked |  0
|  64|0x0000000086a00000, 0x0000000086a00000, 0x0000000086b00000|  0%| F|  |TAMS 0x0000000086a00000| PB 0x0000000086a00000| Untracked |  0
|  65|0x0000000086b00000, 0x0000000086b00000, 0x0000000086c00000|  0%| F|  |TAMS 0x0000000086b00000| PB 0x0000000086b00000| Untracked |  0
|  66|0x0000000086c00000, 0x0000000086c00000, 0x0000000086d00000|  0%| F|  |TAMS 0x0000000086c00000| PB 0x0000000086c00000| Untracked |  0
|  67|0x0000000086d00000, 0x0000000086d00000, 0x0000000086e00000|  0%| F|  |TAMS 0x0000000086d00000| PB 0x0000000086d00000| Untracked |  0
|  68|0x0000000086e00000, 0x0000000086e00000, 0x0000000086f00000|  0%| F|  |TAMS 0x0000000086e00000| PB 0x0000000086e00000| Untracked |  0
|  69|0x0000000086f00000, 0x0000000086f00000, 0x0000000087000000|  0%| F|  |TAMS 0x0000000086f00000| PB 0x0000000086f00000| Untracked |  0
|  70|0x0000000087000000, 0x0000000087000000, 0x0000000087100000|  0%| F|  |TAMS 0x0000000087000000| PB 0x0000000087000000| Untracked |  0
|  71|0x0000000087100000, 0x0000000087100000, 0x0000000087200000|  0%| F|  |TAMS 0x0000000087100000| PB 0x0000000087100000| Untracked |  0
|  72|0x0000000087200000, 0x0000000087200000, 0x0000000087300000|  0%| F|  |TAMS 0x0000000087200000| PB 0x0000000087200000| Untracked |  0
|  73|0x0000000087300000, 0x0000000087300000, 0x0000000087400000|  0%| F|  |TAMS 0x0000000087300000| PB 0x0000000087300000| Untracked |  0
|  74|0x0000000087400000, 0x0000000087400000, 0x0000000087500000|  0%| F|  |TAMS 0x0000000087400000| PB 0x0000000087400000| Untracked |  0
|  75|0x0000000087500000, 0x0000000087500000, 0x0000000087600000|  0%| F|  |TAMS 0x0000000087500000| PB 0x0000000087500000| Untracked |  0
|  76|0x0000000087600000, 0x0000000087600000, 0x0000000087700000|  0%| F|  |TAMS 0x0000000087600000| PB 0x0000000087600000| Untracked |  0
|  77|0x0000000087700000, 0x0000000087700000, 0x0000000087800000|  0%| F|  |TAMS 0x0000000087700000| PB 0x0000000087700000| Untracked |  0
|  78|0x0000000087800000, 0x0000000087800000, 0x0000000087900000|  0%| F|  |TAMS 0x0000000087800000| PB 0x0000000087800000| Untracked |  0
|  79|0x0000000087900000, 0x0000000087900000, 0x0000000087a00000|  0%| F|  |TAMS 0x0000000087900000| PB 0x0000000087900000| Untracked |  0
|  80|0x0000000087a00000, 0x0000000087a00000, 0x0000000087b00000|  0%| F|  |TAMS 0x0000000087a00000| PB 0x0000000087a00000| Untracked |  0
|  81|0x0000000087b00000, 0x0000000087b00000, 0x0000000087c00000|  0%| F|  |TAMS 0x0000000087b00000| PB 0x0000000087b00000| Untracked |  0
|  82|0x0000000087c00000, 0x0000000087c00000, 0x0000000087d00000|  0%| F|  |TAMS 0x0000000087c00000| PB 0x0000000087c00000| Untracked |  0
|  83|0x0000000087d00000, 0x0000000087d00000, 0x0000000087e00000|  0%| F|  |TAMS 0x0000000087d00000| PB 0x0000000087d00000| Untracked |  0
|  84|0x0000000087e00000, 0x0000000087e00000, 0x0000000087f00000|  0%| F|  |TAMS 0x0000000087e00000| PB 0x0000000087e00000| Untracked |  0
|  85|0x0000000087f00000, 0x0000000087f00000, 0x0000000088000000|  0%| F|  |TAMS 0x0000000087f00000| PB 0x0000000087f00000| Untracked |  0
|  86|0x0000000088000000, 0x0000000088000000, 0x0000000088100000|  0%| F|  |TAMS 0x0000000088000000| PB 0x0000000088000000| Untracked |  0
|  87|0x0000000088100000, 0x0000000088100000, 0x0000000088200000|  0%| F|  |TAMS 0x0000000088100000| PB 0x0000000088100000| Untracked |  0
|  88|0x0000000088200000, 0x0000000088200000, 0x0000000088300000|  0%| F|  |TAMS 0x0000000088200000| PB 0x0000000088200000| Untracked |  0
|  89|0x0000000088300000, 0x0000000088300000, 0x0000000088400000|  0%| F|  |TAMS 0x0000000088300000| PB 0x0000000088300000| Untracked |  0
|  90|0x0000000088400000, 0x0000000088400000, 0x0000000088500000|  0%| F|  |TAMS 0x0000000088400000| PB 0x0000000088400000| Untracked |  0
|  91|0x0000000088500000, 0x0000000088500000, 0x0000000088600000|  0%| F|  |TAMS 0x0000000088500000| PB 0x0000000088500000| Untracked |  0
|  92|0x0000000088600000, 0x0000000088600000, 0x0000000088700000|  0%| F|  |TAMS 0x0000000088600000| PB 0x0000000088600000| Untracked |  0
|  93|0x0000000088700000, 0x0000000088700000, 0x0000000088800000|  0%| F|  |TAMS 0x0000000088700000| PB 0x0000000088700000| Untracked |  0
|  94|0x0000000088800000, 0x0000000088800000, 0x0000000088900000|  0%| F|  |TAMS 0x0000000088800000| PB 0x0000000088800000| Untracked |  0
|  95|0x0000000088900000, 0x0000000088900000, 0x0000000088a00000|  0%| F|  |TAMS 0x0000000088900000| PB 0x0000000088900000| Untracked |  0
|  96|0x0000000088a00000, 0x0000000088a80000, 0x0000000088b00000| 50%| E|  |TAMS 0x0000000088a00000| PB 0x0000000088a00000| Complete |  0
|  97|0x0000000088b00000, 0x0000000088c00000, 0x0000000088c00000|100%| E|CS|TAMS 0x0000000088b00000| PB 0x0000000088b00000| Complete |  0
|  98|0x0000000088c00000, 0x0000000088d00000, 0x0000000088d00000|100%| E|CS|TAMS 0x0000000088c00000| PB 0x0000000088c00000| Complete |  0
|  99|0x0000000088d00000, 0x0000000088e00000, 0x0000000088e00000|100%| E|CS|TAMS 0x0000000088d00000| PB 0x0000000088d00000| Complete |  0
| 100|0x0000000088e00000, 0x0000000088f00000, 0x0000000088f00000|100%| E|CS|TAMS 0x0000000088e00000| PB 0x0000000088e00000| Complete |  0
| 101|0x0000000088f00000, 0x0000000089000000, 0x0000000089000000|100%| E|CS|TAMS 0x0000000088f00000| PB 0x0000000088f00000| Complete |  0
| 102|0x0000000089000000, 0x0000000089100000, 0x0000000089100000|100%| E|CS|TAMS 0x0000000089000000| PB 0x0000000089000000| Complete |  0
| 103|0x0000000089100000, 0x0000000089200000, 0x0000000089200000|100%| E|CS|TAMS 0x0000000089100000| PB 0x0000000089100000| Complete |  0
| 104|0x0000000089200000, 0x0000000089300000, 0x0000000089300000|100%| E|CS|TAMS 0x0000000089200000| PB 0x0000000089200000| Complete |  0
| 105|0x0000000089300000, 0x0000000089400000, 0x0000000089400000|100%| E|CS|TAMS 0x0000000089300000| PB 0x0000000089300000| Complete |  0
| 106|0x0000000089400000, 0x0000000089500000, 0x0000000089500000|100%| E|CS|TAMS 0x0000000089400000| PB 0x0000000089400000| Complete |  0
| 107|0x0000000089500000, 0x0000000089600000, 0x0000000089600000|100%| E|CS|TAMS 0x0000000089500000| PB 0x0000000089500000| Complete |  0
| 108|0x0000000089600000, 0x0000000089700000, 0x0000000089700000|100%| E|CS|TAMS 0x0000000089600000| PB 0x0000000089600000| Complete |  0
| 109|0x0000000089700000, 0x0000000089800000, 0x0000000089800000|100%| E|CS|TAMS 0x0000000089700000| PB 0x0000000089700000| Complete |  0
| 110|0x0000000089800000, 0x0000000089900000, 0x0000000089900000|100%| E|CS|TAMS 0x0000000089800000| PB 0x0000000089800000| Complete |  0
| 111|0x0000000089900000, 0x0000000089a00000, 0x0000000089a00000|100%| E|CS|TAMS 0x0000000089900000| PB 0x0000000089900000| Complete |  0
| 112|0x0000000089a00000, 0x0000000089b00000, 0x0000000089b00000|100%| E|CS|TAMS 0x0000000089a00000| PB 0x0000000089a00000| Complete |  0
| 113|0x0000000089b00000, 0x0000000089c00000, 0x0000000089c00000|100%| E|CS|TAMS 0x0000000089b00000| PB 0x0000000089b00000| Complete |  0
| 114|0x0000000089c00000, 0x0000000089d00000, 0x0000000089d00000|100%| E|CS|TAMS 0x0000000089c00000| PB 0x0000000089c00000| Complete |  0
| 115|0x0000000089d00000, 0x0000000089e00000, 0x0000000089e00000|100%| E|CS|TAMS 0x0000000089d00000| PB 0x0000000089d00000| Complete |  0
| 116|0x0000000089e00000, 0x0000000089f00000, 0x0000000089f00000|100%| E|CS|TAMS 0x0000000089e00000| PB 0x0000000089e00000| Complete |  0
| 117|0x0000000089f00000, 0x000000008a000000, 0x000000008a000000|100%| E|CS|TAMS 0x0000000089f00000| PB 0x0000000089f00000| Complete |  0
| 118|0x000000008a000000, 0x000000008a100000, 0x000000008a100000|100%| E|CS|TAMS 0x000000008a000000| PB 0x000000008a000000| Complete |  0
| 119|0x000000008a100000, 0x000000008a200000, 0x000000008a200000|100%| E|CS|TAMS 0x000000008a100000| PB 0x000000008a100000| Complete |  0
| 120|0x000000008a200000, 0x000000008a300000, 0x000000008a300000|100%| E|CS|TAMS 0x000000008a200000| PB 0x000000008a200000| Complete |  0
| 121|0x000000008a300000, 0x000000008a400000, 0x000000008a400000|100%| E|CS|TAMS 0x000000008a300000| PB 0x000000008a300000| Complete |  0
| 122|0x000000008a400000, 0x000000008a500000, 0x000000008a500000|100%| E|CS|TAMS 0x000000008a400000| PB 0x000000008a400000| Complete |  0
| 123|0x000000008a500000, 0x000000008a600000, 0x000000008a600000|100%| E|CS|TAMS 0x000000008a500000| PB 0x000000008a500000| Complete |  0
| 124|0x000000008a600000, 0x000000008a700000, 0x000000008a700000|100%| E|CS|TAMS 0x000000008a600000| PB 0x000000008a600000| Complete |  0
| 125|0x000000008a700000, 0x000000008a800000, 0x000000008a800000|100%| E|CS|TAMS 0x000000008a700000| PB 0x000000008a700000| Complete |  0
|2004|0x00000000ffe00000, 0x00000000fff00000, 0x00000000fff00000|100%| O|  |TAMS 0x00000000ffe00000| PB 0x00000000ffe00000| Untracked |  0
|2005|0x00000000fff00000, 0x00000000fff1c2f8, 0x0000000100000000| 11%| O|  |TAMS 0x00000000fff00000| PB 0x00000000fff00000| Untracked |  0

Card table byte_map: [0x000000001abe0000,0x000000001afd0000] _byte_map_base: 0x000000001a7cb000

Marking Bits: (CMBitMap*) 0x0000000002a05090
 Bits: [0x000000001afd0000, 0x000000001cf28000)

Polling page: 0x0000000000920000

Metaspace:

Usage:
  Non-class:     15.46 MB used.
      Class:      1.56 MB used.
       Both:     17.02 MB used.

Virtual space:
  Non-class space:       64.00 MB reserved,      15.56 MB ( 24%) committed,  1 nodes.
      Class space:        1.00 GB reserved,       1.69 MB ( <1%) committed,  1 nodes.
             Both:        1.06 GB reserved,      17.25 MB (  2%) committed. 

Chunk freelists:
   Non-Class:  459.00 KB
       Class:  14.24 MB
        Both:  14.68 MB

MaxMetaspaceSize: unlimited
CompressedClassSpaceSize: 1.00 GB
Initial GC threshold: 21.00 MB
Current GC threshold: 21.00 MB
CDS: on
 - commit_granule_bytes: 65536.
 - commit_granule_words: 8192.
 - virtual_space_node_default_size: 8388608.
 - enlarge_chunks_in_place: 1.
UseCompressedClassPointers 1, UseCompactObjectHeaders 0
Narrow klass pointer bits 32, Max shift 3
Narrow klass base: 0x0000000020000000, Narrow klass shift: 0
Encoding Range: [0x0000000020000000 - 0x0000000120000000), (4294967296 bytes)
Klass Range:    [0x0000000020000000 - 0x0000000061000000), (1090519040 bytes)
Klass ID Range:  [8 - 1090519033) (1090519025)


Internal statistics:

num_allocs_failed_limit: 0.
num_arena_births: 154.
num_arena_deaths: 0.
num_vsnodes_births: 2.
num_vsnodes_deaths: 0.
num_space_committed: 276.
num_space_uncommitted: 0.
num_chunks_returned_to_freelist: 0.
num_chunks_taken_from_freelist: 325.
num_chunk_merges: 0.
num_chunk_splits: 199.
num_chunks_enlarged: 123.
num_inconsistent_stats: 0.

CodeHeap 'non-profiled nmethods': size=120064Kb used=641Kb max_used=641Kb free=119422Kb
 bounds [0x0000000012f70000, 0x00000000131e0000, 0x000000001a4b0000]
CodeHeap 'profiled nmethods': size=120000Kb used=3300Kb max_used=3300Kb free=116699Kb
 bounds [0x000000000b4b0000, 0x000000000b7f0000, 0x00000000129e0000]
CodeHeap 'non-nmethods': size=5696Kb used=1593Kb max_used=1609Kb free=4103Kb
 bounds [0x00000000129e0000, 0x0000000012c50000, 0x0000000012f70000]
CodeCache: size=245760Kb, used=5534Kb, max_used=5550Kb, free=240224Kb
 total_blobs=2886, nmethods=2123, adapters=668, full_count=0
Compilation: enabled, stopped_count=0, restarted_count=0

Compilation events (20 events):
Event: 611.495 Thread 0x000000001f758710 nmethod 2115 0x000000000b7e5188 code [0x000000000b7e5300, 0x000000000b7e58e8]
Event: 631.521 Thread 0x000000001f758710 2116       1       jdk.internal.loader.URLClassPath$FileLoader$1::getURL (5 bytes)
Event: 631.521 Thread 0x000000001f758710 nmethod 2116 0x000000001300fd08 code [0x000000001300fe00, 0x000000001300fec8]
Event: 858.638 Thread 0x000000001f758710 2117       3       java.util.HashMap::putVal (300 bytes)
Event: 858.640 Thread 0x000000001f758710 nmethod 2117 0x000000000b7e5988 code [0x000000000b7e5bc0, 0x000000000b7e6e28]
Event: 858.859 Thread 0x000000001f756010 2118       4       jdk.internal.util.ArraysSupport::mismatch (73 bytes)
Event: 858.864 Thread 0x000000001f758710 2120       3       java.awt.event.InvocationEvent::<init> (47 bytes)
Event: 858.864 Thread 0x000000001f758710 nmethod 2120 0x000000000b7e6e88 code [0x000000000b7e6fc0, 0x000000000b7e72d8]
Event: 858.864 Thread 0x000000001f758710 2121       3       java.beans.PropertyChangeSupport::firePropertyChange (35 bytes)
Event: 858.865 Thread 0x000000001f758710 nmethod 2121 0x000000000b7e7308 code [0x000000000b7e7480, 0x000000000b7e7be0]
Event: 858.866 Thread 0x000000001f756010 nmethod 2118 0x0000000013010008 code [0x0000000013010120, 0x0000000013010348]
Event: 858.866 Thread 0x000000001f756010 2119       4       java.lang.String::compareTo (9 bytes)
Event: 858.869 Thread 0x000000001f756010 nmethod 2119 0x0000000013010388 code [0x00000000130104a0, 0x00000000130106f0]
Event: 859.325 Thread 0x000000001f758710 2122       3       java.util.concurrent.locks.AbstractQueuedSynchronizer$ConditionObject::doSignal (62 bytes)
Event: 859.326 Thread 0x000000001f758710 nmethod 2122 0x000000000b7e7c08 code [0x000000000b7e7d60, 0x000000000b7e8220]
Event: 859.326 Thread 0x000000001f758710 2123   !   3       java.awt.Toolkit::setDesktopProperty (81 bytes)
Event: 859.327 Thread 0x000000001f758710 nmethod 2123 0x000000000b7e8288 code [0x000000000b7e8420, 0x000000000b7e8d18]
Event: 1042.022 Thread 0x000000001f758710 2124       3       java.awt.event.InvocationEvent::<init> (13 bytes)
Event: 1042.023 Thread 0x000000001f758710 nmethod 2124 0x000000000b7e8d88 code [0x000000000b7e8ea0, 0x000000000b7e8ff8]
Event: 1042.829 Thread 0x000000001f758710 2125       3       java.awt.Font::equals (131 bytes)

GC Heap History (0 events):
No events

Dll operation events (12 events):
Event: 0.016 Loaded shared library C:\Program Files\Apache NetBeans\jdk\bin\java.dll
Event: 0.067 Loaded shared library C:\Program Files\Apache NetBeans\jdk\bin\jsvml.dll
Event: 0.139 Loaded shared library C:\Program Files\Apache NetBeans\jdk\bin\net.dll
Event: 0.143 Loaded shared library C:\Program Files\Apache NetBeans\jdk\bin\nio.dll
Event: 0.186 Loaded shared library C:\Program Files\Apache NetBeans\jdk\bin\zip.dll
Event: 0.206 Loaded shared library C:\Program Files\Apache NetBeans\jdk\bin\jimage.dll
Event: 0.222 Loaded shared library C:\Program Files\Apache NetBeans\jdk\bin\awt.dll
Event: 0.863 Loaded shared library C:\Program Files\Apache NetBeans\jdk\bin\extnet.dll
Event: 1.284 Loaded shared library C:\Program Files\Apache NetBeans\jdk\bin\sunmscapi.dll
Event: 1.913 Loaded shared library C:\Program Files\Apache NetBeans\jdk\bin\javajpeg.dll
Event: 1.980 Loaded shared library C:\Program Files\Apache NetBeans\jdk\bin\freetype.dll
Event: 1.982 Loaded shared library C:\Program Files\Apache NetBeans\jdk\bin\fontmanager.dll

Deoptimization events (20 events):
Event: 2.276 Thread 0x0000000067d79f90 Uncommon trap: trap_request=0xffffff5c fr.pc=0x0000000012fc88e0 relative=0x0000000000000060
Event: 2.276 Thread 0x0000000067d79f90 Uncommon trap: reason=speculate_null_check action=make_not_entrant pc=0x0000000012fc88e0 method=jdk.internal.misc.Unsafe.getIntUnaligned(Ljava/lang/Object;JZ)I @ 5 c2
Event: 2.276 Thread 0x0000000067d79f90 DEOPT PACKING pc=0x0000000012fc88e0 sp=0x0000000068bdd760
Event: 2.276 Thread 0x0000000067d79f90 DEOPT UNPACKING pc=0x0000000012af6302 sp=0x0000000068bdd6b8 mode 2
Event: 2.386 Thread 0x0000000067d79f90 DEOPT PACKING pc=0x000000000b72d8eb sp=0x0000000068bdf4a0
Event: 2.386 Thread 0x0000000067d79f90 DEOPT UNPACKING pc=0x0000000012a35722 sp=0x0000000068bde8f8 mode 3
Event: 8.378 Thread 0x0000000067d79f90 Uncommon trap: trap_request=0xffffffc6 fr.pc=0x0000000012fe8ab4 relative=0x00000000000003d4
Event: 8.378 Thread 0x0000000067d79f90 Uncommon trap: reason=bimorphic_or_optimized_type_check action=maybe_recompile pc=0x0000000012fe8ab4 method=java.util.regex.Pattern$BmpCharPropertyGreedy.match(Ljava/util/regex/Matcher;ILjava/lang/CharSequence;)Z @ 26 c2
Event: 8.378 Thread 0x0000000067d79f90 DEOPT PACKING pc=0x0000000012fe8ab4 sp=0x0000000068bde820
Event: 8.378 Thread 0x0000000067d79f90 DEOPT UNPACKING pc=0x0000000012af6302 sp=0x0000000068bde7a8 mode 2
Event: 8.435 Thread 0x0000000067d79f90 DEOPT PACKING pc=0x000000000b687638 sp=0x0000000068bddb10
Event: 8.435 Thread 0x0000000067d79f90 DEOPT UNPACKING pc=0x0000000012a35722 sp=0x0000000068bdcf40 mode 0
Event: 8.456 Thread 0x0000000067d79f90 Uncommon trap: trap_request=0xffffffde fr.pc=0x0000000012fc7938 relative=0x00000000000007f8
Event: 8.456 Thread 0x0000000067d79f90 Uncommon trap: reason=class_check action=maybe_recompile pc=0x0000000012fc7938 method=java.util.HashMap.putVal(ILjava/lang/Object;Ljava/lang/Object;ZZ)Ljava/lang/Object; @ 253 c2
Event: 8.456 Thread 0x0000000067d79f90 DEOPT PACKING pc=0x0000000012fc7938 sp=0x0000000068bdda60
Event: 8.456 Thread 0x0000000067d79f90 DEOPT UNPACKING pc=0x0000000012af6302 sp=0x0000000068bdd9d0 mode 2
Event: 8.460 Thread 0x0000000067d79f90 DEOPT PACKING pc=0x000000000b687638 sp=0x0000000068bdda20
Event: 8.460 Thread 0x0000000067d79f90 DEOPT UNPACKING pc=0x0000000012a35722 sp=0x0000000068bdce50 mode 0
Event: 8.474 Thread 0x0000000067d79f90 DEOPT PACKING pc=0x000000000b687638 sp=0x0000000068bdd880
Event: 8.474 Thread 0x0000000067d79f90 DEOPT UNPACKING pc=0x0000000012a35722 sp=0x0000000068bdccb0 mode 0

Classes loaded (20 events):
Event: 8.489 Loading class javax/swing/JViewport
Event: 8.491 Loading class javax/swing/JViewport done
Event: 8.492 Loading class javax/swing/text/AbstractDocument$UndoRedoDocumentEvent
Event: 8.492 Loading class javax/swing/text/AbstractDocument$UndoRedoDocumentEvent done
Event: 8.492 Loading class javax/swing/TimerQueue
Event: 8.493 Loading class javax/swing/TimerQueue done
Event: 8.494 Loading class java/util/concurrent/DelayQueue
Event: 8.494 Loading class java/util/concurrent/DelayQueue done
Event: 8.495 Loading class java/util/PriorityQueue
Event: 8.495 Loading class java/util/PriorityQueue done
Event: 8.497 Loading class javax/swing/text/DefaultCaret$1
Event: 8.497 Loading class javax/swing/text/DefaultCaret$1 done
Event: 8.497 Loading class javax/swing/event/UndoableEditEvent
Event: 8.497 Loading class javax/swing/event/UndoableEditEvent done
Event: 8.497 Loading class javax/swing/text/AbstractDocument$DefaultDocumentEventUndoableWrapper
Event: 8.498 Loading class sun/swing/text/UndoableEditLockSupport
Event: 8.498 Loading class sun/swing/text/UndoableEditLockSupport done
Event: 8.498 Loading class javax/swing/text/AbstractDocument$DefaultDocumentEventUndoableWrapper done
Event: 8.498 Loading class javax/swing/event/UndoableEditListener
Event: 8.498 Loading class javax/swing/event/UndoableEditListener done

Classes unloaded (0 events):
No events

Classes redefined (0 events):
No events

Internal exceptions (20 events):
Event: 1.025 Thread 0x000000000047e490 Exception <a 'java/lang/NoSuchMethodError'{0x00000000896232e0}: 'void java.lang.invoke.DirectMethodHandle$Holder.invokeStaticInit(java.lang.Object, java.lang.Object)'> (0x00000000896232e0) 
thrown [s\src\hotspot\share\interpreter\linkResolver.cpp, line 805]
Event: 1.141 Thread 0x000000000047e490 Exception <a 'sun/nio/fs/WindowsException'{0x0000000089574ee0}> (0x0000000089574ee0) 
thrown [s\src\hotspot\share\prims\jni.cpp, line 518]
Event: 1.205 Thread 0x000000000047e490 Exception <a 'java/lang/NoSuchMethodError'{0x0000000089420260}: 'java.lang.Object java.lang.invoke.DirectMethodHandle$Holder.invokeStaticInit(java.lang.Object, int, int, int, int)'> (0x0000000089420260) 
thrown [s\src\hotspot\share\interpreter\linkResolver.cpp, line 805]
Event: 1.238 Thread 0x000000000047e490 Exception <a 'java/lang/NoSuchMethodError'{0x0000000089467c88}: 'java.lang.Object java.lang.invoke.DirectMethodHandle$Holder.invokeStaticInit(java.lang.Object, java.lang.Object, int, int, int, int)'> (0x0000000089467c88) 
thrown [s\src\hotspot\share\interpreter\linkResolver.cpp, line 805]
Event: 1.531 Thread 0x000000000047e490 Exception <a 'java/lang/NoSuchMethodError'{0x00000000892176b0}: 'void java.lang.invoke.DirectMethodHandle$Holder.invokeVirtual(java.lang.Object, java.lang.Object)'> (0x00000000892176b0) 
thrown [s\src\hotspot\share\interpreter\linkResolver.cpp, line 805]
Event: 1.643 Thread 0x000000000047e490 Exception <a 'java/lang/NoSuchMethodError'{0x00000000892e32f8}: 'java.lang.Object java.lang.invoke.Invokers$Holder.invoke_MT(java.lang.Object, java.lang.Object, java.lang.Object, java.lang.Object, java.lang.Object, java.lang.Object)'> (0x00000000892e32f8) 
thrown [s\src\hotspot\share\interpreter\linkResolver.cpp, line 805]
Event: 1.645 Thread 0x000000000047e490 Exception <a 'java/lang/NoSuchMethodError'{0x00000000892ebfc8}: 'java.lang.Object java.lang.invoke.DirectMethodHandle$Holder.invokeStatic(java.lang.Object, java.lang.Object, int)'> (0x00000000892ebfc8) 
thrown [s\src\hotspot\share\interpreter\linkResolver.cpp, line 805]
Event: 1.651 Thread 0x000000000047e490 Exception <a 'java/lang/NoSuchMethodError'{0x000000008910ebf0}: 'void java.lang.invoke.DelegatingMethodHandle$Holder.delegate(java.lang.Object, java.lang.Object, int, java.lang.Object)'> (0x000000008910ebf0) 
thrown [s\src\hotspot\share\interpreter\linkResolver.cpp, line 805]
Event: 1.652 Thread 0x000000000047e490 Exception <a 'java/lang/NoSuchMethodError'{0x0000000089117490}: 'int java.lang.invoke.DirectMethodHandle$Holder.invokeSpecial(java.lang.Object, java.lang.Object, java.lang.Object)'> (0x0000000089117490) 
thrown [s\src\hotspot\share\interpreter\linkResolver.cpp, line 805]
Event: 1.897 Thread 0x0000000067e06360 Implicit null exception at 0x0000000012fc1d94 to 0x0000000012fc2370
Event: 1.898 Thread 0x0000000067e06360 Implicit null exception at 0x0000000012fbc890 to 0x0000000012fbce6c
Event: 1.969 Thread 0x000000000047e490 Exception <a 'java/lang/NoSuchMethodError'{0x0000000088f70cd8}: 'void java.lang.invoke.DirectMethodHandle$Holder.invokeStaticInit(java.lang.Object)'> (0x0000000088f70cd8) 
thrown [s\src\hotspot\share\interpreter\linkResolver.cpp, line 805]
Event: 1.999 Thread 0x000000000047e490 Exception <a 'java/lang/NoSuchMethodError'{0x0000000088d1de00}: 'long java.lang.invoke.DirectMethodHandle$Holder.invokeStaticInit(java.lang.Object, long, long, long, long)'> (0x0000000088d1de00) 
thrown [s\src\hotspot\share\interpreter\linkResolver.cpp, line 805]
Event: 2.000 Thread 0x000000000047e490 Exception <a 'java/lang/NoSuchMethodError'{0x0000000088d26808}: 'java.lang.Object java.lang.invoke.DirectMethodHandle$Holder.invokeInterface(java.lang.Object, java.lang.Object, long, long)'> (0x0000000088d26808) 
thrown [s\src\hotspot\share\interpreter\linkResolver.cpp, line 805]
Event: 2.004 Thread 0x000000000047e490 Exception <a 'java/lang/NoSuchMethodError'{0x0000000088d3f0e0}: 'void java.lang.invoke.DirectMethodHandle$Holder.invokeStaticInit(java.lang.Object, java.lang.Object, long, java.lang.Object)'> (0x0000000088d3f0e0) 
thrown [s\src\hotspot\share\interpreter\linkResolver.cpp, line 805]
Event: 2.005 Thread 0x000000000047e490 Exception <a 'java/lang/NoSuchMethodError'{0x0000000088d47850}: 'long java.lang.invoke.DirectMethodHandle$Holder.invokeStatic(java.lang.Object, long, long)'> (0x0000000088d47850) 
thrown [s\src\hotspot\share\interpreter\linkResolver.cpp, line 805]
Event: 2.013 Thread 0x000000000047e490 Exception <a 'java/lang/NoSuchMethodError'{0x0000000088d70460}: 'java.lang.Object java.lang.invoke.DirectMethodHandle$Holder.newInvokeSpecial(java.lang.Object, int, java.lang.Object)'> (0x0000000088d70460) 
thrown [s\src\hotspot\share\interpreter\linkResolver.cpp, line 805]
Event: 2.250 Thread 0x0000000067d79f90 Exception <a 'java/lang/NoSuchMethodError'{0x0000000088c9bb40}: 'void java.lang.invoke.DelegatingMethodHandle$Holder.reinvoke_L(java.lang.Object, java.lang.Object, java.lang.Object, java.lang.Object, long, long, float)'> (0x0000000088c9bb40) 
thrown [s\src\hotspot\share\interpreter\linkResolver.cpp, line 805]
Event: 2.259 Thread 0x0000000067d79f90 Exception <a 'java/lang/NoSuchMethodError'{0x0000000088cbc190}: 'java.lang.Object java.lang.invoke.DirectMethodHandle$Holder.invokeStatic(java.lang.Object, java.lang.Object, java.lang.Object, java.lang.Object, java.lang.Object, long)'> (0x0000000088cbc190) 
thrown [s\src\hotspot\share\interpreter\linkResolver.cpp, line 805]
Event: 2.271 Thread 0x0000000067d79f90 Exception <a 'java/lang/NoSuchMethodError'{0x0000000088cff780}: 'float java.lang.invoke.DelegatingMethodHandle$Holder.reinvoke_L(java.lang.Object, java.lang.Object, java.lang.Object, java.lang.Object, long, long)'> (0x0000000088cff780) 
thrown [s\src\hotspot\share\interpreter\linkResolver.cpp, line 805]

VM Operations (20 events):
Event: 1.649 Executing VM operation: HandshakeAllThreads (Deoptimize)
Event: 1.649 Executing VM operation: HandshakeAllThreads (Deoptimize) done
Event: 1.866 Executing VM operation: HandshakeAllThreads (Deoptimize)
Event: 1.866 Executing VM operation: HandshakeAllThreads (Deoptimize) done
Event: 1.906 Executing VM operation: HandshakeAllThreads (Deoptimize)
Event: 1.907 Executing VM operation: HandshakeAllThreads (Deoptimize) done
Event: 2.010 Executing VM operation: HandshakeAllThreads (Deoptimize)
Event: 2.011 Executing VM operation: HandshakeAllThreads (Deoptimize) done
Event: 2.078 Executing VM operation: HandshakeAllThreads (Deoptimize)
Event: 2.078 Executing VM operation: HandshakeAllThreads (Deoptimize) done
Event: 2.363 Executing VM operation: HandshakeAllThreads (Deoptimize)
Event: 2.363 Executing VM operation: HandshakeAllThreads (Deoptimize) done
Event: 60.267 Executing VM operation: HandshakeAllThreads (HandshakeForDeflation)
Event: 60.267 Executing VM operation: HandshakeAllThreads (HandshakeForDeflation) done
Event: 60.268 Executing VM operation: RendezvousGCThreads
Event: 60.268 Executing VM operation: RendezvousGCThreads done
Event: 1038.544 Executing VM operation: HandshakeAllThreads (HandshakeForDeflation)
Event: 1038.544 Executing VM operation: HandshakeAllThreads (HandshakeForDeflation) done
Event: 1038.544 Executing VM operation: RendezvousGCThreads
Event: 1038.544 Executing VM operation: RendezvousGCThreads done

Memory protections (0 events):
No events

Nmethod flushes (0 events):
No events

Events (20 events):
Event: 0.177 Thread 0x000000001f758710 Thread added: 0x0000000065ae2890
Event: 0.310 Thread 0x000000000047e490 Thread added: 0x00000000665a0810
Event: 0.311 Thread 0x000000000047e490 Thread added: 0x00000000661e5a60
Event: 0.312 Thread 0x000000000047e490 Thread added: 0x00000000661e61a0
Event: 0.332 Thread 0x0000000065ae2890 Thread exited: 0x0000000065ae2890
Event: 0.533 Thread 0x000000000047e490 Thread added: 0x00000000665fa8e0
Event: 0.612 Thread 0x000000001f758710 Thread added: 0x00000000665eb0d0
Event: 1.344 Thread 0x00000000661e5a60 Thread exited: 0x00000000661e5a60
Event: 1.354 Thread 0x00000000665eb0d0 Thread exited: 0x00000000665eb0d0
Event: 1.399 Thread 0x000000001f758710 Thread added: 0x0000000066683ae0
Event: 1.894 Thread 0x000000000047e490 Thread added: 0x0000000067e06360
Event: 1.929 Thread 0x00000000661e61a0 Thread added: 0x0000000067e076e0
Event: 1.937 Thread 0x00000000661e61a0 Thread added: 0x0000000067d79f90
Event: 2.163 Thread 0x0000000066683ae0 Thread exited: 0x0000000066683ae0
Event: 2.225 Thread 0x000000000047e490 Thread exited: 0x000000000047e490
Event: 2.225 Thread 0x000000000047e490 Thread added: 0x000000000047e490
Event: 6.925 Thread 0x0000000067e06360 Thread exited: 0x0000000067e06360
Event: 8.425 Thread 0x000000001f758710 Thread added: 0x0000000067b4ee90
Event: 8.496 Thread 0x0000000067d79f90 Thread added: 0x000000006646b490
Event: 13.094 Thread 0x0000000067b4ee90 Thread exited: 0x0000000067b4ee90


Dynamic libraries:
0x00007ff704630000 - 0x00007ff70463e000 	C:\Program Files\Apache NetBeans\jdk\bin\java.exe
0x00007ffd3a860000 - 0x00007ffd3aac8000 	C:\WINDOWS\SYSTEM32\ntdll.dll
0x00007ffd29120000 - 0x00007ffd29140000 	C:\Program Files\Avast Software\Avast\aswhook.dll
0x00007ffd38a70000 - 0x00007ffd38b39000 	C:\WINDOWS\System32\KERNEL32.DLL
0x00007ffd37f40000 - 0x00007ffd3832d000 	C:\WINDOWS\System32\KERNELBASE.dll
0x00007ffd384b0000 - 0x00007ffd385fb000 	C:\WINDOWS\System32\ucrtbase.dll
0x00007ffce9f00000 - 0x00007ffce9f16000 	C:\Program Files\Apache NetBeans\jdk\bin\jli.dll
0x00007ffd38610000 - 0x00007ffd387dc000 	C:\WINDOWS\System32\USER32.dll
0x00007ffd383d0000 - 0x00007ffd383f7000 	C:\WINDOWS\System32\win32u.dll
0x00007ffd3a7f0000 - 0x00007ffd3a81b000 	C:\WINDOWS\System32\GDI32.dll
0x00007ffd37d40000 - 0x00007ffd37e77000 	C:\WINDOWS\System32\gdi32full.dll
0x00007ffd38400000 - 0x00007ffd384a3000 	C:\WINDOWS\System32\msvcp_win.dll
0x00007ffcef7b0000 - 0x00007ffcef7ce000 	C:\Program Files\Apache NetBeans\jdk\bin\VCRUNTIME140.dll
0x00007ffd28b40000 - 0x00007ffd28dda000 	C:\WINDOWS\WinSxS\amd64_microsoft.windows.common-controls_6595b64144ccf1df_6.0.26100.4484_none_3e0e6d4ce32ef3b3\COMCTL32.dll
0x00007ffd38bd0000 - 0x00007ffd38c79000 	C:\WINDOWS\System32\msvcrt.dll
0x00007ffd395b0000 - 0x00007ffd395df000 	C:\WINDOWS\System32\IMM32.DLL
0x00007ffd234b0000 - 0x00007ffd234bc000 	C:\Program Files\Apache NetBeans\jdk\bin\vcruntime140_1.dll
0x00007ffcc64b0000 - 0x00007ffcc653d000 	C:\Program Files\Apache NetBeans\jdk\bin\msvcp140.dll
0x00007ffc90520000 - 0x00007ffc9139c000 	C:\Program Files\Apache NetBeans\jdk\bin\server\jvm.dll
0x00007ffd39d40000 - 0x00007ffd39df4000 	C:\WINDOWS\System32\ADVAPI32.dll
0x00007ffd3a560000 - 0x00007ffd3a606000 	C:\WINDOWS\System32\sechost.dll
0x00007ffd38e40000 - 0x00007ffd38f58000 	C:\WINDOWS\System32\RPCRT4.dll
0x00007ffd387f0000 - 0x00007ffd38864000 	C:\WINDOWS\System32\WS2_32.dll
0x00007ffd37800000 - 0x00007ffd3785e000 	C:\WINDOWS\SYSTEM32\POWRPROF.dll
0x00007ffd19270000 - 0x00007ffd192a5000 	C:\WINDOWS\SYSTEM32\WINMM.dll
0x00007ffd252a0000 - 0x00007ffd252ab000 	C:\WINDOWS\SYSTEM32\VERSION.dll
0x00007ffd377e0000 - 0x00007ffd377f4000 	C:\WINDOWS\SYSTEM32\UMPDC.dll
0x00007ffd36710000 - 0x00007ffd3672b000 	C:\WINDOWS\SYSTEM32\kernel.appcore.dll
0x00007ffd1f4f0000 - 0x00007ffd1f4fa000 	C:\Program Files\Apache NetBeans\jdk\bin\jimage.dll
0x00007ffd32060000 - 0x00007ffd322a1000 	C:\WINDOWS\SYSTEM32\DBGHELP.DLL
0x00007ffd38f60000 - 0x00007ffd392e6000 	C:\WINDOWS\System32\combase.dll
0x00007ffd3a460000 - 0x00007ffd3a540000 	C:\WINDOWS\System32\OLEAUT32.dll
0x00007ffd24430000 - 0x00007ffd24473000 	C:\WINDOWS\SYSTEM32\dbgcore.DLL
0x00007ffd38330000 - 0x00007ffd383c9000 	C:\WINDOWS\System32\bcryptPrimitives.dll
0x00007ffcef6f0000 - 0x00007ffcef70e000 	C:\Program Files\Apache NetBeans\jdk\bin\java.dll
0x00007ffd39400000 - 0x00007ffd3959e000 	C:\WINDOWS\System32\ole32.dll
0x00007ffd395f0000 - 0x00007ffd39d3a000 	C:\WINDOWS\System32\SHELL32.dll
0x00007ffd379b0000 - 0x00007ffd37b24000 	C:\WINDOWS\System32\wintypes.dll
0x00007ffd354b0000 - 0x00007ffd35d0b000 	C:\WINDOWS\SYSTEM32\windows.storage.dll
0x00007ffd38c80000 - 0x00007ffd38d75000 	C:\WINDOWS\System32\SHCORE.dll
0x00007ffd38b40000 - 0x00007ffd38baa000 	C:\WINDOWS\System32\shlwapi.dll
0x00007ffd378c0000 - 0x00007ffd378ef000 	C:\WINDOWS\SYSTEM32\profapi.dll
0x00007ffcd85f0000 - 0x00007ffcd86c7000 	C:\Program Files\Apache NetBeans\jdk\bin\jsvml.dll
0x00007ffcfb290000 - 0x00007ffcfb2a0000 	C:\Program Files\Apache NetBeans\jdk\bin\net.dll
0x00007ffd36c90000 - 0x00007ffd36cfa000 	C:\WINDOWS\system32\mswsock.dll
0x00007ffcc6540000 - 0x00007ffcc6556000 	C:\Program Files\Apache NetBeans\jdk\bin\nio.dll
0x00007ffcd6410000 - 0x00007ffcd6427000 	C:\Program Files\Apache NetBeans\jdk\bin\zip.dll
0x00007ffcb68d0000 - 0x00007ffcb6a4e000 	C:\Program Files\Apache NetBeans\jdk\bin\awt.dll
0x00007ffd31560000 - 0x00007ffd315fe000 	C:\WINDOWS\SYSTEM32\apphelp.dll
0x00007ffd31e30000 - 0x00007ffd31e66000 	C:\WINDOWS\system32\DWMAPI.DLL
0x00007ffd31a20000 - 0x00007ffd31acf000 	C:\WINDOWS\system32\uxtheme.dll
0x00007ffcf8bf0000 - 0x00007ffcf8d08000 	C:\WINDOWS\system32\opengl32.dll
0x00007ffd23420000 - 0x00007ffd2344d000 	C:\WINDOWS\SYSTEM32\GLU32.dll
0x00007ffd31b20000 - 0x00007ffd31b6d000 	C:\WINDOWS\SYSTEM32\dxcore.dll
0x00007ffd3a2f0000 - 0x00007ffd3a450000 	C:\WINDOWS\System32\MSCTF.dll
0x00007ffd361b0000 - 0x00007ffd362d6000 	C:\WINDOWS\SYSTEM32\DNSAPI.dll
0x00007ffd36120000 - 0x00007ffd36153000 	C:\WINDOWS\SYSTEM32\IPHLPAPI.DLL
0x00007ffd38600000 - 0x00007ffd3860a000 	C:\WINDOWS\System32\NSI.dll
0x00007ffd29070000 - 0x00007ffd2907b000 	C:\Windows\System32\rasadhlp.dll
0x00007ffd27050000 - 0x00007ffd270d6000 	C:\WINDOWS\System32\fwpuclnt.dll
0x00007ffcf7060000 - 0x00007ffcf7069000 	C:\Program Files\Apache NetBeans\jdk\bin\extnet.dll
0x00007ffd36f90000 - 0x00007ffd36fab000 	C:\WINDOWS\SYSTEM32\CRYPTSP.dll
0x00007ffd36670000 - 0x00007ffd366ab000 	C:\WINDOWS\system32\rsaenh.dll
0x00007ffd36d40000 - 0x00007ffd36d6b000 	C:\WINDOWS\SYSTEM32\USERENV.dll
0x00007ffd37890000 - 0x00007ffd378b6000 	C:\WINDOWS\SYSTEM32\bcrypt.dll
0x00007ffd36fb0000 - 0x00007ffd36fbc000 	C:\WINDOWS\SYSTEM32\CRYPTBASE.dll
0x00007ffd29850000 - 0x00007ffd2985e000 	C:\Program Files\Apache NetBeans\jdk\bin\sunmscapi.dll
0x00007ffd37bc0000 - 0x00007ffd37d37000 	C:\WINDOWS\System32\CRYPT32.dll
0x00007ffd37130000 - 0x00007ffd37160000 	C:\WINDOWS\SYSTEM32\ncrypt.dll
0x00007ffd370e0000 - 0x00007ffd3711f000 	C:\WINDOWS\SYSTEM32\NTASN1.dll
0x00007ffd1bb20000 - 0x00007ffd1bb4e000 	C:\Program Files\Apache NetBeans\jdk\bin\javajpeg.dll
0x00007ffcb7b60000 - 0x00007ffcb7be7000 	C:\Program Files\Apache NetBeans\jdk\bin\freetype.dll
0x00007ffcb67f0000 - 0x00007ffcb68c9000 	C:\Program Files\Apache NetBeans\jdk\bin\fontmanager.dll
0x00007ffd388f0000 - 0x00007ffd38998000 	C:\WINDOWS\System32\clbcatq.dll
0x00007ffd2fcc0000 - 0x00007ffd2fefb000 	C:\WINDOWS\SYSTEM32\WindowsCodecs.dll
0x00007ffcf3760000 - 0x00007ffcf37ba000 	C:\WINDOWS\system32\dataexchange.dll
0x00007ffd2a0e0000 - 0x00007ffd2a318000 	C:\WINDOWS\system32\twinapi.appcore.dll
0x00007ffcf0d70000 - 0x00007ffcf0ec0000 	C:\WINDOWS\SYSTEM32\textinputframework.dll
0x00007ffd31140000 - 0x00007ffd31265000 	C:\WINDOWS\SYSTEM32\CoreMessaging.dll
0x00007ffd2f1e0000 - 0x00007ffd2f4c3000 	C:\WINDOWS\SYSTEM32\CoreUIComponents.dll

JVMTI agents: none

dbghelp: loaded successfully - version: 4.0.5 - missing functions: none
symbol engine: initialized successfully - sym options: 0x614 - pdb path: .;C:\Program Files\Apache NetBeans\jdk\bin;C:\WINDOWS\SYSTEM32;C:\Program Files\Avast Software\Avast;C:\WINDOWS\WinSxS\amd64_microsoft.windows.common-controls_6595b64144ccf1df_6.0.26100.4484_none_3e0e6d4ce32ef3b3;C:\Program Files\Apache NetBeans\jdk\bin\server

VM Arguments:
jvm_args: -Dfile.encoding=UTF-8 --module-path=C:\Users\MANU TYAGI\Documents\NetBeansProjects\Hotel Management System\build\classes 
java_command: hotel.management.system.UpdateCheck
java_class_path (initial): C:\Users\MANU TYAGI\Downloads;C:\Users\MANU TYAGI\Documents\mysql-connector-java-8.0.28.jar;C:\Users\MANU TYAGI\Documents\rs2xml.jar;C:\Users\MANU TYAGI\Documents\NetBeansProjects\Hotel Management System\build\classes
Launcher Type: SUN_STANDARD

[Global flags]
     intx CICompilerCount                          = 4                                         {product} {ergonomic}
     uint ConcGCThreads                            = 2                                         {product} {ergonomic}
     uint G1ConcRefinementThreads                  = 8                                         {product} {ergonomic}
   size_t G1HeapRegionSize                         = 1048576                                   {product} {ergonomic}
   size_t InitialHeapSize                          = 132120576                                 {product} {ergonomic}
   size_t MarkStackSize                            = 4194304                                   {product} {ergonomic}
   size_t MarkStackSizeMax                         = 536870912                                 {product} {ergonomic}
   size_t MaxHeapSize                              = 2103443456                                {product} {ergonomic}
   size_t MaxNewSize                               = 1261436928                                {product} {ergonomic}
   size_t MinHeapDeltaBytes                        = 1048576                                   {product} {ergonomic}
   size_t MinHeapSize                              = 8388608                                   {product} {ergonomic}
    uintx NonNMethodCodeHeapSize                   = 5832704                                {pd product} {ergonomic}
    uintx NonProfiledCodeHeapSize                  = 122945536                              {pd product} {ergonomic}
    uintx ProfiledCodeHeapSize                     = 122880000                              {pd product} {ergonomic}
    uintx ReservedCodeCacheSize                    = 251658240                              {pd product} {ergonomic}
     bool SegmentedCodeCache                       = true                                      {product} {ergonomic}
   size_t SoftMaxHeapSize                          = 2103443456                             {manageable} {ergonomic}
     bool UseCompressedOops                        = true                           {product lp64_product} {ergonomic}
     bool UseG1GC                                  = true                                      {product} {ergonomic}
     bool UseLargePagesIndividualAllocation        = false                                  {pd product} {ergonomic}

Logging:
Log output configuration:
 #0: stdout all=warning uptime,level,tags foldmultilines=false
 #1: stderr all=off uptime,level,tags foldmultilines=false

Environment Variables:
PATH=C:\Program Files\Common Files\Oracle\Java\javapath;C:\WINDOWS\system32;C:\WINDOWS;C:\WINDOWS\System32\Wbem;C:\WINDOWS\System32\WindowsPowerShell\v1.0\;C:\WINDOWS\System32\OpenSSH\;C:\MinGW\bin;C:\Program Files\Microsoft SQL Server\Client SDK\ODBC\170\Tools\Binn\;C:\Program Files (x86)\Microsoft SQL Server\150\Tools\Binn\;C:\Program Files\Microsoft SQL Server\150\Tools\Binn\;C:\Program Files\Microsoft SQL Server\150\DTS\Binn\;C:\Program Files\dotnet\;C:\Program Files (x86)\Windows Kits\10\Windows Performance Toolkit\;C:\Program Files\Java\jdk-17\bin;C:\Program Files\MySQL\MySQL Shell 8.0\bin\;C:\Users\MANU TYAGI\AppData\Local\Microsoft\WindowsApps;D:\Microsoft VS Code\bin;
USERNAME=MANU TYAGI
OS=Windows_NT
PROCESSOR_IDENTIFIER=Intel64 Family 6 Model 142 Stepping 12, GenuineIntel
TMP=C:\Users\MANUTY~1\AppData\Local\Temp
TEMP=C:\Users\MANUTY~1\AppData\Local\Temp




Periodic native trim disabled

---------------  S Y S T E M  ---------------

OS:
 Windows 11 , 64 bit Build 26100 (10.0.26100.4484)
OS uptime: 0 days 16:20 hours
Hyper-V role detected

CPU: total 8 (initial active 8) (4 cores per cpu, 2 threads per core) family 6 model 142 stepping 12 microcode 0xde, cx8, cmov, fxsr, ht, mmx, 3dnowpref, sse, sse2, sse3, ssse3, sse4.1, sse4.2, popcnt, lzcnt, tsc, tscinvbit, avx, avx2, aes, erms, clmul, bmi1, bmi2, adx, fma, vzeroupper, clflush, clflushopt, hv, rdtscp, f16c
Processor Information for the first 8 processors :
  Max Mhz: 2112, Current Mhz: 1609, Mhz Limit: 1605

Memory: 4k page, system-wide physical 8022M (380M free)
TotalPageFile size 19363M (AvailPageFile size 16M)
current process WorkingSet (physical memory assigned to process): 112M, peak: 116M
current process commit charge ("private bytes"): 239M, peak: 250M

vm_info: OpenJDK 64-Bit Server VM (24.0.1+9) for windows-amd64 JRE (24.0.1+9) (Zulu24.30+11-CA), built on 2025-03-21T13:52:34Z with MS VC++ 17.1 (VS2022)

END.
