#
# A fatal error has been detected by the Java Runtime Environment:
#
#  EXCEPTION_ACCESS_VIOLATION (0xc0000005) at pc=0x00007ffd384e6776, pid=16832, tid=24188
#
# JRE version: OpenJDK Runtime Environment Zulu24.30+11-CA (24.0.1+9) (build 24.0.1+9)
# Java VM: OpenJDK 64-Bit Server VM Zulu24.30+11-CA (24.0.1+9, mixed mode, sharing, tiered, compressed oops, compressed class ptrs, g1 gc, windows-amd64)
# Problematic frame:
# C  [ucrtbase.dll+0x36776]
#
# No core dump will be written. Minidumps are not enabled by default on client versions of Windows
#
# If you would like to submit a bug report, please visit:
#   http://www.azul.com/support/
#

---------------  S U M M A R Y ------------

Command Line: -Dfile.encoding=UTF-8 --module-path=C:\Users\MANU TYAGI\Documents\NetBeansProjects\Hotel Management System\build\classes hotel.management.system.UpdateCheck

Host: Intel(R) Core(TM) i5-10210U CPU @ 1.60GHz, 8 cores, 7G,  Windows 11 , 64 bit Build 26100 (10.0.26100.4484)
Time: Tue Jul 22 12:09:01 2025 India Standard Time elapsed time: 1570.909037 seconds (0d 0h 26m 10s)

---------------  T H R E A D  ---------------

Current thread (0x000000001fc10720):  JavaThread "C2 CompilerThread0" daemon [_thread_in_native, id=24188, stack(0x0000000065700000,0x0000000065800000) (1024K)]


Current CompileTask:
C2:1570909 2084       4       java.util.HashMap::put (13 bytes)

Stack: [0x0000000065700000,0x0000000065800000],  sp=0x00000000657fbfe0,  free space=1007k
Native frames: (J=compiled Java code, j=interpreted, Vv=VM code, C=native code)
C  [ucrtbase.dll+0x36776]  (no source info available)
C  [ucrtbase.dll+0x36650]  (no source info available)
C  [ucrtbase.dll+0x351cd]  (no source info available)
C  [ucrtbase.dll+0x3556e]  (no source info available)
C  [ucrtbase.dll+0x352eb]  (no source info available)
C  [ucrtbase.dll+0x34a7f]  (no source info available)
C  [ucrtbase.dll+0x34722]  (no source info available)
C  [ucrtbase.dll+0x34673]  (no source info available)
C  [awt.dll+0x74ecd]  (no source info available)
C  [awt.dll+0xe372e]  (no source info available)
C  [ucrtbase.dll+0x102c1]  (no source info available)
C  [ucrtbase.dll+0x10174]  (no source info available)
C  [ucrtbase.dll+0x3656a]  (no source info available)
C  [ucrtbase.dll+0x35278]  (no source info available)
C  [ucrtbase.dll+0x34a7f]  (no source info available)
C  [ucrtbase.dll+0x34722]  (no source info available)
C  [ucrtbase.dll+0x34673]  (no source info available)
C  [awt.dll+0x74ecd]  (no source info available)
C  [awt.dll+0xe372e]  (no source info available)
C  [ucrtbase.dll+0x102c1]  (no source info available)
C  [ucrtbase.dll+0x10174]  (no source info available)
V  [jvm.dll+0x731e82]  (no source info available)
V  [jvm.dll+0xd016c]  (no source info available)
V  [jvm.dll+0xd03ff]  (no source info available)
V  [jvm.dll+0x2079af]  (no source info available)
V  [jvm.dll+0x6c4f65]  (no source info available)
V  [jvm.dll+0x6c315c]  (no source info available)
V  [jvm.dll+0x27a233]  (no source info available)
V  [jvm.dll+0x279641]  (no source info available)
V  [jvm.dll+0x1f313a]  (no source info available)
V  [jvm.dll+0x288e35]  (no source info available)
V  [jvm.dll+0x2870ca]  (no source info available)
V  [jvm.dll+0x43df56]  (no source info available)
V  [jvm.dll+0x920928]  (no source info available)
V  [jvm.dll+0x73f855]  (no source info available)
C  [ucrtbase.dll+0x37b0]  (no source info available)
C  [KERNEL32.DLL+0x2e8d7]  (no source info available)
C  [ntdll.dll+0x3c34c]  (no source info available)


siginfo: EXCEPTION_ACCESS_VIOLATION (0xc0000005), writing address 0x0000000000000000


Registers:
RAX=0x000000000000006a, RBX=0x00007ffd385e7cf0, RCX=0x0000000000000000, RDX=0x0000000000000012
RSP=0x00000000657fbfe0, RBP=0x0000000000000000, RSI=0x00000000657fc660, RDI=0x0000000000000000
R8 =0x00000000005b0fc0, R9 =0x0000000000002282, R10=0x00000000005b0fc0, R11=0x00007ffd385e8e80
R12=0x0000000000000000, R13=0x00000000657fd430, R14=0x00007ffd384b0000, R15=0x0000000000008000
RIP=0x00007ffd384e6776, EFLAGS=0x0000000000010246

XMM[0]=0x0000000000000000 0x0000000000000000
XMM[1]=0x0000000000000000 0x0000000000000000
XMM[2]=0x0000000000000000 0x0000000000000000
XMM[3]=0x0000000000000000 0x0000000000000000
XMM[4]=0x0000000000000000 0x0000000000000000
XMM[5]=0x0000000000000000 0x0000000000000000
XMM[6]=0x0000000000000000 0x0000000000000000
XMM[7]=0x0000000000000000 0x0000000000000000
XMM[8]=0x0000000000000000 0x0000000000000000
XMM[9]=0x0000000000000000 0x0000000000000000
XMM[10]=0x0000000000000000 0x0000000000000000
XMM[11]=0x0000000000000000 0x0000000000000000
XMM[12]=0x0000000000000000 0x0000000000000000
XMM[13]=0x0000000000000000 0x0000000000000000
XMM[14]=0x0000000000000000 0x0000000000000000
XMM[15]=0x0000000000000000 0x0000000000000000
  MXCSR=0x00001fa0


Register to memory mapping:

RAX=0x000000000000006a is an unknown value
RBX=0x00007ffd385e7cf0 ucrtbase.dll
RCX=0x0 is null
RDX=0x0000000000000012 is an unknown value
RSP=0x00000000657fbfe0 is pointing into the stack for thread: 0x000000001fc10720
RBP=0x0 is null
RSI=0x00000000657fc660 is pointing into the stack for thread: 0x000000001fc10720
RDI=0x0 is null
R8 =0x00000000005b0fc0 points into unknown readable memory: 0xffffffffffffffff | ff ff ff ff ff ff ff ff
R9 =0x0000000000002282 is an unknown value
R10=0x00000000005b0fc0 points into unknown readable memory: 0xffffffffffffffff | ff ff ff ff ff ff ff ff
R11=0x00007ffd385e8e80 ucrtbase.dll
R12=0x0 is null
R13=0x00000000657fd430 is pointing into the stack for thread: 0x000000001fc10720
R14=0x00007ffd384b0000 ucrtbase.dll
R15=0x0000000000008000 is an unknown value

Top of Stack: (sp=0x00000000657fbfe0)
0x00000000657fbfe0:   0000000000000000 0000000000000000   ................
0x00000000657fbff0:   0000000000000000 0000000000000000   ................
0x00000000657fc000:   000000000000006a 00007ffd384e6650   j.......PfN8....
0x00000000657fc010:   000000000000006a 00000000657fc1c0   j..........e....
0x00000000657fc020:   00000000657fc660 00007ffd385e7cf0   `..e.....|^8....
0x00000000657fc030:   00000000657fc660 00007ffd384e51cd   `..e.....QN8....
0x00000000657fc040:   00000000657fc0e0 0000000000000000   ...e............
0x00000000657fc050:   0000000000000000 0000000000000000   ................
0x00000000657fc060:   0000000000000000 00007ffd384e556e   ........nUN8....
0x00000000657fc070:   0000000000000000 0000000000000000   ................
0x00000000657fc080:   0000000000000000 0000000000000000   ................
0x00000000657fc090:   0000000000000000 00007ffd3a95164b   ........K..:....
0x00000000657fc0a0:   00000000657fc660 00007ffd385e7cf0   `..e.....|^8....
0x00000000657fc0b0:   0000000000000000 00007ffd384e52eb   .........RN8....
0x00000000657fc0c0:   00000000657fc638 00000000657fc1c0   8..e.......e....
0x00000000657fc0d0:   00000000657fc700 00000000657fc2a8   ...e.......e....
0x00000000657fc0e0:   0000000000000024 00000000657fc660   $.......`..e....
0x00000000657fc0f0:   00007ffcb69df4d1 00000000657fc710   ...........e....
0x00000000657fc100:   0000000000000000 0000000000000000   ................
0x00000000657fc110:   0000000000000000 0000000000006a00   .........j......
0x00000000657fc120:   0000000000000000 0000000000000000   ................
0x00000000657fc130:   0000000000000000 00007ffc90e52e5f   ........_.......
0x00000000657fc140:   0000000002939e28 0000000065991d90   (..........e....
0x00000000657fc150:   0000000000000000 0000000000000000   ................
0x00000000657fc160:   0000000002939140 00007ffc90e52ad2   @........*......
0x00000000657fc170:   0000000065ca83b8 0000000002939140   ...e....@.......
0x00000000657fc180:   0000000000000000 0000000000000000   ................
0x00000000657fc190:   0000000000000002 00007ffc90e4c36f   ........o.......
0x00000000657fc1a0:   0000ecb17007e880 0000000065991d90   ...p.......e....
0x00000000657fc1b0:   0000000067bc2f01 00007ffd3a9d93d6   ./.g.......:....
0x00000000657fc1c0:   0000000065bb5440 00000000657fc2a8   @T.e.......e....
0x00000000657fc1d0:   0000000000000003 0000000000000080   ................

Instructions: (pc=0x00007ffd384e6776)
  0x00007ffd384e6676:   ff ff f0 83 4b 14 10 48 8b 5c 24 30 48 8b 74 24
  0x00007ffd384e6686:   38 48 83 c4 20 5f c3 c6 47 30 01 c7 47 2c 22 00
  0x00007ffd384e6696:   00 00 eb d9 48 8b cb e8 0e 07 07 00 c7 43 10 00
  0x00007ffd384e66a6:   00 00 00 84 c0 74 c6 48 8b 43 08 48 89 03 f0 83
  0x00007ffd384e66b6:   63 14 fe e9 53 ff ff ff cc cc cc cc cc cc cc cc
  0x00007ffd384e66c6:   cc cc cc cc cc cc cc cc cc cc 48 89 5c 24 20 88
  0x00007ffd384e66d6:   4c 24 08 56 48 83 ec 20 48 8b ca 49 8b f0 48 8b
  0x00007ffd384e66e6:   da e8 b4 c6 fd ff 8b 4b 14 90 f6 c1 c0 0f 84 97
  0x00007ffd384e66f6:   00 00 00 48 8b 53 08 48 89 6c 24 38 33 ed 48 89
  0x00007ffd384e6706:   7c 24 40 8b 3b 2b 7b 08 48 8d 4a 01 48 89 0b 8b
  0x00007ffd384e6716:   4b 20 ff c9 89 4b 10 85 ff 0f 8f 91 00 00 00 8d
  0x00007ffd384e6726:   48 02 83 f9 01 0f 86 96 00 00 00 48 63 d0 4c 8d
  0x00007ffd384e6736:   05 45 27 10 00 48 8b ca 48 c1 f9 06 83 e2 3f 49
  0x00007ffd384e6746:   8b 0c c8 48 8d 14 d2 4c 8d 04 d1 41 f6 40 38 20
  0x00007ffd384e6756:   74 13 33 d2 8b c8 44 8d 42 02 e8 8b ef ff ff 48
  0x00007ffd384e6766:   83 f8 ff 74 65 0f b6 44 24 30 3b ef 48 8b 4b 08
=>0x00007ffd384e6776:   88 01 0f 94 c0 48 8b 6c 24 38 48 8b 7c 24 40 48
  0x00007ffd384e6786:   8b 5c 24 48 48 83 c4 20 5e c3 4c 8b ce 48 8d 54
  0x00007ffd384e6796:   24 30 41 b8 01 00 00 00 8b c8 e8 9b 03 00 00 48
  0x00007ffd384e67a6:   8b 5c 24 48 83 f8 01 0f 94 c0 48 83 c4 20 5e c3
  0x00007ffd384e67b6:   4c 8b ce 44 8b c7 8b c8 e8 7d 03 00 00 8b e8 eb
  0x00007ffd384e67c6:   a4 4c 8d 05 92 15 10 00 eb 81 f0 83 4b 14 10 b0
  0x00007ffd384e67d6:   01 eb a2 cc cc cc cc cc cc cc 40 53 48 83 ec 60
  0x00007ffd384e67e6:   33 c0 39 05 be 25 10 00 48 89 44 24 20 88 44 24
  0x00007ffd384e67f6:   30 88 44 24 48 88 44 24 50 88 44 24 58 75 12 0f
  0x00007ffd384e6806:   10 05 8c 08 10 00 c6 44 24 48 01 f3 0f 7f 44 24
  0x00007ffd384e6816:   38 48 8d 54 24 20 e8 1f 00 00 00 48 8d 4c 24 20
  0x00007ffd384e6826:   48 8b d8 e8 52 07 fe ff 48 8b c3 48 83 c4 60 5b
  0x00007ffd384e6836:   c3 cc cc cc cc cc cc cc cc cc 48 89 5c 24 10 48
  0x00007ffd384e6846:   89 74 24 18 48 89 4c 24 08 57 48 83 ec 30 48 8b
  0x00007ffd384e6856:   f2 48 8b d9 33 c0 48 85 c9 0f 95 c0 85 c0 74 38
  0x00007ffd384e6866:   48 8d 79 30 48 8b cf ff 15 65 62 0c 00 90 48 8b


Stack slot to memory mapping:

stack at sp + 0 slots: 0x0 is null
stack at sp + 1 slots: 0x0 is null
stack at sp + 2 slots: 0x0 is null
stack at sp + 3 slots: 0x0 is null
stack at sp + 4 slots: 0x000000000000006a is an unknown value
stack at sp + 5 slots: 0x00007ffd384e6650 ucrtbase.dll
stack at sp + 6 slots: 0x000000000000006a is an unknown value
stack at sp + 7 slots: 0x00000000657fc1c0 is pointing into the stack for thread: 0x000000001fc10720

Lock stack of current Java thread (top to bottom):


---------------  P R O C E S S  ---------------

Threads class SMR info:
_java_thread_list=0x0000000065be95d0, length=17, elements={
0x000000001fbcff20, 0x000000001fbd33e0, 0x000000001fbd5140, 0x000000001fbd8030,
0x000000001fbd96d0, 0x000000001fbe2eb0, 0x000000001fc10720, 0x000000001fc17db0,
0x00000000659b12b0, 0x0000000065affcb0, 0x00000000665a07d0, 0x0000000066491c30,
0x0000000066610cd0, 0x0000000067dd9d50, 0x0000000067de0560, 0x00000000005ce490,
0x00000000665227c0
}

Java Threads: ( => current thread )
  0x000000001fbcff20 JavaThread "Reference Handler"          daemon [_thread_blocked, id=24084, stack(0x0000000065100000,0x0000000065200000) (1024K)]
  0x000000001fbd33e0 JavaThread "Finalizer"                  daemon [_thread_blocked, id=25468, stack(0x0000000065200000,0x0000000065300000) (1024K)]
  0x000000001fbd5140 JavaThread "Signal Dispatcher"          daemon [_thread_blocked, id=16312, stack(0x0000000065300000,0x0000000065400000) (1024K)]
  0x000000001fbd8030 JavaThread "Attach Listener"            daemon [_thread_blocked, id=2568, stack(0x0000000065400000,0x0000000065500000) (1024K)]
  0x000000001fbd96d0 JavaThread "Service Thread"             daemon [_thread_blocked, id=23596, stack(0x0000000065500000,0x0000000065600000) (1024K)]
  0x000000001fbe2eb0 JavaThread "Monitor Deflation Thread"   daemon [_thread_blocked, id=22040, stack(0x0000000065600000,0x0000000065700000) (1024K)]
=>0x000000001fc10720 JavaThread "C2 CompilerThread0"         daemon [_thread_in_native, id=24188, stack(0x0000000065700000,0x0000000065800000) (1024K)]
  0x000000001fc17db0 JavaThread "C1 CompilerThread0"         daemon [_thread_blocked, id=8452, stack(0x0000000065800000,0x0000000065900000) (1024K)]
  0x00000000659b12b0 JavaThread "Common-Cleaner"             daemon [_thread_blocked, id=12836, stack(0x0000000065d00000,0x0000000065e00000) (1024K)]
  0x0000000065affcb0 JavaThread "Notification Thread"        daemon [_thread_blocked, id=15640, stack(0x0000000066060000,0x0000000066160000) (1024K)]
  0x00000000665a07d0 JavaThread "Java2D Disposer"            daemon [_thread_blocked, id=23936, stack(0x0000000065f60000,0x0000000066060000) (1024K)]
  0x0000000066491c30 JavaThread "AWT-Windows"                daemon [_thread_in_native, id=4124, stack(0x0000000066a60000,0x0000000066b60000) (1024K)]
  0x0000000066610cd0 JavaThread "mysql-cj-abandoned-connection-cleanup" daemon [_thread_blocked, id=13968, stack(0x0000000067470000,0x0000000067570000) (1024K)]
  0x0000000067dd9d50 JavaThread "AWT-Shutdown"                      [_thread_blocked, id=12444, stack(0x0000000068a80000,0x0000000068b80000) (1024K)]
  0x0000000067de0560 JavaThread "AWT-EventQueue-0"                  [_thread_blocked, id=17348, stack(0x0000000068b80000,0x0000000068c80000) (1024K)]
  0x00000000005ce490 JavaThread "DestroyJavaVM"                     [_thread_blocked, id=24452, stack(0x0000000001ee0000,0x0000000001fe0000) (1024K)]
  0x00000000665227c0 JavaThread "TimerQueue"                 daemon [_thread_blocked, id=19040, stack(0x0000000067130000,0x0000000067230000) (1024K)]
Total: 17

Other Threads:
  0x000000001fbc0980 VMThread "VM Thread"                           [id=16196, stack(0x0000000065000000,0x0000000065100000) (1024K)]
  0x000000001fbb0730 WatcherThread "VM Periodic Task Thread"        [id=25056, stack(0x000000001fe20000,0x000000001ff20000) (1024K)]
  0x0000000002984980 WorkerThread "GC Thread#0"                     [id=11792, stack(0x000000001cea0000,0x000000001cfa0000) (1024K)]
  0x0000000002999340 ConcurrentGCThread "G1 Main Marker"            [id=19212, stack(0x000000001cfa0000,0x000000001d0a0000) (1024K)]
  0x000000000299bd50 WorkerThread "G1 Conc#0"                       [id=21796, stack(0x000000001d0a0000,0x000000001d1a0000) (1024K)]
  0x000000001fa6d540 ConcurrentGCThread "G1 Refine#0"               [id=20396, stack(0x000000001fc20000,0x000000001fd20000) (1024K)]
  0x000000001fa6ee80 ConcurrentGCThread "G1 Service"                [id=24732, stack(0x000000001fd20000,0x000000001fe20000) (1024K)]
Total: 7

Threads with active compile tasks:
C2 CompilerThread0  1571105 2084       4       java.util.HashMap::put (13 bytes)
Total: 1

VM state: not at safepoint (normal execution)

VM Mutex/Monitor currently owned by a thread: None

Heap address: 0x0000000082a00000, size: 2006 MB, Compressed Oops mode: 32-bit

CDS archive(s) mapped at: [0x0000000020000000-0x0000000020d40000-0x0000000020d40000), size 13893632, SharedBaseAddress: 0x0000000020000000, ArchiveRelocationMode: 1.
Compressed class space mapped at: 0x0000000021000000-0x0000000061000000, reserved size: 1073741824
UseCompressedClassPointers 1, UseCompactObjectHeaders 0
Narrow klass pointer bits 32, Max shift 3
Narrow klass base: 0x0000000020000000, Narrow klass shift: 0
Encoding Range: [0x0000000020000000 - 0x0000000120000000), (4294967296 bytes)
Klass Range:    [0x0000000020000000 - 0x0000000061000000), (1090519040 bytes)
Klass ID Range:  [8 - 1090519033) (1090519025)

GC Precious Log:
 CardTable entry size: 512
 Card Set container configuration: InlinePtr #cards 5 size 8 Array Of Cards #cards 10 size 36 Howl #buckets 4 coarsen threshold 1843 Howl Bitmap #cards 512 size 80 coarsen threshold 460 Card regions per heap region 1 cards per card region 2048
 CPUs: 8 total, 8 available
 Memory: 8022M
 Large Page Support: Disabled
 NUMA Support: Disabled
 Compressed Oops: Enabled (32-bit)
 Heap Region Size: 1M
 Heap Min Capacity: 8M
 Heap Initial Capacity: 126M
 Heap Max Capacity: 2006M
 Pre-touch: Disabled
 Parallel Workers: 8
 Concurrent Workers: 2
 Concurrent Refinement Workers: 8
 Periodic GC: Disabled

Heap:
 garbage-first heap   total reserved 2054144K, committed 131072K, used 33904K [0x0000000082a00000, 0x0000000100000000)
  region size 1024K, 30 young (30720K), 0 survivors (0K)
 Metaspace       used 17359K, committed 17664K, reserved 1114112K
  class space    used 1599K, committed 1728K, reserved 1048576K

Heap Regions: E=young(eden), S=young(survivor), O=old, HS=humongous(starts), HC=humongous(continues), CS=collection set, F=free, TAMS=top-at-mark-start, PB=parsable bottom
|   0|0x0000000082a00000, 0x0000000082b00000, 0x0000000082b00000|100%|HS|  |TAMS 0x0000000082a00000| PB 0x0000000082a00000| Complete |  0
|   1|0x0000000082b00000, 0x0000000082c00000, 0x0000000082c00000|100%|HC|  |TAMS 0x0000000082b00000| PB 0x0000000082b00000| Complete |  0
|   2|0x0000000082c00000, 0x0000000082d00000, 0x0000000082d00000|100%|HC|  |TAMS 0x0000000082c00000| PB 0x0000000082c00000| Complete |  0
|   3|0x0000000082d00000, 0x0000000082d00000, 0x0000000082e00000|  0%| F|  |TAMS 0x0000000082d00000| PB 0x0000000082d00000| Untracked |  0
|   4|0x0000000082e00000, 0x0000000082e00000, 0x0000000082f00000|  0%| F|  |TAMS 0x0000000082e00000| PB 0x0000000082e00000| Untracked |  0
|   5|0x0000000082f00000, 0x0000000082f00000, 0x0000000083000000|  0%| F|  |TAMS 0x0000000082f00000| PB 0x0000000082f00000| Untracked |  0
|   6|0x0000000083000000, 0x0000000083000000, 0x0000000083100000|  0%| F|  |TAMS 0x0000000083000000| PB 0x0000000083000000| Untracked |  0
|   7|0x0000000083100000, 0x0000000083100000, 0x0000000083200000|  0%| F|  |TAMS 0x0000000083100000| PB 0x0000000083100000| Untracked |  0
|   8|0x0000000083200000, 0x0000000083200000, 0x0000000083300000|  0%| F|  |TAMS 0x0000000083200000| PB 0x0000000083200000| Untracked |  0
|   9|0x0000000083300000, 0x0000000083300000, 0x0000000083400000|  0%| F|  |TAMS 0x0000000083300000| PB 0x0000000083300000| Untracked |  0
|  10|0x0000000083400000, 0x0000000083400000, 0x0000000083500000|  0%| F|  |TAMS 0x0000000083400000| PB 0x0000000083400000| Untracked |  0
|  11|0x0000000083500000, 0x0000000083500000, 0x0000000083600000|  0%| F|  |TAMS 0x0000000083500000| PB 0x0000000083500000| Untracked |  0
|  12|0x0000000083600000, 0x0000000083600000, 0x0000000083700000|  0%| F|  |TAMS 0x0000000083600000| PB 0x0000000083600000| Untracked |  0
|  13|0x0000000083700000, 0x0000000083700000, 0x0000000083800000|  0%| F|  |TAMS 0x0000000083700000| PB 0x0000000083700000| Untracked |  0
|  14|0x0000000083800000, 0x0000000083800000, 0x0000000083900000|  0%| F|  |TAMS 0x0000000083800000| PB 0x0000000083800000| Untracked |  0
|  15|0x0000000083900000, 0x0000000083900000, 0x0000000083a00000|  0%| F|  |TAMS 0x0000000083900000| PB 0x0000000083900000| Untracked |  0
|  16|0x0000000083a00000, 0x0000000083a00000, 0x0000000083b00000|  0%| F|  |TAMS 0x0000000083a00000| PB 0x0000000083a00000| Untracked |  0
|  17|0x0000000083b00000, 0x0000000083b00000, 0x0000000083c00000|  0%| F|  |TAMS 0x0000000083b00000| PB 0x0000000083b00000| Untracked |  0
|  18|0x0000000083c00000, 0x0000000083c00000, 0x0000000083d00000|  0%| F|  |TAMS 0x0000000083c00000| PB 0x0000000083c00000| Untracked |  0
|  19|0x0000000083d00000, 0x0000000083d00000, 0x0000000083e00000|  0%| F|  |TAMS 0x0000000083d00000| PB 0x0000000083d00000| Untracked |  0
|  20|0x0000000083e00000, 0x0000000083e00000, 0x0000000083f00000|  0%| F|  |TAMS 0x0000000083e00000| PB 0x0000000083e00000| Untracked |  0
|  21|0x0000000083f00000, 0x0000000083f00000, 0x0000000084000000|  0%| F|  |TAMS 0x0000000083f00000| PB 0x0000000083f00000| Untracked |  0
|  22|0x0000000084000000, 0x0000000084000000, 0x0000000084100000|  0%| F|  |TAMS 0x0000000084000000| PB 0x0000000084000000| Untracked |  0
|  23|0x0000000084100000, 0x0000000084100000, 0x0000000084200000|  0%| F|  |TAMS 0x0000000084100000| PB 0x0000000084100000| Untracked |  0
|  24|0x0000000084200000, 0x0000000084200000, 0x0000000084300000|  0%| F|  |TAMS 0x0000000084200000| PB 0x0000000084200000| Untracked |  0
|  25|0x0000000084300000, 0x0000000084300000, 0x0000000084400000|  0%| F|  |TAMS 0x0000000084300000| PB 0x0000000084300000| Untracked |  0
|  26|0x0000000084400000, 0x0000000084400000, 0x0000000084500000|  0%| F|  |TAMS 0x0000000084400000| PB 0x0000000084400000| Untracked |  0
|  27|0x0000000084500000, 0x0000000084500000, 0x0000000084600000|  0%| F|  |TAMS 0x0000000084500000| PB 0x0000000084500000| Untracked |  0
|  28|0x0000000084600000, 0x0000000084600000, 0x0000000084700000|  0%| F|  |TAMS 0x0000000084600000| PB 0x0000000084600000| Untracked |  0
|  29|0x0000000084700000, 0x0000000084700000, 0x0000000084800000|  0%| F|  |TAMS 0x0000000084700000| PB 0x0000000084700000| Untracked |  0
|  30|0x0000000084800000, 0x0000000084800000, 0x0000000084900000|  0%| F|  |TAMS 0x0000000084800000| PB 0x0000000084800000| Untracked |  0
|  31|0x0000000084900000, 0x0000000084900000, 0x0000000084a00000|  0%| F|  |TAMS 0x0000000084900000| PB 0x0000000084900000| Untracked |  0
|  32|0x0000000084a00000, 0x0000000084a00000, 0x0000000084b00000|  0%| F|  |TAMS 0x0000000084a00000| PB 0x0000000084a00000| Untracked |  0
|  33|0x0000000084b00000, 0x0000000084b00000, 0x0000000084c00000|  0%| F|  |TAMS 0x0000000084b00000| PB 0x0000000084b00000| Untracked |  0
|  34|0x0000000084c00000, 0x0000000084c00000, 0x0000000084d00000|  0%| F|  |TAMS 0x0000000084c00000| PB 0x0000000084c00000| Untracked |  0
|  35|0x0000000084d00000, 0x0000000084d00000, 0x0000000084e00000|  0%| F|  |TAMS 0x0000000084d00000| PB 0x0000000084d00000| Untracked |  0
|  36|0x0000000084e00000, 0x0000000084e00000, 0x0000000084f00000|  0%| F|  |TAMS 0x0000000084e00000| PB 0x0000000084e00000| Untracked |  0
|  37|0x0000000084f00000, 0x0000000084f00000, 0x0000000085000000|  0%| F|  |TAMS 0x0000000084f00000| PB 0x0000000084f00000| Untracked |  0
|  38|0x0000000085000000, 0x0000000085000000, 0x0000000085100000|  0%| F|  |TAMS 0x0000000085000000| PB 0x0000000085000000| Untracked |  0
|  39|0x0000000085100000, 0x0000000085100000, 0x0000000085200000|  0%| F|  |TAMS 0x0000000085100000| PB 0x0000000085100000| Untracked |  0
|  40|0x0000000085200000, 0x0000000085200000, 0x0000000085300000|  0%| F|  |TAMS 0x0000000085200000| PB 0x0000000085200000| Untracked |  0
|  41|0x0000000085300000, 0x0000000085300000, 0x0000000085400000|  0%| F|  |TAMS 0x0000000085300000| PB 0x0000000085300000| Untracked |  0
|  42|0x0000000085400000, 0x0000000085400000, 0x0000000085500000|  0%| F|  |TAMS 0x0000000085400000| PB 0x0000000085400000| Untracked |  0
|  43|0x0000000085500000, 0x0000000085500000, 0x0000000085600000|  0%| F|  |TAMS 0x0000000085500000| PB 0x0000000085500000| Untracked |  0
|  44|0x0000000085600000, 0x0000000085600000, 0x0000000085700000|  0%| F|  |TAMS 0x0000000085600000| PB 0x0000000085600000| Untracked |  0
|  45|0x0000000085700000, 0x0000000085700000, 0x0000000085800000|  0%| F|  |TAMS 0x0000000085700000| PB 0x0000000085700000| Untracked |  0
|  46|0x0000000085800000, 0x0000000085800000, 0x0000000085900000|  0%| F|  |TAMS 0x0000000085800000| PB 0x0000000085800000| Untracked |  0
|  47|0x0000000085900000, 0x0000000085900000, 0x0000000085a00000|  0%| F|  |TAMS 0x0000000085900000| PB 0x0000000085900000| Untracked |  0
|  48|0x0000000085a00000, 0x0000000085a00000, 0x0000000085b00000|  0%| F|  |TAMS 0x0000000085a00000| PB 0x0000000085a00000| Untracked |  0
|  49|0x0000000085b00000, 0x0000000085b00000, 0x0000000085c00000|  0%| F|  |TAMS 0x0000000085b00000| PB 0x0000000085b00000| Untracked |  0
|  50|0x0000000085c00000, 0x0000000085c00000, 0x0000000085d00000|  0%| F|  |TAMS 0x0000000085c00000| PB 0x0000000085c00000| Untracked |  0
|  51|0x0000000085d00000, 0x0000000085d00000, 0x0000000085e00000|  0%| F|  |TAMS 0x0000000085d00000| PB 0x0000000085d00000| Untracked |  0
|  52|0x0000000085e00000, 0x0000000085e00000, 0x0000000085f00000|  0%| F|  |TAMS 0x0000000085e00000| PB 0x0000000085e00000| Untracked |  0
|  53|0x0000000085f00000, 0x0000000085f00000, 0x0000000086000000|  0%| F|  |TAMS 0x0000000085f00000| PB 0x0000000085f00000| Untracked |  0
|  54|0x0000000086000000, 0x0000000086000000, 0x0000000086100000|  0%| F|  |TAMS 0x0000000086000000| PB 0x0000000086000000| Untracked |  0
|  55|0x0000000086100000, 0x0000000086100000, 0x0000000086200000|  0%| F|  |TAMS 0x0000000086100000| PB 0x0000000086100000| Untracked |  0
|  56|0x0000000086200000, 0x0000000086200000, 0x0000000086300000|  0%| F|  |TAMS 0x0000000086200000| PB 0x0000000086200000| Untracked |  0
|  57|0x0000000086300000, 0x0000000086300000, 0x0000000086400000|  0%| F|  |TAMS 0x0000000086300000| PB 0x0000000086300000| Untracked |  0
|  58|0x0000000086400000, 0x0000000086400000, 0x0000000086500000|  0%| F|  |TAMS 0x0000000086400000| PB 0x0000000086400000| Untracked |  0
|  59|0x0000000086500000, 0x0000000086500000, 0x0000000086600000|  0%| F|  |TAMS 0x0000000086500000| PB 0x0000000086500000| Untracked |  0
|  60|0x0000000086600000, 0x0000000086600000, 0x0000000086700000|  0%| F|  |TAMS 0x0000000086600000| PB 0x0000000086600000| Untracked |  0
|  61|0x0000000086700000, 0x0000000086700000, 0x0000000086800000|  0%| F|  |TAMS 0x0000000086700000| PB 0x0000000086700000| Untracked |  0
|  62|0x0000000086800000, 0x0000000086800000, 0x0000000086900000|  0%| F|  |TAMS 0x0000000086800000| PB 0x0000000086800000| Untracked |  0
|  63|0x0000000086900000, 0x0000000086900000, 0x0000000086a00000|  0%| F|  |TAMS 0x0000000086900000| PB 0x0000000086900000| Untracked |  0
|  64|0x0000000086a00000, 0x0000000086a00000, 0x0000000086b00000|  0%| F|  |TAMS 0x0000000086a00000| PB 0x0000000086a00000| Untracked |  0
|  65|0x0000000086b00000, 0x0000000086b00000, 0x0000000086c00000|  0%| F|  |TAMS 0x0000000086b00000| PB 0x0000000086b00000| Untracked |  0
|  66|0x0000000086c00000, 0x0000000086c00000, 0x0000000086d00000|  0%| F|  |TAMS 0x0000000086c00000| PB 0x0000000086c00000| Untracked |  0
|  67|0x0000000086d00000, 0x0000000086d00000, 0x0000000086e00000|  0%| F|  |TAMS 0x0000000086d00000| PB 0x0000000086d00000| Untracked |  0
|  68|0x0000000086e00000, 0x0000000086e00000, 0x0000000086f00000|  0%| F|  |TAMS 0x0000000086e00000| PB 0x0000000086e00000| Untracked |  0
|  69|0x0000000086f00000, 0x0000000086f00000, 0x0000000087000000|  0%| F|  |TAMS 0x0000000086f00000| PB 0x0000000086f00000| Untracked |  0
|  70|0x0000000087000000, 0x0000000087000000, 0x0000000087100000|  0%| F|  |TAMS 0x0000000087000000| PB 0x0000000087000000| Untracked |  0
|  71|0x0000000087100000, 0x0000000087100000, 0x0000000087200000|  0%| F|  |TAMS 0x0000000087100000| PB 0x0000000087100000| Untracked |  0
|  72|0x0000000087200000, 0x0000000087200000, 0x0000000087300000|  0%| F|  |TAMS 0x0000000087200000| PB 0x0000000087200000| Untracked |  0
|  73|0x0000000087300000, 0x0000000087300000, 0x0000000087400000|  0%| F|  |TAMS 0x0000000087300000| PB 0x0000000087300000| Untracked |  0
|  74|0x0000000087400000, 0x0000000087400000, 0x0000000087500000|  0%| F|  |TAMS 0x0000000087400000| PB 0x0000000087400000| Untracked |  0
|  75|0x0000000087500000, 0x0000000087500000, 0x0000000087600000|  0%| F|  |TAMS 0x0000000087500000| PB 0x0000000087500000| Untracked |  0
|  76|0x0000000087600000, 0x0000000087600000, 0x0000000087700000|  0%| F|  |TAMS 0x0000000087600000| PB 0x0000000087600000| Untracked |  0
|  77|0x0000000087700000, 0x0000000087700000, 0x0000000087800000|  0%| F|  |TAMS 0x0000000087700000| PB 0x0000000087700000| Untracked |  0
|  78|0x0000000087800000, 0x0000000087800000, 0x0000000087900000|  0%| F|  |TAMS 0x0000000087800000| PB 0x0000000087800000| Untracked |  0
|  79|0x0000000087900000, 0x0000000087900000, 0x0000000087a00000|  0%| F|  |TAMS 0x0000000087900000| PB 0x0000000087900000| Untracked |  0
|  80|0x0000000087a00000, 0x0000000087a00000, 0x0000000087b00000|  0%| F|  |TAMS 0x0000000087a00000| PB 0x0000000087a00000| Untracked |  0
|  81|0x0000000087b00000, 0x0000000087b00000, 0x0000000087c00000|  0%| F|  |TAMS 0x0000000087b00000| PB 0x0000000087b00000| Untracked |  0
|  82|0x0000000087c00000, 0x0000000087c00000, 0x0000000087d00000|  0%| F|  |TAMS 0x0000000087c00000| PB 0x0000000087c00000| Untracked |  0
|  83|0x0000000087d00000, 0x0000000087d00000, 0x0000000087e00000|  0%| F|  |TAMS 0x0000000087d00000| PB 0x0000000087d00000| Untracked |  0
|  84|0x0000000087e00000, 0x0000000087e00000, 0x0000000087f00000|  0%| F|  |TAMS 0x0000000087e00000| PB 0x0000000087e00000| Untracked |  0
|  85|0x0000000087f00000, 0x0000000087f00000, 0x0000000088000000|  0%| F|  |TAMS 0x0000000087f00000| PB 0x0000000087f00000| Untracked |  0
|  86|0x0000000088000000, 0x0000000088000000, 0x0000000088100000|  0%| F|  |TAMS 0x0000000088000000| PB 0x0000000088000000| Untracked |  0
|  87|0x0000000088100000, 0x0000000088100000, 0x0000000088200000|  0%| F|  |TAMS 0x0000000088100000| PB 0x0000000088100000| Untracked |  0
|  88|0x0000000088200000, 0x0000000088200000, 0x0000000088300000|  0%| F|  |TAMS 0x0000000088200000| PB 0x0000000088200000| Untracked |  0
|  89|0x0000000088300000, 0x0000000088300000, 0x0000000088400000|  0%| F|  |TAMS 0x0000000088300000| PB 0x0000000088300000| Untracked |  0
|  90|0x0000000088400000, 0x0000000088400000, 0x0000000088500000|  0%| F|  |TAMS 0x0000000088400000| PB 0x0000000088400000| Untracked |  0
|  91|0x0000000088500000, 0x0000000088500000, 0x0000000088600000|  0%| F|  |TAMS 0x0000000088500000| PB 0x0000000088500000| Untracked |  0
|  92|0x0000000088600000, 0x0000000088600000, 0x0000000088700000|  0%| F|  |TAMS 0x0000000088600000| PB 0x0000000088600000| Untracked |  0
|  93|0x0000000088700000, 0x0000000088700000, 0x0000000088800000|  0%| F|  |TAMS 0x0000000088700000| PB 0x0000000088700000| Untracked |  0
|  94|0x0000000088800000, 0x0000000088800000, 0x0000000088900000|  0%| F|  |TAMS 0x0000000088800000| PB 0x0000000088800000| Untracked |  0
|  95|0x0000000088900000, 0x0000000088900000, 0x0000000088a00000|  0%| F|  |TAMS 0x0000000088900000| PB 0x0000000088900000| Untracked |  0
|  96|0x0000000088a00000, 0x0000000088b00000, 0x0000000088b00000|100%| E|  |TAMS 0x0000000088a00000| PB 0x0000000088a00000| Complete |  0
|  97|0x0000000088b00000, 0x0000000088c00000, 0x0000000088c00000|100%| E|CS|TAMS 0x0000000088b00000| PB 0x0000000088b00000| Complete |  0
|  98|0x0000000088c00000, 0x0000000088d00000, 0x0000000088d00000|100%| E|CS|TAMS 0x0000000088c00000| PB 0x0000000088c00000| Complete |  0
|  99|0x0000000088d00000, 0x0000000088e00000, 0x0000000088e00000|100%| E|CS|TAMS 0x0000000088d00000| PB 0x0000000088d00000| Complete |  0
| 100|0x0000000088e00000, 0x0000000088f00000, 0x0000000088f00000|100%| E|CS|TAMS 0x0000000088e00000| PB 0x0000000088e00000| Complete |  0
| 101|0x0000000088f00000, 0x0000000089000000, 0x0000000089000000|100%| E|CS|TAMS 0x0000000088f00000| PB 0x0000000088f00000| Complete |  0
| 102|0x0000000089000000, 0x0000000089100000, 0x0000000089100000|100%| E|CS|TAMS 0x0000000089000000| PB 0x0000000089000000| Complete |  0
| 103|0x0000000089100000, 0x0000000089200000, 0x0000000089200000|100%| E|CS|TAMS 0x0000000089100000| PB 0x0000000089100000| Complete |  0
| 104|0x0000000089200000, 0x0000000089300000, 0x0000000089300000|100%| E|CS|TAMS 0x0000000089200000| PB 0x0000000089200000| Complete |  0
| 105|0x0000000089300000, 0x0000000089400000, 0x0000000089400000|100%| E|CS|TAMS 0x0000000089300000| PB 0x0000000089300000| Complete |  0
| 106|0x0000000089400000, 0x0000000089500000, 0x0000000089500000|100%| E|CS|TAMS 0x0000000089400000| PB 0x0000000089400000| Complete |  0
| 107|0x0000000089500000, 0x0000000089600000, 0x0000000089600000|100%| E|CS|TAMS 0x0000000089500000| PB 0x0000000089500000| Complete |  0
| 108|0x0000000089600000, 0x0000000089700000, 0x0000000089700000|100%| E|CS|TAMS 0x0000000089600000| PB 0x0000000089600000| Complete |  0
| 109|0x0000000089700000, 0x0000000089800000, 0x0000000089800000|100%| E|CS|TAMS 0x0000000089700000| PB 0x0000000089700000| Complete |  0
| 110|0x0000000089800000, 0x0000000089900000, 0x0000000089900000|100%| E|CS|TAMS 0x0000000089800000| PB 0x0000000089800000| Complete |  0
| 111|0x0000000089900000, 0x0000000089a00000, 0x0000000089a00000|100%| E|CS|TAMS 0x0000000089900000| PB 0x0000000089900000| Complete |  0
| 112|0x0000000089a00000, 0x0000000089b00000, 0x0000000089b00000|100%| E|CS|TAMS 0x0000000089a00000| PB 0x0000000089a00000| Complete |  0
| 113|0x0000000089b00000, 0x0000000089c00000, 0x0000000089c00000|100%| E|CS|TAMS 0x0000000089b00000| PB 0x0000000089b00000| Complete |  0
| 114|0x0000000089c00000, 0x0000000089d00000, 0x0000000089d00000|100%| E|CS|TAMS 0x0000000089c00000| PB 0x0000000089c00000| Complete |  0
| 115|0x0000000089d00000, 0x0000000089e00000, 0x0000000089e00000|100%| E|CS|TAMS 0x0000000089d00000| PB 0x0000000089d00000| Complete |  0
| 116|0x0000000089e00000, 0x0000000089f00000, 0x0000000089f00000|100%| E|CS|TAMS 0x0000000089e00000| PB 0x0000000089e00000| Complete |  0
| 117|0x0000000089f00000, 0x000000008a000000, 0x000000008a000000|100%| E|CS|TAMS 0x0000000089f00000| PB 0x0000000089f00000| Complete |  0
| 118|0x000000008a000000, 0x000000008a100000, 0x000000008a100000|100%| E|CS|TAMS 0x000000008a000000| PB 0x000000008a000000| Complete |  0
| 119|0x000000008a100000, 0x000000008a200000, 0x000000008a200000|100%| E|CS|TAMS 0x000000008a100000| PB 0x000000008a100000| Complete |  0
| 120|0x000000008a200000, 0x000000008a300000, 0x000000008a300000|100%| E|CS|TAMS 0x000000008a200000| PB 0x000000008a200000| Complete |  0
| 121|0x000000008a300000, 0x000000008a400000, 0x000000008a400000|100%| E|CS|TAMS 0x000000008a300000| PB 0x000000008a300000| Complete |  0
| 122|0x000000008a400000, 0x000000008a500000, 0x000000008a500000|100%| E|CS|TAMS 0x000000008a400000| PB 0x000000008a400000| Complete |  0
| 123|0x000000008a500000, 0x000000008a600000, 0x000000008a600000|100%| E|CS|TAMS 0x000000008a500000| PB 0x000000008a500000| Complete |  0
| 124|0x000000008a600000, 0x000000008a700000, 0x000000008a700000|100%| E|CS|TAMS 0x000000008a600000| PB 0x000000008a600000| Complete |  0
| 125|0x000000008a700000, 0x000000008a800000, 0x000000008a800000|100%| E|CS|TAMS 0x000000008a700000| PB 0x000000008a700000| Complete |  0
|2004|0x00000000ffe00000, 0x00000000fff00000, 0x00000000fff00000|100%| O|  |TAMS 0x00000000ffe00000| PB 0x00000000ffe00000| Untracked |  0
|2005|0x00000000fff00000, 0x00000000fff1c2f8, 0x0000000100000000| 11%| O|  |TAMS 0x00000000fff00000| PB 0x00000000fff00000| Untracked |  0

Card table byte_map: [0x000000001ab50000,0x000000001af40000] _byte_map_base: 0x000000001a73b000

Marking Bits: (CMBitMap*) 0x0000000002985090
 Bits: [0x000000001af40000, 0x000000001ce98000)

Polling page: 0x0000000000ab0000

Metaspace:

Usage:
  Non-class:     15.39 MB used.
      Class:      1.56 MB used.
       Both:     16.95 MB used.

Virtual space:
  Non-class space:       64.00 MB reserved,      15.56 MB ( 24%) committed,  1 nodes.
      Class space:        1.00 GB reserved,       1.69 MB ( <1%) committed,  1 nodes.
             Both:        1.06 GB reserved,      17.25 MB (  2%) committed. 

Chunk freelists:
   Non-Class:  447.00 KB
       Class:  14.23 MB
        Both:  14.67 MB

MaxMetaspaceSize: unlimited
CompressedClassSpaceSize: 1.00 GB
Initial GC threshold: 21.00 MB
Current GC threshold: 21.00 MB
CDS: on
 - commit_granule_bytes: 65536.
 - commit_granule_words: 8192.
 - virtual_space_node_default_size: 8388608.
 - enlarge_chunks_in_place: 1.
UseCompressedClassPointers 1, UseCompactObjectHeaders 0
Narrow klass pointer bits 32, Max shift 3
Narrow klass base: 0x0000000020000000, Narrow klass shift: 0
Encoding Range: [0x0000000020000000 - 0x0000000120000000), (4294967296 bytes)
Klass Range:    [0x0000000020000000 - 0x0000000061000000), (1090519040 bytes)
Klass ID Range:  [8 - 1090519033) (1090519025)


Internal statistics:

num_allocs_failed_limit: 0.
num_arena_births: 166.
num_arena_deaths: 0.
num_vsnodes_births: 2.
num_vsnodes_deaths: 0.
num_space_committed: 276.
num_space_uncommitted: 0.
num_chunks_returned_to_freelist: 0.
num_chunks_taken_from_freelist: 341.
num_chunk_merges: 0.
num_chunk_splits: 208.
num_chunks_enlarged: 125.
num_inconsistent_stats: 0.

CodeHeap 'non-profiled nmethods': size=120064Kb used=659Kb max_used=659Kb free=119405Kb
 bounds [0x0000000012ef0000, 0x0000000013160000, 0x000000001a430000]
CodeHeap 'profiled nmethods': size=120000Kb used=3116Kb max_used=3116Kb free=116883Kb
 bounds [0x000000000b430000, 0x000000000b740000, 0x0000000012960000]
CodeHeap 'non-nmethods': size=5696Kb used=1596Kb max_used=1620Kb free=4099Kb
 bounds [0x0000000012960000, 0x0000000012bd0000, 0x0000000012ef0000]
CodeCache: size=245760Kb, used=5371Kb, max_used=5395Kb, free=240387Kb
 total_blobs=2846, nmethods=2083, adapters=668, full_count=0
Compilation: enabled, stopped_count=0, restarted_count=0

Compilation events (20 events):
Event: 630.925 Thread 0x000000001fc17db0 nmethod 2074 0x0000000012f93788 code [0x0000000012f93880, 0x0000000012f93948]
Event: 785.961 Thread 0x000000001fc17db0 2075   !   3       java.lang.Object::wait (59 bytes)
Event: 785.962 Thread 0x000000001fc17db0 nmethod 2075 0x000000000b737988 code [0x000000000b737b00, 0x000000000b738080]
Event: 1031.005 Thread 0x000000001fc17db0 2076       3       jdk.internal.loader.URLClassPath::findResource (35 bytes)
Event: 1031.006 Thread 0x000000001fc17db0 nmethod 2076 0x000000000b738108 code [0x000000000b738260, 0x000000000b738588]
Event: 1176.034 Thread 0x000000001fc17db0 2077       3       jdk.internal.loader.URLClassPath$FileLoader::findResource (17 bytes)
Event: 1176.034 Thread 0x000000001fc17db0 nmethod 2077 0x000000000b738608 code [0x000000000b738740, 0x000000000b7389b8]
Event: 1176.034 Thread 0x000000001fc17db0 2079       3       java.lang.ref.ReferenceQueue::remove0 (67 bytes)
Event: 1176.035 Thread 0x000000001fc17db0 nmethod 2079 0x000000000b738a08 code [0x000000000b738b80, 0x000000000b738fd8]
Event: 1176.035 Thread 0x000000001fc17db0 2078   !   3       java.lang.ref.ReferenceQueue::remove (49 bytes)
Event: 1176.036 Thread 0x000000001fc17db0 nmethod 2078 0x000000000b739008 code [0x000000000b7391a0, 0x000000000b739b48]
Event: 1276.055 Thread 0x000000001fc17db0 2080   !   3       com.mysql.cj.jdbc.AbandonedConnectionCleanupThread::checkThreadContextClassLoader (20 bytes)
Event: 1276.056 Thread 0x000000001fc17db0 nmethod 2080 0x000000000b739b88 code [0x000000000b739d00, 0x000000000b73a328]
Event: 1387.338 Thread 0x000000001fc10720 2081       4       java.util.HashMap::hash (20 bytes)
Event: 1387.339 Thread 0x000000001fc17db0 2082   !   3       java.awt.Toolkit::setDesktopProperty (81 bytes)
Event: 1387.339 Thread 0x000000001fc17db0 nmethod 2082 0x000000000b73a388 code [0x000000000b73a520, 0x000000000b73ae18]
Event: 1387.340 Thread 0x000000001fc10720 nmethod 2081 0x0000000012f93a88 code [0x0000000012f93b80, 0x0000000012f93c78]
Event: 1387.713 Thread 0x000000001fc10720 2083       4       java.util.HashMap::putVal (300 bytes)
Event: 1387.745 Thread 0x000000001fc10720 nmethod 2083 0x0000000012f93d88 code [0x0000000012f93f40, 0x0000000012f94b40]
Event: 1570.876 Thread 0x000000001fc10720 2084       4       java.util.HashMap::put (13 bytes)

GC Heap History (0 events):
No events

Dll operation events (12 events):
Event: 0.015 Loaded shared library C:\Program Files\Apache NetBeans\jdk\bin\java.dll
Event: 0.062 Loaded shared library C:\Program Files\Apache NetBeans\jdk\bin\jsvml.dll
Event: 0.114 Loaded shared library C:\Program Files\Apache NetBeans\jdk\bin\net.dll
Event: 0.117 Loaded shared library C:\Program Files\Apache NetBeans\jdk\bin\nio.dll
Event: 0.162 Loaded shared library C:\Program Files\Apache NetBeans\jdk\bin\zip.dll
Event: 0.186 Loaded shared library C:\Program Files\Apache NetBeans\jdk\bin\jimage.dll
Event: 0.205 Loaded shared library C:\Program Files\Apache NetBeans\jdk\bin\awt.dll
Event: 1.047 Loaded shared library C:\Program Files\Apache NetBeans\jdk\bin\extnet.dll
Event: 1.754 Loaded shared library C:\Program Files\Apache NetBeans\jdk\bin\sunmscapi.dll
Event: 2.363 Loaded shared library C:\Program Files\Apache NetBeans\jdk\bin\javajpeg.dll
Event: 2.503 Loaded shared library C:\Program Files\Apache NetBeans\jdk\bin\freetype.dll
Event: 2.507 Loaded shared library C:\Program Files\Apache NetBeans\jdk\bin\fontmanager.dll

Deoptimization events (20 events):
Event: 3.149 Thread 0x0000000067de0560 Uncommon trap: trap_request=0xffffff4d fr.pc=0x0000000012f60000 relative=0x00000000000001e0
Event: 3.149 Thread 0x0000000067de0560 Uncommon trap: reason=unstable_if action=reinterpret pc=0x0000000012f60000 method=jdk.internal.classfile.impl.EntryMap.put(II)V @ 120 c2
Event: 3.149 Thread 0x0000000067de0560 DEOPT PACKING pc=0x0000000012f60000 sp=0x0000000068c7c720
Event: 3.149 Thread 0x0000000067de0560 DEOPT UNPACKING pc=0x0000000012a76302 sp=0x0000000068c7c6a0 mode 2
Event: 3.164 Thread 0x0000000067de0560 Uncommon trap: trap_request=0xffffff5c fr.pc=0x0000000012f44e64 relative=0x0000000000000064
Event: 3.164 Thread 0x0000000067de0560 Uncommon trap: reason=speculate_null_check action=make_not_entrant pc=0x0000000012f44e64 method=jdk.internal.misc.Unsafe.getIntUnaligned(Ljava/lang/Object;JZ)I @ 5 c2
Event: 3.164 Thread 0x0000000067de0560 DEOPT PACKING pc=0x0000000012f44e64 sp=0x0000000068c7d760
Event: 3.164 Thread 0x0000000067de0560 DEOPT UNPACKING pc=0x0000000012a76302 sp=0x0000000068c7d6b8 mode 2
Event: 3.238 Thread 0x0000000067de0560 DEOPT PACKING pc=0x000000000b6a006b sp=0x0000000068c7f4a0
Event: 3.238 Thread 0x0000000067de0560 DEOPT UNPACKING pc=0x00000000129b5722 sp=0x0000000068c7e8f8 mode 3
Event: 3.960 Thread 0x0000000066491c30 DEOPT PACKING pc=0x000000000b6a0447 sp=0x0000000066b5e3e0
Event: 3.960 Thread 0x0000000066491c30 DEOPT UNPACKING pc=0x00000000129b5722 sp=0x0000000066b5d878 mode 3
Event: 5.242 Thread 0x0000000067de0560 Uncommon trap: trap_request=0xffffffc6 fr.pc=0x0000000012f67fb4 relative=0x00000000000003d4
Event: 5.242 Thread 0x0000000067de0560 Uncommon trap: reason=bimorphic_or_optimized_type_check action=maybe_recompile pc=0x0000000012f67fb4 method=java.util.regex.Pattern$BmpCharPropertyGreedy.match(Ljava/util/regex/Matcher;ILjava/lang/CharSequence;)Z @ 26 c2
Event: 5.242 Thread 0x0000000067de0560 DEOPT PACKING pc=0x0000000012f67fb4 sp=0x0000000068c7e850
Event: 5.242 Thread 0x0000000067de0560 DEOPT UNPACKING pc=0x0000000012a76302 sp=0x0000000068c7e7d8 mode 2
Event: 5.501 Thread 0x0000000067de0560 Uncommon trap: trap_request=0xffffff5c fr.pc=0x0000000012f7bc64 relative=0x0000000000000064
Event: 5.501 Thread 0x0000000067de0560 Uncommon trap: reason=speculate_null_check action=make_not_entrant pc=0x0000000012f7bc64 method=jdk.internal.misc.Unsafe.getCharUnaligned(Ljava/lang/Object;JZ)C @ 5 c2
Event: 5.502 Thread 0x0000000067de0560 DEOPT PACKING pc=0x0000000012f7bc64 sp=0x0000000068c7df30
Event: 5.502 Thread 0x0000000067de0560 DEOPT UNPACKING pc=0x0000000012a76302 sp=0x0000000068c7de88 mode 2

Classes loaded (20 events):
Event: 5.370 Loading class javax/swing/text/AbstractDocument$DefaultDocumentEventUndoableWrapper
Event: 5.371 Loading class sun/swing/text/UndoableEditLockSupport
Event: 5.371 Loading class sun/swing/text/UndoableEditLockSupport done
Event: 5.371 Loading class javax/swing/text/AbstractDocument$DefaultDocumentEventUndoableWrapper done
Event: 5.372 Loading class javax/swing/event/UndoableEditListener
Event: 5.372 Loading class javax/swing/event/UndoableEditListener done
Event: 5.416 Loading class sun/font/StandardGlyphVector
Event: 5.471 Loading class java/awt/font/GlyphVector
Event: 5.477 Loading class java/awt/font/GlyphVector done
Event: 5.477 Loading class sun/font/StandardGlyphVector done
Event: 5.479 Loading class sun/font/FontSubstitution
Event: 5.479 Loading class sun/font/FontSubstitution done
Event: 5.479 Loading class sun/font/StandardGlyphVector$GlyphStrike
Event: 5.480 Loading class sun/font/StandardGlyphVector$GlyphStrike done
Event: 5.504 Loading class javax/swing/text/GapContent$RemoveUndo
Event: 5.504 Loading class javax/swing/text/GapContent$RemoveUndo done
Event: 5.505 Loading class javax/swing/text/GapContent$UndoPosRef
Event: 5.506 Loading class javax/swing/text/GapContent$UndoPosRef done
Event: 9.419 Loading class sun/awt/SunToolkit$1
Event: 9.419 Loading class sun/awt/SunToolkit$1 done

Classes unloaded (0 events):
No events

Classes redefined (0 events):
No events

Internal exceptions (20 events):
Event: 1.559 Thread 0x00000000005ce490 Exception <a 'sun/nio/fs/WindowsException'{0x00000000895f4ee0}> (0x00000000895f4ee0) 
thrown [s\src\hotspot\share\prims\jni.cpp, line 518]
Event: 1.691 Thread 0x00000000005ce490 Exception <a 'java/lang/NoSuchMethodError'{0x00000000894a0260}: 'java.lang.Object java.lang.invoke.DirectMethodHandle$Holder.invokeStaticInit(java.lang.Object, int, int, int, int)'> (0x00000000894a0260) 
thrown [s\src\hotspot\share\interpreter\linkResolver.cpp, line 805]
Event: 1.724 Thread 0x00000000005ce490 Exception <a 'java/lang/NoSuchMethodError'{0x00000000894e62f0}: 'java.lang.Object java.lang.invoke.DirectMethodHandle$Holder.invokeStaticInit(java.lang.Object, java.lang.Object, int, int, int, int)'> (0x00000000894e62f0) 
thrown [s\src\hotspot\share\interpreter\linkResolver.cpp, line 805]
Event: 2.004 Thread 0x00000000005ce490 Exception <a 'java/lang/NoSuchMethodError'{0x000000008921ac18}: 'void java.lang.invoke.DirectMethodHandle$Holder.invokeVirtual(java.lang.Object, java.lang.Object)'> (0x000000008921ac18) 
thrown [s\src\hotspot\share\interpreter\linkResolver.cpp, line 805]
Event: 2.096 Thread 0x00000000005ce490 Exception <a 'java/lang/NoSuchMethodError'{0x00000000892e7308}: 'java.lang.Object java.lang.invoke.Invokers$Holder.invoke_MT(java.lang.Object, java.lang.Object, java.lang.Object, java.lang.Object, java.lang.Object, java.lang.Object)'> (0x00000000892e7308) 
thrown [s\src\hotspot\share\interpreter\linkResolver.cpp, line 805]
Event: 2.097 Thread 0x00000000005ce490 Exception <a 'java/lang/NoSuchMethodError'{0x00000000892effd8}: 'java.lang.Object java.lang.invoke.DirectMethodHandle$Holder.invokeStatic(java.lang.Object, java.lang.Object, int)'> (0x00000000892effd8) 
thrown [s\src\hotspot\share\interpreter\linkResolver.cpp, line 805]
Event: 2.103 Thread 0x00000000005ce490 Exception <a 'java/lang/NoSuchMethodError'{0x0000000089111e98}: 'void java.lang.invoke.DelegatingMethodHandle$Holder.delegate(java.lang.Object, java.lang.Object, int, java.lang.Object)'> (0x0000000089111e98) 
thrown [s\src\hotspot\share\interpreter\linkResolver.cpp, line 805]
Event: 2.104 Thread 0x00000000005ce490 Exception <a 'java/lang/NoSuchMethodError'{0x000000008911a738}: 'int java.lang.invoke.DirectMethodHandle$Holder.invokeSpecial(java.lang.Object, java.lang.Object, java.lang.Object)'> (0x000000008911a738) 
thrown [s\src\hotspot\share\interpreter\linkResolver.cpp, line 805]
Event: 2.340 Thread 0x0000000067fab950 Implicit null exception at 0x0000000012f40794 to 0x0000000012f40d70
Event: 2.341 Thread 0x0000000067fab950 Implicit null exception at 0x0000000012f3f390 to 0x0000000012f3f96c
Event: 2.482 Thread 0x00000000005ce490 Exception <a 'java/lang/NoSuchMethodError'{0x0000000088f73568}: 'void java.lang.invoke.DirectMethodHandle$Holder.invokeStaticInit(java.lang.Object)'> (0x0000000088f73568) 
thrown [s\src\hotspot\share\interpreter\linkResolver.cpp, line 805]
Event: 2.538 Thread 0x00000000005ce490 Exception <a 'java/lang/NoSuchMethodError'{0x0000000088d20890}: 'long java.lang.invoke.DirectMethodHandle$Holder.invokeStaticInit(java.lang.Object, long, long, long, long)'> (0x0000000088d20890) 
thrown [s\src\hotspot\share\interpreter\linkResolver.cpp, line 805]
Event: 2.540 Thread 0x00000000005ce490 Exception <a 'java/lang/NoSuchMethodError'{0x0000000088d29298}: 'java.lang.Object java.lang.invoke.DirectMethodHandle$Holder.invokeInterface(java.lang.Object, java.lang.Object, long, long)'> (0x0000000088d29298) 
thrown [s\src\hotspot\share\interpreter\linkResolver.cpp, line 805]
Event: 2.546 Thread 0x00000000005ce490 Exception <a 'java/lang/NoSuchMethodError'{0x0000000088d41b70}: 'void java.lang.invoke.DirectMethodHandle$Holder.invokeStaticInit(java.lang.Object, java.lang.Object, long, java.lang.Object)'> (0x0000000088d41b70) 
thrown [s\src\hotspot\share\interpreter\linkResolver.cpp, line 805]
Event: 2.547 Thread 0x00000000005ce490 Exception <a 'java/lang/NoSuchMethodError'{0x0000000088d4a2e0}: 'long java.lang.invoke.DirectMethodHandle$Holder.invokeStatic(java.lang.Object, long, long)'> (0x0000000088d4a2e0) 
thrown [s\src\hotspot\share\interpreter\linkResolver.cpp, line 805]
Event: 2.560 Thread 0x00000000005ce490 Exception <a 'java/lang/NoSuchMethodError'{0x0000000088d72ef0}: 'java.lang.Object java.lang.invoke.DirectMethodHandle$Holder.newInvokeSpecial(java.lang.Object, int, java.lang.Object)'> (0x0000000088d72ef0) 
thrown [s\src\hotspot\share\interpreter\linkResolver.cpp, line 805]
Event: 3.135 Thread 0x0000000067de0560 Exception <a 'java/lang/NoSuchMethodError'{0x0000000088c9bbd0}: 'void java.lang.invoke.DelegatingMethodHandle$Holder.reinvoke_L(java.lang.Object, java.lang.Object, java.lang.Object, java.lang.Object, long, long, float)'> (0x0000000088c9bbd0) 
thrown [s\src\hotspot\share\interpreter\linkResolver.cpp, line 805]
Event: 3.142 Thread 0x0000000067de0560 Exception <a 'java/lang/NoSuchMethodError'{0x0000000088cbc220}: 'java.lang.Object java.lang.invoke.DirectMethodHandle$Holder.invokeStatic(java.lang.Object, java.lang.Object, java.lang.Object, java.lang.Object, java.lang.Object, long)'> (0x0000000088cbc220) 
thrown [s\src\hotspot\share\interpreter\linkResolver.cpp, line 805]
Event: 3.160 Thread 0x0000000067de0560 Exception <a 'java/lang/NoSuchMethodError'{0x0000000088cff810}: 'float java.lang.invoke.DelegatingMethodHandle$Holder.reinvoke_L(java.lang.Object, java.lang.Object, java.lang.Object, java.lang.Object, long, long)'> (0x0000000088cff810) 
thrown [s\src\hotspot\share\interpreter\linkResolver.cpp, line 805]
Event: 5.489 Thread 0x0000000067de0560 Exception <a 'java/lang/NoSuchMethodError'{0x0000000088bbe110}: 'int java.lang.invoke.DelegatingMethodHandle$Holder.reinvoke_L(java.lang.Object, java.lang.Object, java.lang.Object, java.lang.Object, long, long)'> (0x0000000088bbe110) 
thrown [s\src\hotspot\share\interpreter\linkResolver.cpp, line 805]

VM Operations (20 events):
Event: 2.352 Executing VM operation: HandshakeAllThreads (Deoptimize)
Event: 2.352 Executing VM operation: HandshakeAllThreads (Deoptimize) done
Event: 2.556 Executing VM operation: HandshakeAllThreads (Deoptimize)
Event: 2.556 Executing VM operation: HandshakeAllThreads (Deoptimize) done
Event: 2.676 Executing VM operation: HandshakeAllThreads (Deoptimize)
Event: 2.676 Executing VM operation: HandshakeAllThreads (Deoptimize) done
Event: 3.218 Executing VM operation: HandshakeAllThreads (Deoptimize)
Event: 3.218 Executing VM operation: HandshakeAllThreads (Deoptimize) done
Event: 60.188 Executing VM operation: HandshakeAllThreads (HandshakeForDeflation)
Event: 60.188 Executing VM operation: HandshakeAllThreads (HandshakeForDeflation) done
Event: 60.188 Executing VM operation: RendezvousGCThreads
Event: 60.188 Executing VM operation: RendezvousGCThreads done
Event: 420.982 Executing VM operation: HandshakeAllThreads (HandshakeForDeflation)
Event: 420.982 Executing VM operation: HandshakeAllThreads (HandshakeForDeflation) done
Event: 420.982 Executing VM operation: RendezvousGCThreads
Event: 420.982 Executing VM operation: RendezvousGCThreads done
Event: 1566.860 Executing VM operation: HandshakeAllThreads (HandshakeForDeflation)
Event: 1566.860 Executing VM operation: HandshakeAllThreads (HandshakeForDeflation) done
Event: 1566.860 Executing VM operation: RendezvousGCThreads
Event: 1566.860 Executing VM operation: RendezvousGCThreads done

Memory protections (0 events):
No events

Nmethod flushes (0 events):
No events

Events (20 events):
Event: 0.783 Thread 0x000000001fc17db0 Thread added: 0x000000006660a220
Event: 0.792 Thread 0x000000001fc10720 Thread added: 0x0000000066629940
Event: 1.008 Thread 0x0000000066629940 Thread exited: 0x0000000066629940
Event: 1.028 Thread 0x000000006660a220 Thread exited: 0x000000006660a220
Event: 1.481 Thread 0x000000006648e860 Thread exited: 0x000000006648e860
Event: 1.878 Thread 0x000000001fc17db0 Thread added: 0x00000000666cfb50
Event: 1.883 Thread 0x000000001fc17db0 Thread added: 0x00000000666d02e0
Event: 2.337 Thread 0x00000000005ce490 Thread added: 0x0000000067fab950
Event: 2.393 Thread 0x0000000066491c30 Thread added: 0x0000000067dd9d50
Event: 2.413 Thread 0x0000000066491c30 Thread added: 0x0000000067de0560
Event: 2.468 Thread 0x00000000666d02e0 Thread exited: 0x00000000666d02e0
Event: 2.468 Thread 0x00000000666cfb50 Thread exited: 0x00000000666cfb50
Event: 3.091 Thread 0x00000000005ce490 Thread exited: 0x00000000005ce490
Event: 3.091 Thread 0x00000000005ce490 Thread added: 0x00000000005ce490
Event: 5.330 Thread 0x000000001fc17db0 Thread added: 0x0000000068002af0
Event: 5.337 Thread 0x000000001fc17db0 Thread added: 0x0000000068003e90
Event: 5.366 Thread 0x0000000067de0560 Thread added: 0x00000000665227c0
Event: 6.698 Thread 0x0000000068002af0 Thread exited: 0x0000000068002af0
Event: 6.698 Thread 0x0000000068003e90 Thread exited: 0x0000000068003e90
Event: 7.387 Thread 0x0000000067fab950 Thread exited: 0x0000000067fab950


Dynamic libraries:
0x00007ff704630000 - 0x00007ff70463e000 	C:\Program Files\Apache NetBeans\jdk\bin\java.exe
0x00007ffd3a860000 - 0x00007ffd3aac8000 	C:\WINDOWS\SYSTEM32\ntdll.dll
0x00007ffd29120000 - 0x00007ffd29140000 	C:\Program Files\Avast Software\Avast\aswhook.dll
0x00007ffd38a70000 - 0x00007ffd38b39000 	C:\WINDOWS\System32\KERNEL32.DLL
0x00007ffd37f40000 - 0x00007ffd3832d000 	C:\WINDOWS\System32\KERNELBASE.dll
0x00007ffd384b0000 - 0x00007ffd385fb000 	C:\WINDOWS\System32\ucrtbase.dll
0x00007ffce9f00000 - 0x00007ffce9f16000 	C:\Program Files\Apache NetBeans\jdk\bin\jli.dll
0x00007ffd38610000 - 0x00007ffd387dc000 	C:\WINDOWS\System32\USER32.dll
0x00007ffd383d0000 - 0x00007ffd383f7000 	C:\WINDOWS\System32\win32u.dll
0x00007ffd3a7f0000 - 0x00007ffd3a81b000 	C:\WINDOWS\System32\GDI32.dll
0x00007ffd37d40000 - 0x00007ffd37e77000 	C:\WINDOWS\System32\gdi32full.dll
0x00007ffd38400000 - 0x00007ffd384a3000 	C:\WINDOWS\System32\msvcp_win.dll
0x00007ffcef7b0000 - 0x00007ffcef7ce000 	C:\Program Files\Apache NetBeans\jdk\bin\VCRUNTIME140.dll
0x00007ffd28b40000 - 0x00007ffd28dda000 	C:\WINDOWS\WinSxS\amd64_microsoft.windows.common-controls_6595b64144ccf1df_6.0.26100.4484_none_3e0e6d4ce32ef3b3\COMCTL32.dll
0x00007ffd38bd0000 - 0x00007ffd38c79000 	C:\WINDOWS\System32\msvcrt.dll
0x00007ffd395b0000 - 0x00007ffd395df000 	C:\WINDOWS\System32\IMM32.DLL
0x00007ffd234b0000 - 0x00007ffd234bc000 	C:\Program Files\Apache NetBeans\jdk\bin\vcruntime140_1.dll
0x00007ffcc64b0000 - 0x00007ffcc653d000 	C:\Program Files\Apache NetBeans\jdk\bin\msvcp140.dll
0x00007ffc90520000 - 0x00007ffc9139c000 	C:\Program Files\Apache NetBeans\jdk\bin\server\jvm.dll
0x00007ffd39d40000 - 0x00007ffd39df4000 	C:\WINDOWS\System32\ADVAPI32.dll
0x00007ffd3a560000 - 0x00007ffd3a606000 	C:\WINDOWS\System32\sechost.dll
0x00007ffd38e40000 - 0x00007ffd38f58000 	C:\WINDOWS\System32\RPCRT4.dll
0x00007ffd387f0000 - 0x00007ffd38864000 	C:\WINDOWS\System32\WS2_32.dll
0x00007ffd37800000 - 0x00007ffd3785e000 	C:\WINDOWS\SYSTEM32\POWRPROF.dll
0x00007ffd19270000 - 0x00007ffd192a5000 	C:\WINDOWS\SYSTEM32\WINMM.dll
0x00007ffd252a0000 - 0x00007ffd252ab000 	C:\WINDOWS\SYSTEM32\VERSION.dll
0x00007ffd377e0000 - 0x00007ffd377f4000 	C:\WINDOWS\SYSTEM32\UMPDC.dll
0x00007ffd36710000 - 0x00007ffd3672b000 	C:\WINDOWS\SYSTEM32\kernel.appcore.dll
0x00007ffd1f4f0000 - 0x00007ffd1f4fa000 	C:\Program Files\Apache NetBeans\jdk\bin\jimage.dll
0x00007ffd32060000 - 0x00007ffd322a1000 	C:\WINDOWS\SYSTEM32\DBGHELP.DLL
0x00007ffd38f60000 - 0x00007ffd392e6000 	C:\WINDOWS\System32\combase.dll
0x00007ffd3a460000 - 0x00007ffd3a540000 	C:\WINDOWS\System32\OLEAUT32.dll
0x00007ffd24430000 - 0x00007ffd24473000 	C:\WINDOWS\SYSTEM32\dbgcore.DLL
0x00007ffd38330000 - 0x00007ffd383c9000 	C:\WINDOWS\System32\bcryptPrimitives.dll
0x00007ffcef6f0000 - 0x00007ffcef70e000 	C:\Program Files\Apache NetBeans\jdk\bin\java.dll
0x00007ffd39400000 - 0x00007ffd3959e000 	C:\WINDOWS\System32\ole32.dll
0x00007ffd395f0000 - 0x00007ffd39d3a000 	C:\WINDOWS\System32\SHELL32.dll
0x00007ffd379b0000 - 0x00007ffd37b24000 	C:\WINDOWS\System32\wintypes.dll
0x00007ffd354b0000 - 0x00007ffd35d0b000 	C:\WINDOWS\SYSTEM32\windows.storage.dll
0x00007ffd38c80000 - 0x00007ffd38d75000 	C:\WINDOWS\System32\SHCORE.dll
0x00007ffd38b40000 - 0x00007ffd38baa000 	C:\WINDOWS\System32\shlwapi.dll
0x00007ffd378c0000 - 0x00007ffd378ef000 	C:\WINDOWS\SYSTEM32\profapi.dll
0x00007ffcd85f0000 - 0x00007ffcd86c7000 	C:\Program Files\Apache NetBeans\jdk\bin\jsvml.dll
0x00007ffcfb290000 - 0x00007ffcfb2a0000 	C:\Program Files\Apache NetBeans\jdk\bin\net.dll
0x00007ffd36c90000 - 0x00007ffd36cfa000 	C:\WINDOWS\system32\mswsock.dll
0x00007ffcc6540000 - 0x00007ffcc6556000 	C:\Program Files\Apache NetBeans\jdk\bin\nio.dll
0x00007ffcd6410000 - 0x00007ffcd6427000 	C:\Program Files\Apache NetBeans\jdk\bin\zip.dll
0x00007ffcb68d0000 - 0x00007ffcb6a4e000 	C:\Program Files\Apache NetBeans\jdk\bin\awt.dll
0x00007ffd31560000 - 0x00007ffd315fe000 	C:\WINDOWS\SYSTEM32\apphelp.dll
0x00007ffd31e30000 - 0x00007ffd31e66000 	C:\WINDOWS\system32\DWMAPI.DLL
0x00007ffd31a20000 - 0x00007ffd31acf000 	C:\WINDOWS\system32\uxtheme.dll
0x00007ffcf8bf0000 - 0x00007ffcf8d08000 	C:\WINDOWS\system32\opengl32.dll
0x00007ffd23420000 - 0x00007ffd2344d000 	C:\WINDOWS\SYSTEM32\GLU32.dll
0x00007ffd31b20000 - 0x00007ffd31b6d000 	C:\WINDOWS\SYSTEM32\dxcore.dll
0x00007ffd3a2f0000 - 0x00007ffd3a450000 	C:\WINDOWS\System32\MSCTF.dll
0x00007ffd361b0000 - 0x00007ffd362d6000 	C:\WINDOWS\SYSTEM32\DNSAPI.dll
0x00007ffd36120000 - 0x00007ffd36153000 	C:\WINDOWS\SYSTEM32\IPHLPAPI.DLL
0x00007ffd38600000 - 0x00007ffd3860a000 	C:\WINDOWS\System32\NSI.dll
0x00007ffd29070000 - 0x00007ffd2907b000 	C:\Windows\System32\rasadhlp.dll
0x00007ffd27050000 - 0x00007ffd270d6000 	C:\WINDOWS\System32\fwpuclnt.dll
0x00007ffcf7060000 - 0x00007ffcf7069000 	C:\Program Files\Apache NetBeans\jdk\bin\extnet.dll
0x00007ffd36f90000 - 0x00007ffd36fab000 	C:\WINDOWS\SYSTEM32\CRYPTSP.dll
0x00007ffd36670000 - 0x00007ffd366ab000 	C:\WINDOWS\system32\rsaenh.dll
0x00007ffd36d40000 - 0x00007ffd36d6b000 	C:\WINDOWS\SYSTEM32\USERENV.dll
0x00007ffd37890000 - 0x00007ffd378b6000 	C:\WINDOWS\SYSTEM32\bcrypt.dll
0x00007ffd36fb0000 - 0x00007ffd36fbc000 	C:\WINDOWS\SYSTEM32\CRYPTBASE.dll
0x00007ffd29850000 - 0x00007ffd2985e000 	C:\Program Files\Apache NetBeans\jdk\bin\sunmscapi.dll
0x00007ffd37bc0000 - 0x00007ffd37d37000 	C:\WINDOWS\System32\CRYPT32.dll
0x00007ffd37130000 - 0x00007ffd37160000 	C:\WINDOWS\SYSTEM32\ncrypt.dll
0x00007ffd370e0000 - 0x00007ffd3711f000 	C:\WINDOWS\SYSTEM32\NTASN1.dll
0x00007ffd1bb20000 - 0x00007ffd1bb4e000 	C:\Program Files\Apache NetBeans\jdk\bin\javajpeg.dll
0x00007ffcb7b60000 - 0x00007ffcb7be7000 	C:\Program Files\Apache NetBeans\jdk\bin\freetype.dll
0x00007ffcb67f0000 - 0x00007ffcb68c9000 	C:\Program Files\Apache NetBeans\jdk\bin\fontmanager.dll
0x00007ffd388f0000 - 0x00007ffd38998000 	C:\WINDOWS\System32\clbcatq.dll
0x00007ffd2fcc0000 - 0x00007ffd2fefb000 	C:\WINDOWS\SYSTEM32\WindowsCodecs.dll
0x00007ffcf3760000 - 0x00007ffcf37ba000 	C:\WINDOWS\system32\dataexchange.dll
0x00007ffd2a0e0000 - 0x00007ffd2a318000 	C:\WINDOWS\system32\twinapi.appcore.dll
0x00007ffcf0d70000 - 0x00007ffcf0ec0000 	C:\WINDOWS\SYSTEM32\textinputframework.dll
0x00007ffd31140000 - 0x00007ffd31265000 	C:\WINDOWS\SYSTEM32\CoreMessaging.dll
0x00007ffd2f1e0000 - 0x00007ffd2f4c3000 	C:\WINDOWS\SYSTEM32\CoreUIComponents.dll

JVMTI agents: none

dbghelp: loaded successfully - version: 4.0.5 - missing functions: none
symbol engine: initialized successfully - sym options: 0x614 - pdb path: .;C:\Program Files\Apache NetBeans\jdk\bin;C:\WINDOWS\SYSTEM32;C:\Program Files\Avast Software\Avast;C:\WINDOWS\WinSxS\amd64_microsoft.windows.common-controls_6595b64144ccf1df_6.0.26100.4484_none_3e0e6d4ce32ef3b3;C:\Program Files\Apache NetBeans\jdk\bin\server

VM Arguments:
jvm_args: -Dfile.encoding=UTF-8 --module-path=C:\Users\MANU TYAGI\Documents\NetBeansProjects\Hotel Management System\build\classes 
java_command: hotel.management.system.UpdateCheck
java_class_path (initial): C:\Users\MANU TYAGI\Downloads;C:\Users\MANU TYAGI\Documents\mysql-connector-java-8.0.28.jar;C:\Users\MANU TYAGI\Documents\rs2xml.jar;C:\Users\MANU TYAGI\Documents\NetBeansProjects\Hotel Management System\build\classes
Launcher Type: SUN_STANDARD

[Global flags]
     intx CICompilerCount                          = 4                                         {product} {ergonomic}
     uint ConcGCThreads                            = 2                                         {product} {ergonomic}
     uint G1ConcRefinementThreads                  = 8                                         {product} {ergonomic}
   size_t G1HeapRegionSize                         = 1048576                                   {product} {ergonomic}
   size_t InitialHeapSize                          = 132120576                                 {product} {ergonomic}
   size_t MarkStackSize                            = 4194304                                   {product} {ergonomic}
   size_t MarkStackSizeMax                         = 536870912                                 {product} {ergonomic}
   size_t MaxHeapSize                              = 2103443456                                {product} {ergonomic}
   size_t MaxNewSize                               = 1261436928                                {product} {ergonomic}
   size_t MinHeapDeltaBytes                        = 1048576                                   {product} {ergonomic}
   size_t MinHeapSize                              = 8388608                                   {product} {ergonomic}
    uintx NonNMethodCodeHeapSize                   = 5832704                                {pd product} {ergonomic}
    uintx NonProfiledCodeHeapSize                  = 122945536                              {pd product} {ergonomic}
    uintx ProfiledCodeHeapSize                     = 122880000                              {pd product} {ergonomic}
    uintx ReservedCodeCacheSize                    = 251658240                              {pd product} {ergonomic}
     bool SegmentedCodeCache                       = true                                      {product} {ergonomic}
   size_t SoftMaxHeapSize                          = 2103443456                             {manageable} {ergonomic}
     bool UseCompressedOops                        = true                           {product lp64_product} {ergonomic}
     bool UseG1GC                                  = true                                      {product} {ergonomic}
     bool UseLargePagesIndividualAllocation        = false                                  {pd product} {ergonomic}

Logging:
Log output configuration:
 #0: stdout all=warning uptime,level,tags foldmultilines=false
 #1: stderr all=off uptime,level,tags foldmultilines=false

Environment Variables:
PATH=C:\Program Files\Common Files\Oracle\Java\javapath;C:\WINDOWS\system32;C:\WINDOWS;C:\WINDOWS\System32\Wbem;C:\WINDOWS\System32\WindowsPowerShell\v1.0\;C:\WINDOWS\System32\OpenSSH\;C:\MinGW\bin;C:\Program Files\Microsoft SQL Server\Client SDK\ODBC\170\Tools\Binn\;C:\Program Files (x86)\Microsoft SQL Server\150\Tools\Binn\;C:\Program Files\Microsoft SQL Server\150\Tools\Binn\;C:\Program Files\Microsoft SQL Server\150\DTS\Binn\;C:\Program Files\dotnet\;C:\Program Files (x86)\Windows Kits\10\Windows Performance Toolkit\;C:\Program Files\Java\jdk-17\bin;C:\Program Files\MySQL\MySQL Shell 8.0\bin\;C:\Users\MANU TYAGI\AppData\Local\Microsoft\WindowsApps;D:\Microsoft VS Code\bin;
USERNAME=MANU TYAGI
OS=Windows_NT
PROCESSOR_IDENTIFIER=Intel64 Family 6 Model 142 Stepping 12, GenuineIntel
TMP=C:\Users\MANUTY~1\AppData\Local\Temp
TEMP=C:\Users\MANUTY~1\AppData\Local\Temp




Periodic native trim disabled

---------------  S Y S T E M  ---------------

OS:
 Windows 11 , 64 bit Build 26100 (10.0.26100.4484)
OS uptime: 0 days 16:20 hours
Hyper-V role detected

CPU: total 8 (initial active 8) (4 cores per cpu, 2 threads per core) family 6 model 142 stepping 12 microcode 0xde, cx8, cmov, fxsr, ht, mmx, 3dnowpref, sse, sse2, sse3, ssse3, sse4.1, sse4.2, popcnt, lzcnt, tsc, tscinvbit, avx, avx2, aes, erms, clmul, bmi1, bmi2, adx, fma, vzeroupper, clflush, clflushopt, hv, rdtscp, f16c
Processor Information for the first 8 processors :
  Max Mhz: 2112, Current Mhz: 1609, Mhz Limit: 1605

Memory: 4k page, system-wide physical 8022M (362M free)
TotalPageFile size 19363M (AvailPageFile size 0M)
current process WorkingSet (physical memory assigned to process): 114M, peak: 118M
current process commit charge ("private bytes"): 241M, peak: 250M

vm_info: OpenJDK 64-Bit Server VM (24.0.1+9) for windows-amd64 JRE (24.0.1+9) (Zulu24.30+11-CA), built on 2025-03-21T13:52:34Z with MS VC++ 17.1 (VS2022)

END.
