#
# There is insufficient memory for the Java Runtime Environment to continue.
# Native memory allocation (mmap) failed to map 65536 bytes. Error detail: Failed to commit metaspace.
# Possible reasons:
#   The system is out of physical RAM or swap space
#   This process is running with CompressedOops enabled, and the Java Heap may be blocking the growth of the native heap
# Possible solutions:
#   Reduce memory load on the system
#   Increase physical memory or swap space
#   Check if swap backing store is full
#   Decrease Java heap size (-Xmx/-Xms)
#   Decrease number of Java threads
#   Decrease Java thread stack sizes (-Xss)
#   Set larger code cache with -XX:ReservedCodeCacheSize=
#   JVM is running with Unscaled Compressed Oops mode in which the Java heap is
#     placed in the first 4GB address space. The Java Heap base address is the
#     maximum limit for the native heap growth. Please use -XX:HeapBaseMinAddress
#     to set the Java Heap base and to place the Java Heap above 4GB virtual address.
# This output file may be truncated or incomplete.
#
#  Out of Memory Error (virtualSpaceNode.cpp:113), pid=23468, tid=20332
#
# JRE version: OpenJDK Runtime Environment Zulu24.30+11-CA (24.0.1+9) (build 24.0.1+9)
# Java VM: OpenJDK 64-Bit Server VM Zulu24.30+11-CA (24.0.1+9, mixed mode, sharing, tiered, compressed oops, compressed class ptrs, g1 gc, windows-amd64)
# No core dump will be written. Minidumps are not enabled by default on client versions of Windows
#

---------------  S U M M A R Y ------------

Command Line: -Dfile.encoding=UTF-8 --module-path=C:\Users\MANU TYAGI\Documents\NetBeansProjects\Hotel Management System\build\classes hotel.management.system.UpdateCheck

Host: Intel(R) Core(TM) i5-10210U CPU @ 1.60GHz, 8 cores, 7G,  Windows 11 , 64 bit Build 26100 (10.0.26100.4484)
Time: Tue Jul 22 12:56:28 2025 India Standard Time elapsed time: 0.184460 seconds (0d 0h 0m 0s)

---------------  T H R E A D  ---------------

Current thread (0x000000000044e490):  JavaThread "main"             [_thread_in_vm, id=20332, stack(0x0000000001fd0000,0x00000000020d0000) (1024K)]

Stack: [0x0000000001fd0000,0x00000000020d0000]
Native frames: (J=compiled Java code, j=interpreted, Vv=VM code, C=native code)
V  [jvm.dll+0x7410c9]  (no source info available)
V  [jvm.dll+0x97def3]  (no source info available)
V  [jvm.dll+0x98021d]  (no source info available)
V  [jvm.dll+0x980893]  (no source info available)
V  [jvm.dll+0x2b5b16]  (no source info available)
V  [jvm.dll+0x979b6e]  (no source info available)
V  [jvm.dll+0x6db675]  (no source info available)
V  [jvm.dll+0x6db6da]  (no source info available)
V  [jvm.dll+0x6de0d2]  (no source info available)
V  [jvm.dll+0x6dde37]  (no source info available)
V  [jvm.dll+0x25686c]  (no source info available)
V  [jvm.dll+0x6dc098]  (no source info available)
V  [jvm.dll+0x29beb4]  (no source info available)
V  [jvm.dll+0x16b95b]  (no source info available)
V  [jvm.dll+0x2bc4ec]  (no source info available)
V  [jvm.dll+0x2bd89f]  (no source info available)
V  [jvm.dll+0x23db9a]  (no source info available)
V  [jvm.dll+0x23d2ed]  (no source info available)
V  [jvm.dll+0x60e11d]  (no source info available)
V  [jvm.dll+0x24d94d]  (no source info available)
V  [jvm.dll+0x8ed88e]  (no source info available)
V  [jvm.dll+0x8ee9a8]  (no source info available)
V  [jvm.dll+0x8eeee2]  (no source info available)
V  [jvm.dll+0x8eec36]  (no source info available)
V  [jvm.dll+0x29e758]  (no source info available)
V  [jvm.dll+0x422c7a]  (no source info available)
C  0x0000000012a5e956  (no source info available)

The last pc belongs to ldc (printed below).
Java frames: (J=compiled Java code, j=interpreted, Vv=VM code)
j  jdk.internal.foreign.Utils.<clinit>()V+100 java.base@24.0.1
v  ~StubRoutines::call_stub 0x0000000012a50fcd
j  jdk.internal.foreign.ArenaImpl.allocateNoInit(JJ)Ljdk/internal/foreign/NativeMemorySegmentImpl;+2 java.base@24.0.1
j  jdk.internal.foreign.ArenaImpl.allocate(JJ)Ljdk/internal/foreign/NativeMemorySegmentImpl;+3 java.base@24.0.1
j  jdk.internal.foreign.ArenaImpl.allocate(JJ)Ljava/lang/foreign/MemorySegment;+3 java.base@24.0.1
j  sun.java2d.pipe.RenderBuffer.<init>(I)V+13 java.desktop@24.0.1
j  sun.java2d.pipe.RenderBuffer.allocate(I)Lsun/java2d/pipe/RenderBuffer;+5 java.desktop@24.0.1
j  sun.java2d.pipe.RenderQueue.<init>()V+19 java.desktop@24.0.1
j  sun.java2d.d3d.D3DRenderQueue.<init>()V+1 java.desktop@24.0.1
j  sun.java2d.d3d.D3DRenderQueue.getInstance()Lsun/java2d/d3d/D3DRenderQueue;+10 java.desktop@24.0.1
j  sun.java2d.d3d.D3DGraphicsDevice.getDeviceCaps(I)Lsun/java2d/pipe/hw/ContextCapabilities;+2 java.desktop@24.0.1
j  sun.java2d.d3d.D3DGraphicsDevice.createDevice(I)Lsun/java2d/d3d/D3DGraphicsDevice;+9 java.desktop@24.0.1
j  sun.awt.Win32GraphicsEnvironment.makeScreenDevice(I)Ljava/awt/GraphicsDevice;+9 java.desktop@24.0.1
j  sun.java2d.SunGraphicsEnvironment.getScreenDevices()[Ljava/awt/GraphicsDevice;+30 java.desktop@24.0.1
j  sun.awt.Win32GraphicsEnvironment.getDefaultScreenDevice()Ljava/awt/GraphicsDevice;+1 java.desktop@24.0.1
j  java.awt.Window.initGC(Ljava/awt/GraphicsConfiguration;)Ljava/awt/GraphicsConfiguration;+10 java.desktop@24.0.1
j  java.awt.Window.init(Ljava/awt/GraphicsConfiguration;)V+41 java.desktop@24.0.1
j  java.awt.Window.<init>()V+114 java.desktop@24.0.1
j  java.awt.Frame.<init>(Ljava/lang/String;)V+1 java.desktop@24.0.1
j  java.awt.Frame.<init>()V+3 java.desktop@24.0.1
j  javax.swing.JFrame.<init>()V+1 java.desktop@24.0.1
j  hotel.management.system.UpdateCheck.<init>()V+1
j  hotel.management.system.UpdateCheck.main([Ljava/lang/String;)V+4
v  ~StubRoutines::call_stub 0x0000000012a50fcd
Lock stack of current Java thread (top to bottom):
LockStack[1]: java.lang.Class 
{0x000000008a4c6818} - klass: 'java/lang/Class' - flags: 

 - ---- fields (total size 15 words):
 - private volatile transient 'classRedefinedCount' 'I' @12  0 (0x00000000)
 - injected 'klass' 'J' @16  554081608 (0x0000000021069d48)
 - injected 'array_klass' 'J' @24  0 (0x0000000000000000)
 - injected 'oop_size' 'I' @32  15 (0x0000000f)
 - injected 'static_oop_field_count' 'I' @36  2 (0x00000002)
 - private volatile transient 'cachedConstructor' 'Ljava/lang/reflect/Constructor;' @40  null (0x00000000)
 - private transient 'name' 'Ljava/lang/String;' @44  null (0x00000000)
 - private transient 'module' 'Ljava/lang/Module;' @48  a 'java/lang/Module'{0x000000008a5cb338} (0x8a5cb338)
 - private final 'classLoader' 'Ljava/lang/ClassLoader;' @52  null (0x00000000)
 - private transient 'classData' 'Ljava/lang/Object;' @56  null (0x00000000)
 - private transient 'signers' '[Ljava/lang/Object;' @60  null (0x00000000)
 - private transient 'packageName' 'Ljava/lang/String;' @64  null (0x00000000)
 - private final 'componentType' 'Ljava/lang/Class;' @68  null (0x00000000)
 - private volatile transient 'reflectionData' 'Ljava/lang/ref/SoftReference;' @72  null (0x00000000)
 - private volatile transient 'genericInfo' 'Lsun/reflect/generics/repository/ClassRepository;' @76  null (0x00000000)
 - private volatile transient 'enumConstants' '[Ljava/lang/Object;' @80  null (0x00000000)
 - private volatile transient 'enumConstantDirectory' 'Ljava/util/Map;' @84  null (0x00000000)
 - private volatile transient 'annotationData' 'Ljava/lang/Class$AnnotationData;' @88  null (0x00000000)
 - private volatile transient 'annotationType' 'Lsun/reflect/annotation/AnnotationType;' @92  null (0x00000000)
 - transient 'classValueMap' 'Ljava/lang/ClassValue$ClassValueMap;' @96  null (0x00000000)
 - injected 'protection_domain' 'Ljava/lang/Object;' @100  null (0x00000000)
 - injected 'source_file' 'Ljava/lang/Object;' @104  null (0x00000000)
 - injected '<init_lock>' 'Ljava/lang/Object;' @108  null (0x00000000)
 - signature: Lsun/java2d/d3d/D3DRenderQueue;
 - ---- static fields (2):
 - private static 'theInstance' 'Lsun/java2d/d3d/D3DRenderQueue;' @112  null (0x00000000)
 - private static 'rqThread' 'Ljava/lang/Thread;' @116  null (0x00000000)
LockStack[0]: sun.awt.Win32GraphicsEnvironment 
{0x000000008a4c2b10} - klass: 'sun/awt/Win32GraphicsEnvironment' - flags: 

 - ---- fields (total size 4 words):
 - private final 'defaultFont' 'Ljava/awt/Font;' @12  a 'java/awt/Font'{0x000000008a4c2b30} (0x8a4c2b30)
 - protected 'screens' '[Ljava/awt/GraphicsDevice;' @16  null (0x00000000)
 - protected 'displayChanger' 'Lsun/awt/SunDisplayChanger;' @20  a 'sun/awt/SunDisplayChanger'{0x000000008a4c2d40} (0x8a4c2d40)
 - private 'oldDevices' 'Ljava/util/ArrayList;' @24  null (0x00000000)

ldc  18 ldc  [0x0000000012a5e8a0, 0x0000000012a5eb48]  680 bytes
[MachCode]
  0x0000000012a5e8a0: 4883 ec08 | c5fa 1104 | 24eb 1f48 | 83ec 10c5 | fb11 0424 | eb14 4883 | ec10 4889 | 0424 48c7 
  0x0000000012a5e8c0: 4424 0800 | 0000 00eb | 0150 410f | b65d 0148 | 8b4d e848 | 8b49 0848 | 8b49 0848 | 8b41 080f 
  0x0000000012a5e8e0: b654 1804 | 83fa 6474 | 0e83 fa67 | 7409 83fa | 070f 85bd | 0000 00ba | 0000 0000 | e805 0000 
  0x0000000012a5e900: 00e9 a800 | 0000 488d | 4424 084c | 896d c049 | 8bcf c5f8 | 7749 89af | b803 0000 | 4989 87a8 
  0x0000000012a5e920: 0300 0048 | 83ec 2040 | f6c4 0f0f | 8419 0000 | 0048 83ec | 0848 b860 | 2b94 90fc | 7f00 00ff 
  0x0000000012a5e940: d048 83c4 | 08e9 0c00 | 0000 48b8 | 602b 9490 | fc7f 0000 | ffd0 4883 | c420 49c7 | 87a8 0300 
  0x0000000012a5e960: 0000 0000 | 0049 c787 | b803 0000 | 0000 0000 | 49c7 87b0 | 0300 0000 | 0000 00c5 | f877 4983 
  0x0000000012a5e980: 7f08 000f | 8405 0000 | 00e9 3225 | ffff 498b | 8700 0400 | 0049 c787 | 0004 0000 | 0000 0000 
  0x0000000012a5e9a0: 4c8b 6dc0 | 4c8b 75c8 | 4e8d 74f5 | 00c3 50e9 | 7c01 0000 | 83fa 0475 | 14c5 fa10 | 44d9 4848 
  0x0000000012a5e9c0: 83ec 08c5 | fa11 0424 | e963 0100 | 0083 fa03 | 750a 8b44 | d948 50e9 | 5401 0000 | ba12 0000 
  0x0000000012a5e9e0: 00e8 0500 | 0000 e9a8 | 0000 0048 | 8d44 2408 | 4c89 6dc0 | 498b cfc5 | f877 4989 | afb8 0300 
  0x0000000012a5ea00: 0049 8987 | a803 0000 | 4883 ec20 | 40f6 c40f | 0f84 1900 | 0000 4883 | ec08 48b8 | 8050 9490 
  0x0000000012a5ea20: fc7f 0000 | ffd0 4883 | c408 e90c | 0000 0048 | b880 5094 | 90fc 7f00 | 00ff d048 | 83c4 2049 
  0x0000000012a5ea40: c787 a803 | 0000 0000 | 0000 49c7 | 87b8 0300 | 0000 0000 | 0049 c787 | b003 0000 | 0000 0000 
  0x0000000012a5ea60: c5f8 7749 | 837f 0800 | 0f84 0500 | 0000 e94d | 24ff ff49 | 8b87 0004 | 0000 49c7 | 8700 0400 
  0x0000000012a5ea80: 0000 0000 | 004c 8b6d | c04c 8b75 | c84e 8d74 | f500 c349 | 8b8f 0804 | 0000 49c7 | 8708 0400 
  0x0000000012a5eaa0: 0000 0000 | 008b d981 | e3ff ff00 | 00c1 e91c | 83e1 0f83 | f904 7509 | 8b04 1850 | e96f 0000 
  0x0000000012a5eac0: 0083 f906 | 7513 c5fa | 1004 1848 | 83ec 08c5 | fa11 0424 | e957 0000 | 0083 f903 | 750a 0fbf 
  0x0000000012a5eae0: 0418 50e9 | 4800 0000 | 83f9 0075 | 0a0f be04 | 1850 e939 | 0000 0083 | f902 750a | 0fb7 0418 
  0x0000000012a5eb00: 50e9 2a00 | 0000 83f9 | 0175 0a0f | be04 1850 | e91b 0000 | 0048 b9f0 | 0609 91fc | 7f00 0048 
  0x0000000012a5eb20: 83e4 f048 | b8d0 8dba | 90fc 7f00 | 00ff d0f4 | 410f b65d | 0249 83c5 | 0249 ba10 | 9e2c 91fc 
  0x0000000012a5eb40: 7f00 0041 | ff24 da90 
[/MachCode]

---------------  P R O C E S S  ---------------

Threads class SMR info:
_java_thread_list=0x0000000061aada60, length=15, elements={
0x000000000044e490, 0x000000001f9c7e00, 0x000000001f9cb2c0, 0x000000001f9ce090,
0x000000001f9d0e50, 0x000000001f9d2c90, 0x000000001f9d4c00, 0x000000001f9de1c0,
0x0000000061827360, 0x0000000061926920, 0x000000006195bee0, 0x0000000061827af0,
0x0000000061bfe7f0, 0x00000000666d8360, 0x000000006633f5d0
}

Java Threads: ( => current thread )
=>0x000000000044e490 JavaThread "main"                              [_thread_in_vm, id=20332, stack(0x0000000001fd0000,0x00000000020d0000) (1024K)]
  0x000000001f9c7e00 JavaThread "Reference Handler"          daemon [_thread_blocked, id=7988, stack(0x0000000061200000,0x0000000061300000) (1024K)]
  0x000000001f9cb2c0 JavaThread "Finalizer"                  daemon [_thread_blocked, id=27440, stack(0x0000000061300000,0x0000000061400000) (1024K)]
  0x000000001f9ce090 JavaThread "Signal Dispatcher"          daemon [_thread_blocked, id=21984, stack(0x0000000061400000,0x0000000061500000) (1024K)]
  0x000000001f9d0e50 JavaThread "Attach Listener"            daemon [_thread_blocked, id=3600, stack(0x0000000061500000,0x0000000061600000) (1024K)]
  0x000000001f9d2c90 JavaThread "Service Thread"             daemon [_thread_blocked, id=24876, stack(0x0000000061600000,0x0000000061700000) (1024K)]
  0x000000001f9d4c00 JavaThread "Monitor Deflation Thread"   daemon [_thread_blocked, id=27236, stack(0x0000000061700000,0x0000000061800000) (1024K)]
  0x000000001f9de1c0 JavaThread "C2 CompilerThread0"         daemon [_thread_blocked, id=26900, stack(0x0000000061c00000,0x0000000061d00000) (1024K)]
  0x0000000061827360 JavaThread "C1 CompilerThread0"         daemon [_thread_blocked, id=27156, stack(0x0000000061d00000,0x0000000061e00000) (1024K)]
  0x0000000061926920 JavaThread "Common-Cleaner"             daemon [_thread_blocked, id=21456, stack(0x0000000061e00000,0x0000000061f00000) (1024K)]
  0x000000006195bee0 JavaThread "Notification Thread"        daemon [_thread_blocked, id=22060, stack(0x0000000061f00000,0x0000000062000000) (1024K)]
  0x0000000061827af0 JavaThread "C2 CompilerThread1"         daemon [_thread_blocked, id=23688, stack(0x0000000066160000,0x0000000066260000) (1024K)]
  0x0000000061bfe7f0 JavaThread "Java2D Disposer"            daemon [_thread_blocked, id=9524, stack(0x0000000067a30000,0x0000000067b30000) (1024K)]
  0x00000000666d8360 JavaThread "AWT-Shutdown"                      [_thread_blocked, id=21836, stack(0x0000000067b30000,0x0000000067c30000) (1024K)]
  0x000000006633f5d0 JavaThread "AWT-Windows"                daemon [_thread_in_native, id=4824, stack(0x0000000067c30000,0x0000000067d30000) (1024K)]
Total: 15

Other Threads:
  0x000000001f9b80c0 VMThread "VM Thread"                           [id=27412, stack(0x0000000061100000,0x0000000061200000) (1024K)]
  0x000000001f873ed0 WatcherThread "VM Periodic Task Thread"        [id=8340, stack(0x0000000061000000,0x0000000061100000) (1024K)]
  0x0000000002a74980 WorkerThread "GC Thread#0"                     [id=8812, stack(0x000000001cf90000,0x000000001d090000) (1024K)]
  0x0000000002ac5410 ConcurrentGCThread "G1 Main Marker"            [id=23444, stack(0x000000001d090000,0x000000001d190000) (1024K)]
  0x0000000002ac5f20 WorkerThread "G1 Conc#0"                       [id=2040, stack(0x000000001d190000,0x000000001d290000) (1024K)]
  0x000000001f8631e0 ConcurrentGCThread "G1 Refine#0"               [id=20628, stack(0x000000001fd10000,0x000000001fe10000) (1024K)]
  0x000000001f864c10 ConcurrentGCThread "G1 Service"                [id=24900, stack(0x000000001fe10000,0x000000001ff10000) (1024K)]
Total: 7

Threads with active compile tasks:
Total: 0

VM state: not at safepoint (normal execution)

VM Mutex/Monitor currently owned by a thread:  ([mutex/lock_event])
[0x00007ffc912b2fc8] Metaspace_lock - owner thread: 0x000000000044e490

Heap address: 0x0000000082a00000, size: 2006 MB, Compressed Oops mode: 32-bit

CDS archive(s) mapped at: [0x0000000020000000-0x0000000020d40000-0x0000000020d40000), size 13893632, SharedBaseAddress: 0x0000000020000000, ArchiveRelocationMode: 1.
Compressed class space mapped at: 0x0000000021000000-0x0000000061000000, reserved size: 1073741824
UseCompressedClassPointers 1, UseCompactObjectHeaders 0
Narrow klass pointer bits 32, Max shift 3
Narrow klass base: 0x0000000020000000, Narrow klass shift: 0
Encoding Range: [0x0000000020000000 - 0x0000000120000000), (4294967296 bytes)
Klass Range:    [0x0000000020000000 - 0x0000000061000000), (1090519040 bytes)
Klass ID Range:  [8 - 1090519033) (1090519025)

GC Precious Log:
 CardTable entry size: 512
 Card Set container configuration: InlinePtr #cards 5 size 8 Array Of Cards #cards 10 size 36 Howl #buckets 4 coarsen threshold 1843 Howl Bitmap #cards 512 size 80 coarsen threshold 460 Card regions per heap region 1 cards per card region 2048
 CPUs: 8 total, 8 available
 Memory: 8022M
 Large Page Support: Disabled
 NUMA Support: Disabled
 Compressed Oops: Enabled (32-bit)
 Heap Region Size: 1M
 Heap Min Capacity: 8M
 Heap Initial Capacity: 126M
 Heap Max Capacity: 2006M
 Pre-touch: Disabled
 Parallel Workers: 8
 Concurrent Workers: 2
 Concurrent Refinement Workers: 8
 Periodic GC: Disabled

Heap:
 garbage-first heap   total reserved 2054144K, committed 131072K, used 5232K [0x0000000082a00000, 0x0000000100000000)
  region size 1024K, 5 young (5120K), 0 survivors (0K)
 Metaspace       used 2770K, committed 2880K, reserved 1114112K
  class space    used 186K, committed 256K, reserved 1048576K

Heap Regions: E=young(eden), S=young(survivor), O=old, HS=humongous(starts), HC=humongous(continues), CS=collection set, F=free, TAMS=top-at-mark-start, PB=parsable bottom
|   0|0x0000000082a00000, 0x0000000082a00000, 0x0000000082b00000|  0%| F|  |TAMS 0x0000000082a00000| PB 0x0000000082a00000| Untracked |  0
|   1|0x0000000082b00000, 0x0000000082b00000, 0x0000000082c00000|  0%| F|  |TAMS 0x0000000082b00000| PB 0x0000000082b00000| Untracked |  0
|   2|0x0000000082c00000, 0x0000000082c00000, 0x0000000082d00000|  0%| F|  |TAMS 0x0000000082c00000| PB 0x0000000082c00000| Untracked |  0
|   3|0x0000000082d00000, 0x0000000082d00000, 0x0000000082e00000|  0%| F|  |TAMS 0x0000000082d00000| PB 0x0000000082d00000| Untracked |  0
|   4|0x0000000082e00000, 0x0000000082e00000, 0x0000000082f00000|  0%| F|  |TAMS 0x0000000082e00000| PB 0x0000000082e00000| Untracked |  0
|   5|0x0000000082f00000, 0x0000000082f00000, 0x0000000083000000|  0%| F|  |TAMS 0x0000000082f00000| PB 0x0000000082f00000| Untracked |  0
|   6|0x0000000083000000, 0x0000000083000000, 0x0000000083100000|  0%| F|  |TAMS 0x0000000083000000| PB 0x0000000083000000| Untracked |  0
|   7|0x0000000083100000, 0x0000000083100000, 0x0000000083200000|  0%| F|  |TAMS 0x0000000083100000| PB 0x0000000083100000| Untracked |  0
|   8|0x0000000083200000, 0x0000000083200000, 0x0000000083300000|  0%| F|  |TAMS 0x0000000083200000| PB 0x0000000083200000| Untracked |  0
|   9|0x0000000083300000, 0x0000000083300000, 0x0000000083400000|  0%| F|  |TAMS 0x0000000083300000| PB 0x0000000083300000| Untracked |  0
|  10|0x0000000083400000, 0x0000000083400000, 0x0000000083500000|  0%| F|  |TAMS 0x0000000083400000| PB 0x0000000083400000| Untracked |  0
|  11|0x0000000083500000, 0x0000000083500000, 0x0000000083600000|  0%| F|  |TAMS 0x0000000083500000| PB 0x0000000083500000| Untracked |  0
|  12|0x0000000083600000, 0x0000000083600000, 0x0000000083700000|  0%| F|  |TAMS 0x0000000083600000| PB 0x0000000083600000| Untracked |  0
|  13|0x0000000083700000, 0x0000000083700000, 0x0000000083800000|  0%| F|  |TAMS 0x0000000083700000| PB 0x0000000083700000| Untracked |  0
|  14|0x0000000083800000, 0x0000000083800000, 0x0000000083900000|  0%| F|  |TAMS 0x0000000083800000| PB 0x0000000083800000| Untracked |  0
|  15|0x0000000083900000, 0x0000000083900000, 0x0000000083a00000|  0%| F|  |TAMS 0x0000000083900000| PB 0x0000000083900000| Untracked |  0
|  16|0x0000000083a00000, 0x0000000083a00000, 0x0000000083b00000|  0%| F|  |TAMS 0x0000000083a00000| PB 0x0000000083a00000| Untracked |  0
|  17|0x0000000083b00000, 0x0000000083b00000, 0x0000000083c00000|  0%| F|  |TAMS 0x0000000083b00000| PB 0x0000000083b00000| Untracked |  0
|  18|0x0000000083c00000, 0x0000000083c00000, 0x0000000083d00000|  0%| F|  |TAMS 0x0000000083c00000| PB 0x0000000083c00000| Untracked |  0
|  19|0x0000000083d00000, 0x0000000083d00000, 0x0000000083e00000|  0%| F|  |TAMS 0x0000000083d00000| PB 0x0000000083d00000| Untracked |  0
|  20|0x0000000083e00000, 0x0000000083e00000, 0x0000000083f00000|  0%| F|  |TAMS 0x0000000083e00000| PB 0x0000000083e00000| Untracked |  0
|  21|0x0000000083f00000, 0x0000000083f00000, 0x0000000084000000|  0%| F|  |TAMS 0x0000000083f00000| PB 0x0000000083f00000| Untracked |  0
|  22|0x0000000084000000, 0x0000000084000000, 0x0000000084100000|  0%| F|  |TAMS 0x0000000084000000| PB 0x0000000084000000| Untracked |  0
|  23|0x0000000084100000, 0x0000000084100000, 0x0000000084200000|  0%| F|  |TAMS 0x0000000084100000| PB 0x0000000084100000| Untracked |  0
|  24|0x0000000084200000, 0x0000000084200000, 0x0000000084300000|  0%| F|  |TAMS 0x0000000084200000| PB 0x0000000084200000| Untracked |  0
|  25|0x0000000084300000, 0x0000000084300000, 0x0000000084400000|  0%| F|  |TAMS 0x0000000084300000| PB 0x0000000084300000| Untracked |  0
|  26|0x0000000084400000, 0x0000000084400000, 0x0000000084500000|  0%| F|  |TAMS 0x0000000084400000| PB 0x0000000084400000| Untracked |  0
|  27|0x0000000084500000, 0x0000000084500000, 0x0000000084600000|  0%| F|  |TAMS 0x0000000084500000| PB 0x0000000084500000| Untracked |  0
|  28|0x0000000084600000, 0x0000000084600000, 0x0000000084700000|  0%| F|  |TAMS 0x0000000084600000| PB 0x0000000084600000| Untracked |  0
|  29|0x0000000084700000, 0x0000000084700000, 0x0000000084800000|  0%| F|  |TAMS 0x0000000084700000| PB 0x0000000084700000| Untracked |  0
|  30|0x0000000084800000, 0x0000000084800000, 0x0000000084900000|  0%| F|  |TAMS 0x0000000084800000| PB 0x0000000084800000| Untracked |  0
|  31|0x0000000084900000, 0x0000000084900000, 0x0000000084a00000|  0%| F|  |TAMS 0x0000000084900000| PB 0x0000000084900000| Untracked |  0
|  32|0x0000000084a00000, 0x0000000084a00000, 0x0000000084b00000|  0%| F|  |TAMS 0x0000000084a00000| PB 0x0000000084a00000| Untracked |  0
|  33|0x0000000084b00000, 0x0000000084b00000, 0x0000000084c00000|  0%| F|  |TAMS 0x0000000084b00000| PB 0x0000000084b00000| Untracked |  0
|  34|0x0000000084c00000, 0x0000000084c00000, 0x0000000084d00000|  0%| F|  |TAMS 0x0000000084c00000| PB 0x0000000084c00000| Untracked |  0
|  35|0x0000000084d00000, 0x0000000084d00000, 0x0000000084e00000|  0%| F|  |TAMS 0x0000000084d00000| PB 0x0000000084d00000| Untracked |  0
|  36|0x0000000084e00000, 0x0000000084e00000, 0x0000000084f00000|  0%| F|  |TAMS 0x0000000084e00000| PB 0x0000000084e00000| Untracked |  0
|  37|0x0000000084f00000, 0x0000000084f00000, 0x0000000085000000|  0%| F|  |TAMS 0x0000000084f00000| PB 0x0000000084f00000| Untracked |  0
|  38|0x0000000085000000, 0x0000000085000000, 0x0000000085100000|  0%| F|  |TAMS 0x0000000085000000| PB 0x0000000085000000| Untracked |  0
|  39|0x0000000085100000, 0x0000000085100000, 0x0000000085200000|  0%| F|  |TAMS 0x0000000085100000| PB 0x0000000085100000| Untracked |  0
|  40|0x0000000085200000, 0x0000000085200000, 0x0000000085300000|  0%| F|  |TAMS 0x0000000085200000| PB 0x0000000085200000| Untracked |  0
|  41|0x0000000085300000, 0x0000000085300000, 0x0000000085400000|  0%| F|  |TAMS 0x0000000085300000| PB 0x0000000085300000| Untracked |  0
|  42|0x0000000085400000, 0x0000000085400000, 0x0000000085500000|  0%| F|  |TAMS 0x0000000085400000| PB 0x0000000085400000| Untracked |  0
|  43|0x0000000085500000, 0x0000000085500000, 0x0000000085600000|  0%| F|  |TAMS 0x0000000085500000| PB 0x0000000085500000| Untracked |  0
|  44|0x0000000085600000, 0x0000000085600000, 0x0000000085700000|  0%| F|  |TAMS 0x0000000085600000| PB 0x0000000085600000| Untracked |  0
|  45|0x0000000085700000, 0x0000000085700000, 0x0000000085800000|  0%| F|  |TAMS 0x0000000085700000| PB 0x0000000085700000| Untracked |  0
|  46|0x0000000085800000, 0x0000000085800000, 0x0000000085900000|  0%| F|  |TAMS 0x0000000085800000| PB 0x0000000085800000| Untracked |  0
|  47|0x0000000085900000, 0x0000000085900000, 0x0000000085a00000|  0%| F|  |TAMS 0x0000000085900000| PB 0x0000000085900000| Untracked |  0
|  48|0x0000000085a00000, 0x0000000085a00000, 0x0000000085b00000|  0%| F|  |TAMS 0x0000000085a00000| PB 0x0000000085a00000| Untracked |  0
|  49|0x0000000085b00000, 0x0000000085b00000, 0x0000000085c00000|  0%| F|  |TAMS 0x0000000085b00000| PB 0x0000000085b00000| Untracked |  0
|  50|0x0000000085c00000, 0x0000000085c00000, 0x0000000085d00000|  0%| F|  |TAMS 0x0000000085c00000| PB 0x0000000085c00000| Untracked |  0
|  51|0x0000000085d00000, 0x0000000085d00000, 0x0000000085e00000|  0%| F|  |TAMS 0x0000000085d00000| PB 0x0000000085d00000| Untracked |  0
|  52|0x0000000085e00000, 0x0000000085e00000, 0x0000000085f00000|  0%| F|  |TAMS 0x0000000085e00000| PB 0x0000000085e00000| Untracked |  0
|  53|0x0000000085f00000, 0x0000000085f00000, 0x0000000086000000|  0%| F|  |TAMS 0x0000000085f00000| PB 0x0000000085f00000| Untracked |  0
|  54|0x0000000086000000, 0x0000000086000000, 0x0000000086100000|  0%| F|  |TAMS 0x0000000086000000| PB 0x0000000086000000| Untracked |  0
|  55|0x0000000086100000, 0x0000000086100000, 0x0000000086200000|  0%| F|  |TAMS 0x0000000086100000| PB 0x0000000086100000| Untracked |  0
|  56|0x0000000086200000, 0x0000000086200000, 0x0000000086300000|  0%| F|  |TAMS 0x0000000086200000| PB 0x0000000086200000| Untracked |  0
|  57|0x0000000086300000, 0x0000000086300000, 0x0000000086400000|  0%| F|  |TAMS 0x0000000086300000| PB 0x0000000086300000| Untracked |  0
|  58|0x0000000086400000, 0x0000000086400000, 0x0000000086500000|  0%| F|  |TAMS 0x0000000086400000| PB 0x0000000086400000| Untracked |  0
|  59|0x0000000086500000, 0x0000000086500000, 0x0000000086600000|  0%| F|  |TAMS 0x0000000086500000| PB 0x0000000086500000| Untracked |  0
|  60|0x0000000086600000, 0x0000000086600000, 0x0000000086700000|  0%| F|  |TAMS 0x0000000086600000| PB 0x0000000086600000| Untracked |  0
|  61|0x0000000086700000, 0x0000000086700000, 0x0000000086800000|  0%| F|  |TAMS 0x0000000086700000| PB 0x0000000086700000| Untracked |  0
|  62|0x0000000086800000, 0x0000000086800000, 0x0000000086900000|  0%| F|  |TAMS 0x0000000086800000| PB 0x0000000086800000| Untracked |  0
|  63|0x0000000086900000, 0x0000000086900000, 0x0000000086a00000|  0%| F|  |TAMS 0x0000000086900000| PB 0x0000000086900000| Untracked |  0
|  64|0x0000000086a00000, 0x0000000086a00000, 0x0000000086b00000|  0%| F|  |TAMS 0x0000000086a00000| PB 0x0000000086a00000| Untracked |  0
|  65|0x0000000086b00000, 0x0000000086b00000, 0x0000000086c00000|  0%| F|  |TAMS 0x0000000086b00000| PB 0x0000000086b00000| Untracked |  0
|  66|0x0000000086c00000, 0x0000000086c00000, 0x0000000086d00000|  0%| F|  |TAMS 0x0000000086c00000| PB 0x0000000086c00000| Untracked |  0
|  67|0x0000000086d00000, 0x0000000086d00000, 0x0000000086e00000|  0%| F|  |TAMS 0x0000000086d00000| PB 0x0000000086d00000| Untracked |  0
|  68|0x0000000086e00000, 0x0000000086e00000, 0x0000000086f00000|  0%| F|  |TAMS 0x0000000086e00000| PB 0x0000000086e00000| Untracked |  0
|  69|0x0000000086f00000, 0x0000000086f00000, 0x0000000087000000|  0%| F|  |TAMS 0x0000000086f00000| PB 0x0000000086f00000| Untracked |  0
|  70|0x0000000087000000, 0x0000000087000000, 0x0000000087100000|  0%| F|  |TAMS 0x0000000087000000| PB 0x0000000087000000| Untracked |  0
|  71|0x0000000087100000, 0x0000000087100000, 0x0000000087200000|  0%| F|  |TAMS 0x0000000087100000| PB 0x0000000087100000| Untracked |  0
|  72|0x0000000087200000, 0x0000000087200000, 0x0000000087300000|  0%| F|  |TAMS 0x0000000087200000| PB 0x0000000087200000| Untracked |  0
|  73|0x0000000087300000, 0x0000000087300000, 0x0000000087400000|  0%| F|  |TAMS 0x0000000087300000| PB 0x0000000087300000| Untracked |  0
|  74|0x0000000087400000, 0x0000000087400000, 0x0000000087500000|  0%| F|  |TAMS 0x0000000087400000| PB 0x0000000087400000| Untracked |  0
|  75|0x0000000087500000, 0x0000000087500000, 0x0000000087600000|  0%| F|  |TAMS 0x0000000087500000| PB 0x0000000087500000| Untracked |  0
|  76|0x0000000087600000, 0x0000000087600000, 0x0000000087700000|  0%| F|  |TAMS 0x0000000087600000| PB 0x0000000087600000| Untracked |  0
|  77|0x0000000087700000, 0x0000000087700000, 0x0000000087800000|  0%| F|  |TAMS 0x0000000087700000| PB 0x0000000087700000| Untracked |  0
|  78|0x0000000087800000, 0x0000000087800000, 0x0000000087900000|  0%| F|  |TAMS 0x0000000087800000| PB 0x0000000087800000| Untracked |  0
|  79|0x0000000087900000, 0x0000000087900000, 0x0000000087a00000|  0%| F|  |TAMS 0x0000000087900000| PB 0x0000000087900000| Untracked |  0
|  80|0x0000000087a00000, 0x0000000087a00000, 0x0000000087b00000|  0%| F|  |TAMS 0x0000000087a00000| PB 0x0000000087a00000| Untracked |  0
|  81|0x0000000087b00000, 0x0000000087b00000, 0x0000000087c00000|  0%| F|  |TAMS 0x0000000087b00000| PB 0x0000000087b00000| Untracked |  0
|  82|0x0000000087c00000, 0x0000000087c00000, 0x0000000087d00000|  0%| F|  |TAMS 0x0000000087c00000| PB 0x0000000087c00000| Untracked |  0
|  83|0x0000000087d00000, 0x0000000087d00000, 0x0000000087e00000|  0%| F|  |TAMS 0x0000000087d00000| PB 0x0000000087d00000| Untracked |  0
|  84|0x0000000087e00000, 0x0000000087e00000, 0x0000000087f00000|  0%| F|  |TAMS 0x0000000087e00000| PB 0x0000000087e00000| Untracked |  0
|  85|0x0000000087f00000, 0x0000000087f00000, 0x0000000088000000|  0%| F|  |TAMS 0x0000000087f00000| PB 0x0000000087f00000| Untracked |  0
|  86|0x0000000088000000, 0x0000000088000000, 0x0000000088100000|  0%| F|  |TAMS 0x0000000088000000| PB 0x0000000088000000| Untracked |  0
|  87|0x0000000088100000, 0x0000000088100000, 0x0000000088200000|  0%| F|  |TAMS 0x0000000088100000| PB 0x0000000088100000| Untracked |  0
|  88|0x0000000088200000, 0x0000000088200000, 0x0000000088300000|  0%| F|  |TAMS 0x0000000088200000| PB 0x0000000088200000| Untracked |  0
|  89|0x0000000088300000, 0x0000000088300000, 0x0000000088400000|  0%| F|  |TAMS 0x0000000088300000| PB 0x0000000088300000| Untracked |  0
|  90|0x0000000088400000, 0x0000000088400000, 0x0000000088500000|  0%| F|  |TAMS 0x0000000088400000| PB 0x0000000088400000| Untracked |  0
|  91|0x0000000088500000, 0x0000000088500000, 0x0000000088600000|  0%| F|  |TAMS 0x0000000088500000| PB 0x0000000088500000| Untracked |  0
|  92|0x0000000088600000, 0x0000000088600000, 0x0000000088700000|  0%| F|  |TAMS 0x0000000088600000| PB 0x0000000088600000| Untracked |  0
|  93|0x0000000088700000, 0x0000000088700000, 0x0000000088800000|  0%| F|  |TAMS 0x0000000088700000| PB 0x0000000088700000| Untracked |  0
|  94|0x0000000088800000, 0x0000000088800000, 0x0000000088900000|  0%| F|  |TAMS 0x0000000088800000| PB 0x0000000088800000| Untracked |  0
|  95|0x0000000088900000, 0x0000000088900000, 0x0000000088a00000|  0%| F|  |TAMS 0x0000000088900000| PB 0x0000000088900000| Untracked |  0
|  96|0x0000000088a00000, 0x0000000088a00000, 0x0000000088b00000|  0%| F|  |TAMS 0x0000000088a00000| PB 0x0000000088a00000| Untracked |  0
|  97|0x0000000088b00000, 0x0000000088b00000, 0x0000000088c00000|  0%| F|  |TAMS 0x0000000088b00000| PB 0x0000000088b00000| Untracked |  0
|  98|0x0000000088c00000, 0x0000000088c00000, 0x0000000088d00000|  0%| F|  |TAMS 0x0000000088c00000| PB 0x0000000088c00000| Untracked |  0
|  99|0x0000000088d00000, 0x0000000088d00000, 0x0000000088e00000|  0%| F|  |TAMS 0x0000000088d00000| PB 0x0000000088d00000| Untracked |  0
| 100|0x0000000088e00000, 0x0000000088e00000, 0x0000000088f00000|  0%| F|  |TAMS 0x0000000088e00000| PB 0x0000000088e00000| Untracked |  0
| 101|0x0000000088f00000, 0x0000000088f00000, 0x0000000089000000|  0%| F|  |TAMS 0x0000000088f00000| PB 0x0000000088f00000| Untracked |  0
| 102|0x0000000089000000, 0x0000000089000000, 0x0000000089100000|  0%| F|  |TAMS 0x0000000089000000| PB 0x0000000089000000| Untracked |  0
| 103|0x0000000089100000, 0x0000000089100000, 0x0000000089200000|  0%| F|  |TAMS 0x0000000089100000| PB 0x0000000089100000| Untracked |  0
| 104|0x0000000089200000, 0x0000000089200000, 0x0000000089300000|  0%| F|  |TAMS 0x0000000089200000| PB 0x0000000089200000| Untracked |  0
| 105|0x0000000089300000, 0x0000000089300000, 0x0000000089400000|  0%| F|  |TAMS 0x0000000089300000| PB 0x0000000089300000| Untracked |  0
| 106|0x0000000089400000, 0x0000000089400000, 0x0000000089500000|  0%| F|  |TAMS 0x0000000089400000| PB 0x0000000089400000| Untracked |  0
| 107|0x0000000089500000, 0x0000000089500000, 0x0000000089600000|  0%| F|  |TAMS 0x0000000089500000| PB 0x0000000089500000| Untracked |  0
| 108|0x0000000089600000, 0x0000000089600000, 0x0000000089700000|  0%| F|  |TAMS 0x0000000089600000| PB 0x0000000089600000| Untracked |  0
| 109|0x0000000089700000, 0x0000000089700000, 0x0000000089800000|  0%| F|  |TAMS 0x0000000089700000| PB 0x0000000089700000| Untracked |  0
| 110|0x0000000089800000, 0x0000000089800000, 0x0000000089900000|  0%| F|  |TAMS 0x0000000089800000| PB 0x0000000089800000| Untracked |  0
| 111|0x0000000089900000, 0x0000000089900000, 0x0000000089a00000|  0%| F|  |TAMS 0x0000000089900000| PB 0x0000000089900000| Untracked |  0
| 112|0x0000000089a00000, 0x0000000089a00000, 0x0000000089b00000|  0%| F|  |TAMS 0x0000000089a00000| PB 0x0000000089a00000| Untracked |  0
| 113|0x0000000089b00000, 0x0000000089b00000, 0x0000000089c00000|  0%| F|  |TAMS 0x0000000089b00000| PB 0x0000000089b00000| Untracked |  0
| 114|0x0000000089c00000, 0x0000000089c00000, 0x0000000089d00000|  0%| F|  |TAMS 0x0000000089c00000| PB 0x0000000089c00000| Untracked |  0
| 115|0x0000000089d00000, 0x0000000089d00000, 0x0000000089e00000|  0%| F|  |TAMS 0x0000000089d00000| PB 0x0000000089d00000| Untracked |  0
| 116|0x0000000089e00000, 0x0000000089e00000, 0x0000000089f00000|  0%| F|  |TAMS 0x0000000089e00000| PB 0x0000000089e00000| Untracked |  0
| 117|0x0000000089f00000, 0x0000000089f00000, 0x000000008a000000|  0%| F|  |TAMS 0x0000000089f00000| PB 0x0000000089f00000| Untracked |  0
| 118|0x000000008a000000, 0x000000008a000000, 0x000000008a100000|  0%| F|  |TAMS 0x000000008a000000| PB 0x000000008a000000| Untracked |  0
| 119|0x000000008a100000, 0x000000008a100000, 0x000000008a200000|  0%| F|  |TAMS 0x000000008a100000| PB 0x000000008a100000| Untracked |  0
| 120|0x000000008a200000, 0x000000008a200000, 0x000000008a300000|  0%| F|  |TAMS 0x000000008a200000| PB 0x000000008a200000| Untracked |  0
| 121|0x000000008a300000, 0x000000008a380000, 0x000000008a400000| 50%| E|  |TAMS 0x000000008a300000| PB 0x000000008a300000| Complete |  0
| 122|0x000000008a400000, 0x000000008a500000, 0x000000008a500000|100%| E|CS|TAMS 0x000000008a400000| PB 0x000000008a400000| Complete |  0
| 123|0x000000008a500000, 0x000000008a600000, 0x000000008a600000|100%| E|CS|TAMS 0x000000008a500000| PB 0x000000008a500000| Complete |  0
| 124|0x000000008a600000, 0x000000008a700000, 0x000000008a700000|100%| E|CS|TAMS 0x000000008a600000| PB 0x000000008a600000| Complete |  0
| 125|0x000000008a700000, 0x000000008a800000, 0x000000008a800000|100%| E|CS|TAMS 0x000000008a700000| PB 0x000000008a700000| Complete |  0
|2004|0x00000000ffe00000, 0x00000000fff00000, 0x00000000fff00000|100%| O|  |TAMS 0x00000000ffe00000| PB 0x00000000ffe00000| Untracked |  0
|2005|0x00000000fff00000, 0x00000000fff1c2f8, 0x0000000100000000| 11%| O|  |TAMS 0x00000000fff00000| PB 0x00000000fff00000| Untracked |  0

Card table byte_map: [0x000000001ac40000,0x000000001b030000] _byte_map_base: 0x000000001a82b000

Marking Bits: (CMBitMap*) 0x0000000002a75090
 Bits: [0x000000001b030000, 0x000000001cf88000)

Polling page: 0x0000000000710000

Metaspace:

Usage:
  Non-class:      2.52 MB used.
      Class:    186.42 KB used.
       Both:      2.71 MB used.

Virtual space:
  Non-class space:       64.00 MB reserved,       2.56 MB (  4%) committed,  1 nodes.
      Class space:        1.00 GB reserved,     256.00 KB ( <1%) committed,  1 nodes.
             Both:        1.06 GB reserved,       2.81 MB ( <1%) committed. 

Chunk freelists:
   Non-Class:  11.96 MB
       Class:  15.73 MB
        Both:  27.69 MB

MaxMetaspaceSize: unlimited
CompressedClassSpaceSize: 1.00 GB
Initial GC threshold: 21.00 MB
Current GC threshold: 21.00 MB
CDS: on
 - commit_granule_bytes: 65536.
 - commit_granule_words: 8192.
 - virtual_space_node_default_size: 8388608.
 - enlarge_chunks_in_place: 1.
UseCompressedClassPointers 1, UseCompactObjectHeaders 0
Narrow klass pointer bits 32, Max shift 3
Narrow klass base: 0x0000000020000000, Narrow klass shift: 0
Encoding Range: [0x0000000020000000 - 0x0000000120000000), (4294967296 bytes)
Klass Range:    [0x0000000020000000 - 0x0000000061000000), (1090519040 bytes)
Klass ID Range:  [8 - 1090519033) (1090519025)


Internal statistics:

num_allocs_failed_limit: 0.
num_arena_births: 30.
num_arena_deaths: 0.
num_vsnodes_births: 2.
num_vsnodes_deaths: 0.
num_space_committed: 45.
num_space_uncommitted: 0.
num_chunks_returned_to_freelist: 0.
num_chunks_taken_from_freelist: 35.
num_chunk_merges: 0.
num_chunk_splits: 23.
num_chunks_enlarged: 12.
num_inconsistent_stats: 0.

CodeHeap 'non-profiled nmethods': size=120064Kb used=119Kb max_used=119Kb free=119944Kb
 bounds [0x0000000012fe0000, 0x0000000013250000, 0x000000001a520000]
CodeHeap 'profiled nmethods': size=120000Kb used=435Kb max_used=435Kb free=119564Kb
 bounds [0x000000000b520000, 0x000000000b790000, 0x0000000012a50000]
CodeHeap 'non-nmethods': size=5696Kb used=1301Kb max_used=1301Kb free=4394Kb
 bounds [0x0000000012a50000, 0x0000000012cc0000, 0x0000000012fe0000]
CodeCache: size=245760Kb, used=1855Kb, max_used=1855Kb, free=243902Kb
 total_blobs=858, nmethods=389, adapters=375, full_count=0
Compilation: enabled, stopped_count=0, restarted_count=0

Compilation events (20 events):
Event: 0.179 Thread 0x0000000061827360 nmethod 372 0x000000000b588b08 code [0x000000000b588c20, 0x000000000b588de0]
Event: 0.179 Thread 0x0000000061827360  373       3       java.util.Arrays::copyOf (40 bytes)
Event: 0.180 Thread 0x0000000061827360 nmethod 373 0x000000000b588e08 code [0x000000000b588f80, 0x000000000b589708]
Event: 0.180 Thread 0x0000000061827360  378       3       jdk.internal.classfile.impl.SplitConstantPool::utf8Entry (6 bytes)
Event: 0.180 Thread 0x0000000061827360 nmethod 378 0x000000000b589788 code [0x000000000b5898a0, 0x000000000b589a58]
Event: 0.180 Thread 0x0000000061827360  379       3       jdk.internal.classfile.impl.BufWriterImpl::cpIndex (33 bytes)
Event: 0.181 Thread 0x0000000061827360 nmethod 379 0x000000000b589a88 code [0x000000000b589ce0, 0x000000000b58adf8]
Event: 0.181 Thread 0x0000000061827360  380       3       jdk.internal.util.Preconditions::checkFromIndexSize (25 bytes)
Event: 0.181 Thread 0x0000000061827360 nmethod 380 0x000000000b58ae88 code [0x000000000b58afa0, 0x000000000b58b138]
Event: 0.181 Thread 0x0000000061827360  381       3       java.lang.String::checkBoundsOffCount (10 bytes)
Event: 0.181 Thread 0x0000000061827360 nmethod 381 0x000000000b58b188 code [0x000000000b58b2c0, 0x000000000b58b4b8]
Event: 0.181 Thread 0x0000000061827360  382       1       java.lang.invoke.MethodHandles$Lookup::previousLookupClass (5 bytes)
Event: 0.181 Thread 0x0000000061827360 nmethod 382 0x0000000012ffd488 code [0x0000000012ffd580, 0x0000000012ffd648]
Event: 0.181 Thread 0x0000000061827360  384       3       java.lang.invoke.MemberName::flagsMods (45 bytes)
Event: 0.181 Thread 0x0000000061827360 nmethod 384 0x000000000b58b508 code [0x000000000b58b620, 0x000000000b58b728]
Event: 0.181 Thread 0x0000000061827360  385       3       java.lang.invoke.MemberName::init (53 bytes)
Event: 0.181 Thread 0x0000000061827360 nmethod 385 0x000000000b58b808 code [0x000000000b58b920, 0x000000000b58bb50]
Event: 0.182 Thread 0x0000000061827360  387       3       jdk.internal.classfile.impl.StackMapGenerator$Frame::pushStack (27 bytes)
Event: 0.182 Thread 0x0000000061827360 nmethod 387 0x000000000b58bb88 code [0x000000000b58bcc0, 0x000000000b58bfa8]
Event: 0.182 Thread 0x0000000061827360  389       3       java.lang.String::getBytes (60 bytes)

GC Heap History (0 events):
No events

Dll operation events (7 events):
Event: 0.010 Loaded shared library C:\Program Files\Apache NetBeans\jdk\bin\java.dll
Event: 0.039 Loaded shared library C:\Program Files\Apache NetBeans\jdk\bin\jsvml.dll
Event: 0.068 Loaded shared library C:\Program Files\Apache NetBeans\jdk\bin\net.dll
Event: 0.069 Loaded shared library C:\Program Files\Apache NetBeans\jdk\bin\nio.dll
Event: 0.095 Loaded shared library C:\Program Files\Apache NetBeans\jdk\bin\zip.dll
Event: 0.106 Loaded shared library C:\Program Files\Apache NetBeans\jdk\bin\jimage.dll
Event: 0.116 Loaded shared library C:\Program Files\Apache NetBeans\jdk\bin\awt.dll

Deoptimization events (4 events):
Event: 0.081 Thread 0x000000000044e490 Uncommon trap: trap_request=0xfffffff4 fr.pc=0x0000000012fed914 relative=0x00000000000001f4
Event: 0.081 Thread 0x000000000044e490 Uncommon trap: reason=null_check action=make_not_entrant pc=0x0000000012fed914 method=java.lang.String.equals(Ljava/lang/Object;)Z @ 8 c2
Event: 0.081 Thread 0x000000000044e490 DEOPT PACKING pc=0x0000000012fed914 sp=0x00000000020ceb50
Event: 0.081 Thread 0x000000000044e490 DEOPT UNPACKING pc=0x0000000012b64c02 sp=0x00000000020ceae8 mode 2

Classes loaded (20 events):
Event: 0.179 Loading class java/lang/WrongThreadException done
Event: 0.179 Loading class jdk/internal/foreign/GlobalSession
Event: 0.179 Loading class jdk/internal/foreign/GlobalSession done
Event: 0.179 Loading class jdk/internal/foreign/ArenaImpl
Event: 0.179 Loading class jdk/internal/foreign/ArenaImpl done
Event: 0.179 Loading class jdk/internal/foreign/ImplicitSession
Event: 0.179 Loading class jdk/internal/foreign/SharedSession
Event: 0.179 Loading class jdk/internal/foreign/SharedSession done
Event: 0.179 Loading class jdk/internal/foreign/ImplicitSession done
Event: 0.179 Loading class jdk/internal/foreign/Utils
Event: 0.179 Loading class jdk/internal/foreign/Utils done
Event: 0.180 Loading class jdk/internal/foreign/abi/SharedUtils
Event: 0.181 Loading class jdk/internal/foreign/abi/SharedUtils done
Event: 0.181 Loading class java/lang/foreign/MemorySegment
Event: 0.181 Loading class java/lang/foreign/MemorySegment done
Event: 0.182 Loading class java/lang/foreign/AddressLayout
Event: 0.182 Loading class java/lang/foreign/ValueLayout
Event: 0.182 Loading class java/lang/foreign/MemoryLayout
Event: 0.182 Loading class java/lang/foreign/MemoryLayout done
Event: 0.182 Loading class java/lang/foreign/ValueLayout done

Classes unloaded (0 events):
No events

Classes redefined (0 events):
No events

Internal exceptions (11 events):
Event: 0.070 Thread 0x000000000044e490 Exception <a 'sun/nio/fs/WindowsException'{0x000000008a6d92c0}> (0x000000008a6d92c0) 
thrown [s\src\hotspot\share\prims\jni.cpp, line 518]
Event: 0.072 Thread 0x000000000044e490 Exception <a 'sun/nio/fs/WindowsException'{0x000000008a6db830}> (0x000000008a6db830) 
thrown [s\src\hotspot\share\prims\jni.cpp, line 518]
Event: 0.072 Thread 0x000000000044e490 Exception <a 'sun/nio/fs/WindowsException'{0x000000008a6dc388}> (0x000000008a6dc388) 
thrown [s\src\hotspot\share\prims\jni.cpp, line 518]
Event: 0.081 Thread 0x000000000044e490 Implicit null exception at 0x0000000012fed753 to 0x0000000012fed904
Event: 0.111 Thread 0x000000000044e490 Exception <a 'java/lang/ClassNotFoundException'{0x000000008a426fb0}: sun/awt/resources/spi/awtProvider> (0x000000008a426fb0) 
thrown [s\src\hotspot\share\classfile\systemDictionary.cpp, line 327]
Event: 0.122 Thread 0x000000000044e490 Exception <a 'java/io/FileNotFoundException'{0x000000008a4476b8}> (0x000000008a4476b8) 
thrown [s\src\hotspot\share\prims\jni.cpp, line 518]
Event: 0.125 Thread 0x000000000044e490 Exception <a 'java/io/FileNotFoundException'{0x000000008a459fb8}> (0x000000008a459fb8) 
thrown [s\src\hotspot\share\prims\jni.cpp, line 518]
Event: 0.155 Thread 0x000000000044e490 Exception <a 'java/lang/NoSuchMethodError'{0x000000008a4a5020}: 'java.lang.Object java.lang.invoke.DirectMethodHandle$Holder.invokeStaticInit(java.lang.Object)'> (0x000000008a4a5020) 
thrown [s\src\hotspot\share\interpreter\linkResolver.cpp, line 805]
Event: 0.180 Thread 0x000000000044e490 Exception <a 'java/lang/NoSuchMethodError'{0x000000008a4d6850}: 'int java.lang.invoke.DirectMethodHandle$Holder.invokeStaticInit(java.lang.Object, int)'> (0x000000008a4d6850) 
thrown [s\src\hotspot\share\interpreter\linkResolver.cpp, line 805]
Event: 0.181 Thread 0x000000000044e490 Exception <a 'java/lang/NoSuchMethodError'{0x000000008a4df070}: 'long java.lang.invoke.DirectMethodHandle$Holder.invokeStatic(java.lang.Object, java.lang.Object)'> (0x000000008a4df070) 
thrown [s\src\hotspot\share\interpreter\linkResolver.cpp, line 805]
Event: 0.182 Thread 0x000000000044e490 Exception <a 'java/lang/NoSuchMethodError'{0x000000008a4e7090}: 'long java.lang.invoke.DirectMethodHandle$Holder.invokeStaticInit(java.lang.Object, java.lang.Object)'> (0x000000008a4e7090) 
thrown [s\src\hotspot\share\interpreter\linkResolver.cpp, line 805]

VM Operations (2 events):
Event: 0.073 Executing VM operation: HandshakeAllThreads (Deoptimize)
Event: 0.073 Executing VM operation: HandshakeAllThreads (Deoptimize) done

Memory protections (0 events):
No events

Nmethod flushes (0 events):
No events

Events (15 events):
Event: 0.026 Thread 0x000000000044e490 Thread added: 0x000000000044e490
Event: 0.036 Thread 0x000000000044e490 Thread added: 0x000000001f9c7e00
Event: 0.036 Thread 0x000000000044e490 Thread added: 0x000000001f9cb2c0
Event: 0.036 Thread 0x000000000044e490 Thread added: 0x000000001f9ce090
Event: 0.036 Thread 0x000000000044e490 Thread added: 0x000000001f9d0e50
Event: 0.036 Thread 0x000000000044e490 Thread added: 0x000000001f9d2c90
Event: 0.036 Thread 0x000000000044e490 Thread added: 0x000000001f9d4c00
Event: 0.037 Thread 0x000000000044e490 Thread added: 0x000000001f9de1c0
Event: 0.037 Thread 0x000000000044e490 Thread added: 0x0000000061827360
Event: 0.066 Thread 0x000000000044e490 Thread added: 0x0000000061926920
Event: 0.086 Thread 0x000000000044e490 Thread added: 0x000000006195bee0
Event: 0.093 Thread 0x0000000061827360 Thread added: 0x0000000061827af0
Event: 0.169 Thread 0x000000000044e490 Thread added: 0x0000000061bfe7f0
Event: 0.169 Thread 0x000000000044e490 Thread added: 0x00000000666d8360
Event: 0.170 Thread 0x000000000044e490 Thread added: 0x000000006633f5d0


Dynamic libraries:
0x00007ff704630000 - 0x00007ff70463e000 	C:\Program Files\Apache NetBeans\jdk\bin\java.exe
0x00007ffd3a860000 - 0x00007ffd3aac8000 	C:\WINDOWS\SYSTEM32\ntdll.dll
0x00007ffd29120000 - 0x00007ffd29140000 	C:\Program Files\Avast Software\Avast\aswhook.dll
0x00007ffd38a70000 - 0x00007ffd38b39000 	C:\WINDOWS\System32\KERNEL32.DLL
0x00007ffd37f40000 - 0x00007ffd3832d000 	C:\WINDOWS\System32\KERNELBASE.dll
0x00007ffd384b0000 - 0x00007ffd385fb000 	C:\WINDOWS\System32\ucrtbase.dll
0x00007ffce9f00000 - 0x00007ffce9f16000 	C:\Program Files\Apache NetBeans\jdk\bin\jli.dll
0x00007ffd38610000 - 0x00007ffd387dc000 	C:\WINDOWS\System32\USER32.dll
0x00007ffd383d0000 - 0x00007ffd383f7000 	C:\WINDOWS\System32\win32u.dll
0x00007ffd3a7f0000 - 0x00007ffd3a81b000 	C:\WINDOWS\System32\GDI32.dll
0x00007ffd37d40000 - 0x00007ffd37e77000 	C:\WINDOWS\System32\gdi32full.dll
0x00007ffd38400000 - 0x00007ffd384a3000 	C:\WINDOWS\System32\msvcp_win.dll
0x00007ffcef7b0000 - 0x00007ffcef7ce000 	C:\Program Files\Apache NetBeans\jdk\bin\VCRUNTIME140.dll
0x00007ffd28b40000 - 0x00007ffd28dda000 	C:\WINDOWS\WinSxS\amd64_microsoft.windows.common-controls_6595b64144ccf1df_6.0.26100.4484_none_3e0e6d4ce32ef3b3\COMCTL32.dll
0x00007ffd38bd0000 - 0x00007ffd38c79000 	C:\WINDOWS\System32\msvcrt.dll
0x00007ffd395b0000 - 0x00007ffd395df000 	C:\WINDOWS\System32\IMM32.DLL
0x00007ffd234b0000 - 0x00007ffd234bc000 	C:\Program Files\Apache NetBeans\jdk\bin\vcruntime140_1.dll
0x00007ffcc64b0000 - 0x00007ffcc653d000 	C:\Program Files\Apache NetBeans\jdk\bin\msvcp140.dll
0x00007ffc90520000 - 0x00007ffc9139c000 	C:\Program Files\Apache NetBeans\jdk\bin\server\jvm.dll
0x00007ffd39d40000 - 0x00007ffd39df4000 	C:\WINDOWS\System32\ADVAPI32.dll
0x00007ffd3a560000 - 0x00007ffd3a606000 	C:\WINDOWS\System32\sechost.dll
0x00007ffd38e40000 - 0x00007ffd38f58000 	C:\WINDOWS\System32\RPCRT4.dll
0x00007ffd387f0000 - 0x00007ffd38864000 	C:\WINDOWS\System32\WS2_32.dll
0x00007ffd37800000 - 0x00007ffd3785e000 	C:\WINDOWS\SYSTEM32\POWRPROF.dll
0x00007ffd19270000 - 0x00007ffd192a5000 	C:\WINDOWS\SYSTEM32\WINMM.dll
0x00007ffd252a0000 - 0x00007ffd252ab000 	C:\WINDOWS\SYSTEM32\VERSION.dll
0x00007ffd377e0000 - 0x00007ffd377f4000 	C:\WINDOWS\SYSTEM32\UMPDC.dll
0x00007ffd36710000 - 0x00007ffd3672b000 	C:\WINDOWS\SYSTEM32\kernel.appcore.dll
0x00007ffd1f4f0000 - 0x00007ffd1f4fa000 	C:\Program Files\Apache NetBeans\jdk\bin\jimage.dll
0x00007ffd32060000 - 0x00007ffd322a1000 	C:\WINDOWS\SYSTEM32\DBGHELP.DLL
0x00007ffd38f60000 - 0x00007ffd392e6000 	C:\WINDOWS\System32\combase.dll
0x00007ffd3a460000 - 0x00007ffd3a540000 	C:\WINDOWS\System32\OLEAUT32.dll
0x00007ffd24430000 - 0x00007ffd24473000 	C:\WINDOWS\SYSTEM32\dbgcore.DLL
0x00007ffd38330000 - 0x00007ffd383c9000 	C:\WINDOWS\System32\bcryptPrimitives.dll
0x00007ffcef6f0000 - 0x00007ffcef70e000 	C:\Program Files\Apache NetBeans\jdk\bin\java.dll
0x00007ffd39400000 - 0x00007ffd3959e000 	C:\WINDOWS\System32\ole32.dll
0x00007ffd395f0000 - 0x00007ffd39d3a000 	C:\WINDOWS\System32\SHELL32.dll
0x00007ffd379b0000 - 0x00007ffd37b24000 	C:\WINDOWS\System32\wintypes.dll
0x00007ffd354b0000 - 0x00007ffd35d0b000 	C:\WINDOWS\SYSTEM32\windows.storage.dll
0x00007ffd38c80000 - 0x00007ffd38d75000 	C:\WINDOWS\System32\SHCORE.dll
0x00007ffd38b40000 - 0x00007ffd38baa000 	C:\WINDOWS\System32\shlwapi.dll
0x00007ffd378c0000 - 0x00007ffd378ef000 	C:\WINDOWS\SYSTEM32\profapi.dll
0x00007ffcd85f0000 - 0x00007ffcd86c7000 	C:\Program Files\Apache NetBeans\jdk\bin\jsvml.dll
0x00007ffcfb290000 - 0x00007ffcfb2a0000 	C:\Program Files\Apache NetBeans\jdk\bin\net.dll
0x00007ffd36c90000 - 0x00007ffd36cfa000 	C:\WINDOWS\system32\mswsock.dll
0x00007ffcc6540000 - 0x00007ffcc6556000 	C:\Program Files\Apache NetBeans\jdk\bin\nio.dll
0x00007ffcd6410000 - 0x00007ffcd6427000 	C:\Program Files\Apache NetBeans\jdk\bin\zip.dll
0x00007ffcb68d0000 - 0x00007ffcb6a4e000 	C:\Program Files\Apache NetBeans\jdk\bin\awt.dll
0x00007ffd31560000 - 0x00007ffd315fe000 	C:\WINDOWS\SYSTEM32\apphelp.dll
0x00007ffd31e30000 - 0x00007ffd31e66000 	C:\WINDOWS\system32\DWMAPI.DLL
0x00007ffd31a20000 - 0x00007ffd31acf000 	C:\WINDOWS\system32\uxtheme.dll
0x00007ffcf8bf0000 - 0x00007ffcf8d08000 	C:\WINDOWS\system32\opengl32.dll
0x00007ffd23420000 - 0x00007ffd2344d000 	C:\WINDOWS\SYSTEM32\GLU32.dll
0x00007ffd31b20000 - 0x00007ffd31b6d000 	C:\WINDOWS\SYSTEM32\dxcore.dll
0x00007ffd3a2f0000 - 0x00007ffd3a450000 	C:\WINDOWS\System32\MSCTF.dll

JVMTI agents: none

dbghelp: loaded successfully - version: 4.0.5 - missing functions: none
symbol engine: initialized successfully - sym options: 0x614 - pdb path: .;C:\Program Files\Apache NetBeans\jdk\bin;C:\WINDOWS\SYSTEM32;C:\Program Files\Avast Software\Avast;C:\WINDOWS\WinSxS\amd64_microsoft.windows.common-controls_6595b64144ccf1df_6.0.26100.4484_none_3e0e6d4ce32ef3b3;C:\Program Files\Apache NetBeans\jdk\bin\server

VM Arguments:
jvm_args: -Dfile.encoding=UTF-8 --module-path=C:\Users\MANU TYAGI\Documents\NetBeansProjects\Hotel Management System\build\classes 
java_command: hotel.management.system.UpdateCheck
java_class_path (initial): C:\Users\MANU TYAGI\Downloads;C:\Users\MANU TYAGI\Documents\mysql-connector-java-8.0.28.jar;C:\Users\MANU TYAGI\Documents\rs2xml.jar;C:\Users\MANU TYAGI\Documents\NetBeansProjects\Hotel Management System\build\classes
Launcher Type: SUN_STANDARD

[Global flags]
     intx CICompilerCount                          = 4                                         {product} {ergonomic}
     uint ConcGCThreads                            = 2                                         {product} {ergonomic}
     uint G1ConcRefinementThreads                  = 8                                         {product} {ergonomic}
   size_t G1HeapRegionSize                         = 1048576                                   {product} {ergonomic}
   size_t InitialHeapSize                          = 132120576                                 {product} {ergonomic}
   size_t MarkStackSize                            = 4194304                                   {product} {ergonomic}
   size_t MarkStackSizeMax                         = 536870912                                 {product} {ergonomic}
   size_t MaxHeapSize                              = 2103443456                                {product} {ergonomic}
   size_t MaxNewSize                               = 1261436928                                {product} {ergonomic}
   size_t MinHeapDeltaBytes                        = 1048576                                   {product} {ergonomic}
   size_t MinHeapSize                              = 8388608                                   {product} {ergonomic}
    uintx NonNMethodCodeHeapSize                   = 5832704                                {pd product} {ergonomic}
    uintx NonProfiledCodeHeapSize                  = 122945536                              {pd product} {ergonomic}
    uintx ProfiledCodeHeapSize                     = 122880000                              {pd product} {ergonomic}
    uintx ReservedCodeCacheSize                    = 251658240                              {pd product} {ergonomic}
     bool SegmentedCodeCache                       = true                                      {product} {ergonomic}
   size_t SoftMaxHeapSize                          = 2103443456                             {manageable} {ergonomic}
     bool UseCompressedOops                        = true                           {product lp64_product} {ergonomic}
     bool UseG1GC                                  = true                                      {product} {ergonomic}
     bool UseLargePagesIndividualAllocation        = false                                  {pd product} {ergonomic}

Logging:
Log output configuration:
 #0: stdout all=warning uptime,level,tags foldmultilines=false
 #1: stderr all=off uptime,level,tags foldmultilines=false

Environment Variables:
PATH=C:\Program Files\Common Files\Oracle\Java\javapath;C:\WINDOWS\system32;C:\WINDOWS;C:\WINDOWS\System32\Wbem;C:\WINDOWS\System32\WindowsPowerShell\v1.0\;C:\WINDOWS\System32\OpenSSH\;C:\MinGW\bin;C:\Program Files\Microsoft SQL Server\Client SDK\ODBC\170\Tools\Binn\;C:\Program Files (x86)\Microsoft SQL Server\150\Tools\Binn\;C:\Program Files\Microsoft SQL Server\150\Tools\Binn\;C:\Program Files\Microsoft SQL Server\150\DTS\Binn\;C:\Program Files\dotnet\;C:\Program Files (x86)\Windows Kits\10\Windows Performance Toolkit\;C:\Program Files\Java\jdk-17\bin;C:\Program Files\MySQL\MySQL Shell 8.0\bin\;C:\Users\MANU TYAGI\AppData\Local\Microsoft\WindowsApps;D:\Microsoft VS Code\bin;
USERNAME=MANU TYAGI
OS=Windows_NT
PROCESSOR_IDENTIFIER=Intel64 Family 6 Model 142 Stepping 12, GenuineIntel
TMP=C:\Users\MANUTY~1\AppData\Local\Temp
TEMP=C:\Users\MANUTY~1\AppData\Local\Temp




Periodic native trim disabled

---------------  S Y S T E M  ---------------

OS:
 Windows 11 , 64 bit Build 26100 (10.0.26100.4484)
OS uptime: 0 days 17:08 hours
Hyper-V role detected

CPU: total 8 (initial active 8) (4 cores per cpu, 2 threads per core) family 6 model 142 stepping 12 microcode 0xde, cx8, cmov, fxsr, ht, mmx, 3dnowpref, sse, sse2, sse3, ssse3, sse4.1, sse4.2, popcnt, lzcnt, tsc, tscinvbit, avx, avx2, aes, erms, clmul, bmi1, bmi2, adx, fma, vzeroupper, clflush, clflushopt, hv, rdtscp, f16c
Processor Information for the first 8 processors :
  Max Mhz: 2112, Current Mhz: 1609, Mhz Limit: 1605

Memory: 4k page, system-wide physical 8022M (926M free)
TotalPageFile size 19363M (AvailPageFile size 4M)
current process WorkingSet (physical memory assigned to process): 55M, peak: 55M
current process commit charge ("private bytes"): 220M, peak: 220M

vm_info: OpenJDK 64-Bit Server VM (24.0.1+9) for windows-amd64 JRE (24.0.1+9) (Zulu24.30+11-CA), built on 2025-03-21T13:52:34Z with MS VC++ 17.1 (VS2022)

END.
