#
# There is insufficient memory for the Java Runtime Environment to continue.
# Native memory allocation (mmap) failed to map 1048576 bytes. Error detail: G1 virtual space
# Possible reasons:
#   The system is out of physical RAM or swap space
#   This process is running with CompressedOops enabled, and the Java Heap may be blocking the growth of the native heap
# Possible solutions:
#   Reduce memory load on the system
#   Increase physical memory or swap space
#   Check if swap backing store is full
#   Decrease Java heap size (-Xmx/-Xms)
#   Decrease number of Java threads
#   Decrease Java thread stack sizes (-Xss)
#   Set larger code cache with -XX:ReservedCodeCacheSize=
#   JVM is running with Unscaled Compressed Oops mode in which the Java heap is
#     placed in the first 4GB address space. The Java Heap base address is the
#     maximum limit for the native heap growth. Please use -XX:HeapBaseMinAddress
#     to set the Java Heap base and to place the Java Heap above 4GB virtual address.
# This output file may be truncated or incomplete.
#
#  Out of Memory Error (os_windows.cpp:3564), pid=2388, tid=23924
#
# JRE version:  (24.0.1+9) (build )
# Java VM: OpenJDK 64-Bit Server VM (24.0.1+9, mixed mode, sharing, tiered, compressed oops, compressed class ptrs, g1 gc, windows-amd64)
# No core dump will be written. Minidumps are not enabled by default on client versions of Windows
#

---------------  S U M M A R Y ------------

Command Line: -Dfile.encoding=UTF-8 --module-path=C:\Users\MANU TYAGI\Documents\NetBeansProjects\Hotel Management System\build\classes hotel.management.system.Room

Host: Intel(R) Core(TM) i5-10210U CPU @ 1.60GHz, 8 cores, 7G,  Windows 11 , 64 bit Build 26100 (10.0.26100.4484)
Time: Tue Jul 22 12:58:36 2025 India Standard Time elapsed time: 0.036545 seconds (0d 0h 0m 0s)

---------------  T H R E A D  ---------------

Current thread (0x00000000004b04d0):  JavaThread "Unknown thread" [_thread_in_vm, id=23924, stack(0x0000000000700000,0x0000000000800000) (1024K)]

Stack: [0x0000000000700000,0x0000000000800000]
Native frames: (J=compiled Java code, j=interpreted, Vv=VM code, C=native code)
V  [jvm.dll+0x7410c9]  (no source info available)
V  [jvm.dll+0x97def3]  (no source info available)
V  [jvm.dll+0x98021d]  (no source info available)
V  [jvm.dll+0x980893]  (no source info available)
V  [jvm.dll+0x2b5b16]  (no source info available)
V  [jvm.dll+0x73d535]  (no source info available)
V  [jvm.dll+0x730d0a]  (no source info available)
V  [jvm.dll+0x39ea4a]  (no source info available)
V  [jvm.dll+0x3a6746]  (no source info available)
V  [jvm.dll+0x392cb1]  (no source info available)
V  [jvm.dll+0x393374]  (no source info available)
V  [jvm.dll+0x3927c4]  (no source info available)
V  [jvm.dll+0x36838f]  (no source info available)
V  [jvm.dll+0x34a7fc]  (no source info available)
V  [jvm.dll+0x34aa10]  (no source info available)
V  [jvm.dll+0x6e2c26]  (no source info available)
V  [jvm.dll+0x6e1c51]  (no source info available)
V  [jvm.dll+0x6dccc7]  (no source info available)
V  [jvm.dll+0x9406e6]  (no source info available)
V  [jvm.dll+0x4077ad]  (no source info available)
V  [jvm.dll+0x928b1e]  (no source info available)
V  [jvm.dll+0x4a2c4e]  (no source info available)
V  [jvm.dll+0x4a4b81]  (no source info available)
C  [jli.dll+0x52a1]  (no source info available)
C  [ucrtbase.dll+0x37b0]  (no source info available)
C  [KERNEL32.DLL+0x2e8d7]  (no source info available)
C  [ntdll.dll+0x3c34c]  (no source info available)

Lock stack of current Java thread (top to bottom):


---------------  P R O C E S S  ---------------

Threads class SMR info:
_java_thread_list=0x00007ffc9122bf58, length=0, elements={
}

Java Threads: ( => current thread )
Total: 0

Other Threads:
  0x00000000029b4b30 WorkerThread "GC Thread#0"                     [id=1816, stack(0x000000001cee0000,0x000000001cfe0000) (1024K)]
  0x00000000029c9590 ConcurrentGCThread "G1 Main Marker"            [id=21848, stack(0x000000001cfe0000,0x000000001d0e0000) (1024K)]
  0x00000000029cb770 WorkerThread "G1 Conc#0"                       [id=24724, stack(0x000000001d0e0000,0x000000001d1e0000) (1024K)]
  0x000000001fac0160 ConcurrentGCThread "G1 Refine#0"               [id=26376, stack(0x000000001fc70000,0x000000001fd70000) (1024K)]
  0x000000001fac08f0 ConcurrentGCThread "G1 Service"                [id=3488, stack(0x000000001fd70000,0x000000001fe70000) (1024K)]

=>0x00000000004b04d0 (exited) JavaThread "Unknown thread"    [_thread_in_vm, id=23924, stack(0x0000000000700000,0x0000000000800000) (1024K)]
Total: 6

Threads with active compile tasks:
Total: 0

VM state: not at safepoint (not fully initialized)

VM Mutex/Monitor currently owned by a thread:  ([mutex/lock_event])
[0x00007ffc912b50c8] Heap_lock - owner thread: 0x00000000004b04d0

Heap address: 0x0000000082a00000, size: 2006 MB, Compressed Oops mode: 32-bit

CDS archive(s) mapped at: [0x0000000000000000-0x0000000000000000-0x0000000000000000), size 0, SharedBaseAddress: 0x0000000020000000, ArchiveRelocationMode: 1.
Compressed class space mapped at: 0x0000000021000000-0x0000000061000000, reserved size: 1073741824
UseCompressedClassPointers 1, UseCompactObjectHeaders 0
Narrow klass pointer bits 32, Max shift 3
Narrow klass base: 0x0000000020000000, Narrow klass shift: 0
Encoding Range: [0x0000000020000000 - 0x0000000120000000), (4294967296 bytes)
Klass Range:    [0x0000000020000000 - 0x0000000061000000), (1090519040 bytes)
Klass ID Range:  [8 - 1090519033) (1090519025)

GC Precious Log:
 CardTable entry size: 512
 Card Set container configuration: InlinePtr #cards 5 size 8 Array Of Cards #cards 10 size 36 Howl #buckets 4 coarsen threshold 1843 Howl Bitmap #cards 512 size 80 coarsen threshold 460 Card regions per heap region 1 cards per card region 2048
 CPUs: 8 total, 8 available
 Memory: 8022M
 Large Page Support: Disabled
 NUMA Support: Disabled
 Compressed Oops: Enabled (32-bit)
 Heap Region Size: 1M
 Heap Min Capacity: 8M
 Heap Initial Capacity: 126M
 Heap Max Capacity: 2006M
 Pre-touch: Disabled
 Parallel Workers: 8
 Concurrent Workers: 2
 Concurrent Refinement Workers: 8
 Periodic GC: Disabled

Heap:
 garbage-first heap   total reserved 2054144K, committed 129024K, used 0K [0x0000000082a00000, 0x0000000100000000)
  region size 1024K, 0 young (0K), 0 survivors (0K)

[error occurred during error reporting (printing heap information), id 0xc0000005, EXCEPTION_ACCESS_VIOLATION (0xc0000005) at pc=0x00007ffc90cbf8e9]
GC Heap History (0 events):
No events

Dll operation events (1 events):
Event: 0.014 Loaded shared library C:\Program Files\Apache NetBeans\jdk\bin\java.dll

Deoptimization events (0 events):
No events

Classes loaded (0 events):
No events

Classes unloaded (0 events):
No events

Classes redefined (0 events):
No events

Internal exceptions (0 events):
No events

VM Operations (0 events):
No events

Memory protections (0 events):
No events

Nmethod flushes (0 events):
No events

Events (0 events):
No events


Dynamic libraries:
0x00007ff704630000 - 0x00007ff70463e000 	C:\Program Files\Apache NetBeans\jdk\bin\java.exe
0x00007ffd3a860000 - 0x00007ffd3aac8000 	C:\WINDOWS\SYSTEM32\ntdll.dll
0x00007ffd29120000 - 0x00007ffd29140000 	C:\Program Files\Avast Software\Avast\aswhook.dll
0x00007ffd38a70000 - 0x00007ffd38b39000 	C:\WINDOWS\System32\KERNEL32.DLL
0x00007ffd37f40000 - 0x00007ffd3832d000 	C:\WINDOWS\System32\KERNELBASE.dll
0x00007ffd384b0000 - 0x00007ffd385fb000 	C:\WINDOWS\System32\ucrtbase.dll
0x00007ffce9f00000 - 0x00007ffce9f16000 	C:\Program Files\Apache NetBeans\jdk\bin\jli.dll
0x00007ffd38610000 - 0x00007ffd387dc000 	C:\WINDOWS\System32\USER32.dll
0x00007ffd383d0000 - 0x00007ffd383f7000 	C:\WINDOWS\System32\win32u.dll
0x00007ffd3a7f0000 - 0x00007ffd3a81b000 	C:\WINDOWS\System32\GDI32.dll
0x00007ffd37d40000 - 0x00007ffd37e77000 	C:\WINDOWS\System32\gdi32full.dll
0x00007ffd38400000 - 0x00007ffd384a3000 	C:\WINDOWS\System32\msvcp_win.dll
0x00007ffcef7b0000 - 0x00007ffcef7ce000 	C:\Program Files\Apache NetBeans\jdk\bin\VCRUNTIME140.dll
0x00007ffd28b40000 - 0x00007ffd28dda000 	C:\WINDOWS\WinSxS\amd64_microsoft.windows.common-controls_6595b64144ccf1df_6.0.26100.4484_none_3e0e6d4ce32ef3b3\COMCTL32.dll
0x00007ffd38bd0000 - 0x00007ffd38c79000 	C:\WINDOWS\System32\msvcrt.dll
0x00007ffd395b0000 - 0x00007ffd395df000 	C:\WINDOWS\System32\IMM32.DLL
0x00007ffd234b0000 - 0x00007ffd234bc000 	C:\Program Files\Apache NetBeans\jdk\bin\vcruntime140_1.dll
0x00007ffcc64b0000 - 0x00007ffcc653d000 	C:\Program Files\Apache NetBeans\jdk\bin\msvcp140.dll
0x00007ffc90520000 - 0x00007ffc9139c000 	C:\Program Files\Apache NetBeans\jdk\bin\server\jvm.dll
0x00007ffd39d40000 - 0x00007ffd39df4000 	C:\WINDOWS\System32\ADVAPI32.dll
0x00007ffd3a560000 - 0x00007ffd3a606000 	C:\WINDOWS\System32\sechost.dll
0x00007ffd38e40000 - 0x00007ffd38f58000 	C:\WINDOWS\System32\RPCRT4.dll
0x00007ffd387f0000 - 0x00007ffd38864000 	C:\WINDOWS\System32\WS2_32.dll
0x00007ffd37800000 - 0x00007ffd3785e000 	C:\WINDOWS\SYSTEM32\POWRPROF.dll
0x00007ffd19270000 - 0x00007ffd192a5000 	C:\WINDOWS\SYSTEM32\WINMM.dll
0x00007ffd252a0000 - 0x00007ffd252ab000 	C:\WINDOWS\SYSTEM32\VERSION.dll
0x00007ffd377e0000 - 0x00007ffd377f4000 	C:\WINDOWS\SYSTEM32\UMPDC.dll
0x00007ffd36710000 - 0x00007ffd3672b000 	C:\WINDOWS\SYSTEM32\kernel.appcore.dll
0x00007ffd1f4f0000 - 0x00007ffd1f4fa000 	C:\Program Files\Apache NetBeans\jdk\bin\jimage.dll
0x00007ffd32060000 - 0x00007ffd322a1000 	C:\WINDOWS\SYSTEM32\DBGHELP.DLL
0x00007ffd38f60000 - 0x00007ffd392e6000 	C:\WINDOWS\System32\combase.dll
0x00007ffd3a460000 - 0x00007ffd3a540000 	C:\WINDOWS\System32\OLEAUT32.dll
0x00007ffd24430000 - 0x00007ffd24473000 	C:\WINDOWS\SYSTEM32\dbgcore.DLL
0x00007ffd38330000 - 0x00007ffd383c9000 	C:\WINDOWS\System32\bcryptPrimitives.dll
0x00007ffcef6f0000 - 0x00007ffcef70e000 	C:\Program Files\Apache NetBeans\jdk\bin\java.dll
0x00007ffd39400000 - 0x00007ffd3959e000 	C:\WINDOWS\System32\ole32.dll
0x00007ffd395f0000 - 0x00007ffd39d3a000 	C:\WINDOWS\System32\SHELL32.dll
0x00007ffd379b0000 - 0x00007ffd37b24000 	C:\WINDOWS\System32\wintypes.dll

JVMTI agents: none

dbghelp: loaded successfully - version: 4.0.5 - missing functions: none
symbol engine: initialized successfully - sym options: 0x614 - pdb path: .;C:\Program Files\Apache NetBeans\jdk\bin;C:\WINDOWS\SYSTEM32;C:\Program Files\Avast Software\Avast;C:\WINDOWS\WinSxS\amd64_microsoft.windows.common-controls_6595b64144ccf1df_6.0.26100.4484_none_3e0e6d4ce32ef3b3;C:\Program Files\Apache NetBeans\jdk\bin\server

VM Arguments:
jvm_args: -Dfile.encoding=UTF-8 --module-path=C:\Users\MANU TYAGI\Documents\NetBeansProjects\Hotel Management System\build\classes 
java_command: hotel.management.system.Room
java_class_path (initial): C:\Users\MANU TYAGI\Downloads;C:\Users\MANU TYAGI\Documents\mysql-connector-java-8.0.28.jar;C:\Users\MANU TYAGI\Documents\rs2xml.jar;C:\Users\MANU TYAGI\Documents\NetBeansProjects\Hotel Management System\build\classes
Launcher Type: SUN_STANDARD

[Global flags]
     intx CICompilerCount                          = 4                                         {product} {ergonomic}
     uint ConcGCThreads                            = 2                                         {product} {ergonomic}
     uint G1ConcRefinementThreads                  = 8                                         {product} {ergonomic}
   size_t G1HeapRegionSize                         = 1048576                                   {product} {ergonomic}
   size_t InitialHeapSize                          = 132120576                                 {product} {ergonomic}
   size_t MarkStackSize                            = 4194304                                   {product} {ergonomic}
   size_t MarkStackSizeMax                         = 536870912                                 {product} {ergonomic}
   size_t MaxHeapSize                              = 2103443456                                {product} {ergonomic}
   size_t MaxNewSize                               = 1261436928                                {product} {ergonomic}
   size_t MinHeapDeltaBytes                        = 1048576                                   {product} {ergonomic}
   size_t MinHeapSize                              = 8388608                                   {product} {ergonomic}
    uintx NonNMethodCodeHeapSize                   = 5832704                                {pd product} {ergonomic}
    uintx NonProfiledCodeHeapSize                  = 122945536                              {pd product} {ergonomic}
    uintx ProfiledCodeHeapSize                     = 122880000                              {pd product} {ergonomic}
    uintx ReservedCodeCacheSize                    = 251658240                              {pd product} {ergonomic}
     bool SegmentedCodeCache                       = true                                      {product} {ergonomic}
   size_t SoftMaxHeapSize                          = 2103443456                             {manageable} {ergonomic}
     bool UseCompressedOops                        = true                           {product lp64_product} {ergonomic}
     bool UseG1GC                                  = true                                      {product} {ergonomic}
     bool UseLargePagesIndividualAllocation        = false                                  {pd product} {ergonomic}

Logging:
Log output configuration:
 #0: stdout all=warning uptime,level,tags foldmultilines=false
 #1: stderr all=off uptime,level,tags foldmultilines=false

Environment Variables:
PATH=C:\Program Files\Common Files\Oracle\Java\javapath;C:\WINDOWS\system32;C:\WINDOWS;C:\WINDOWS\System32\Wbem;C:\WINDOWS\System32\WindowsPowerShell\v1.0\;C:\WINDOWS\System32\OpenSSH\;C:\MinGW\bin;C:\Program Files\Microsoft SQL Server\Client SDK\ODBC\170\Tools\Binn\;C:\Program Files (x86)\Microsoft SQL Server\150\Tools\Binn\;C:\Program Files\Microsoft SQL Server\150\Tools\Binn\;C:\Program Files\Microsoft SQL Server\150\DTS\Binn\;C:\Program Files\dotnet\;C:\Program Files (x86)\Windows Kits\10\Windows Performance Toolkit\;C:\Program Files\Java\jdk-17\bin;C:\Program Files\MySQL\MySQL Shell 8.0\bin\;C:\Users\MANU TYAGI\AppData\Local\Microsoft\WindowsApps;D:\Microsoft VS Code\bin;
USERNAME=MANU TYAGI
OS=Windows_NT
PROCESSOR_IDENTIFIER=Intel64 Family 6 Model 142 Stepping 12, GenuineIntel
TMP=C:\Users\MANUTY~1\AppData\Local\Temp
TEMP=C:\Users\MANUTY~1\AppData\Local\Temp




Periodic native trim disabled

---------------  S Y S T E M  ---------------

OS:
 Windows 11 , 64 bit Build 26100 (10.0.26100.4484)
OS uptime: 0 days 17:10 hours
Hyper-V role detected

CPU: total 8 (initial active 8) (4 cores per cpu, 2 threads per core) family 6 model 142 stepping 12 microcode 0xde, cx8, cmov, fxsr, ht, mmx, 3dnowpref, sse, sse2, sse3, ssse3, sse4.1, sse4.2, popcnt, lzcnt, tsc, tscinvbit, avx, avx2, aes, erms, clmul, bmi1, bmi2, adx, fma, vzeroupper, clflush, clflushopt, hv, rdtscp, f16c
Processor Information for the first 8 processors :
  Max Mhz: 2112, Current Mhz: 1609, Mhz Limit: 1605

Memory: 4k page, system-wide physical 8022M (1081M free)
TotalPageFile size 19363M (AvailPageFile size 3M)
current process WorkingSet (physical memory assigned to process): 28M, peak: 28M
current process commit charge ("private bytes"): 203M, peak: 204M

vm_info: OpenJDK 64-Bit Server VM (24.0.1+9) for windows-amd64 JRE (24.0.1+9) (Zulu24.30+11-CA), built on 2025-03-21T13:52:34Z with MS VC++ 17.1 (VS2022)

END.
